<?xml version="1.0" encoding="UTF-8"?>
<testsuites name="jest tests" tests="571" failures="121" time="233.022">
  <testsuite name="Validation" errors="0" failures="6" skipped="0" timestamp="2020-03-31T20:35:05" time="19.501" tests="15">
    <testcase classname="Validation validation should fail validation for invalid `hot` configuration" name="Validation validation should fail validation for invalid `hot` configuration" time="0.046">
      <failure>Error: expect(received).toEqual(expected) // deep equality

- Expected  - 1
+ Received  + 2

- webpack Dev Server Invalid Options
+ Invalid configuration object. Object has been initialized using a configuration object that does not match the API schema.
+  - configuration.hot should be a boolean.
    at Object.toEqual (C:\Users\user\Workspace\webpack-dev-server\test\Validation.test.js:79:25)
    at Object.asyncJestTest (C:\Users\user\Workspace\webpack-dev-server\node_modules\jest-jasmine2\build\jasmineAsyncInstall.js:100:37)
    at C:\Users\user\Workspace\webpack-dev-server\node_modules\jest-jasmine2\build\queueRunner.js:45:12
    at new Promise (&lt;anonymous&gt;)
    at mapper (C:\Users\user\Workspace\webpack-dev-server\node_modules\jest-jasmine2\build\queueRunner.js:28:19)
    at C:\Users\user\Workspace\webpack-dev-server\node_modules\jest-jasmine2\build\queueRunner.js:75:41
    at processTicksAndRejections (internal/process/task_queues.js:93:5)</failure>
    </testcase>
    <testcase classname="Validation validation should fail validation for invalid `logLevel` configuration" name="Validation validation should fail validation for invalid `logLevel` configuration" time="0.015">
      <failure>Error: expect(received).toEqual(expected) // deep equality

- Expected  - 1
+ Received  + 3

- webpack Dev Server Invalid Options
+ Invalid configuration object. Object has been initialized using a configuration object that does not match the API schema.
+  - configuration.logLevel should be one of these:
+    &quot;info&quot; | &quot;warn&quot; | &quot;error&quot; | &quot;debug&quot; | &quot;trace&quot; | &quot;silent&quot;
    at Object.toEqual (C:\Users\user\Workspace\webpack-dev-server\test\Validation.test.js:79:25)
    at Object.asyncJestTest (C:\Users\user\Workspace\webpack-dev-server\node_modules\jest-jasmine2\build\jasmineAsyncInstall.js:100:37)
    at C:\Users\user\Workspace\webpack-dev-server\node_modules\jest-jasmine2\build\queueRunner.js:45:12
    at new Promise (&lt;anonymous&gt;)
    at mapper (C:\Users\user\Workspace\webpack-dev-server\node_modules\jest-jasmine2\build\queueRunner.js:28:19)
    at C:\Users\user\Workspace\webpack-dev-server\node_modules\jest-jasmine2\build\queueRunner.js:75:41
    at processTicksAndRejections (internal/process/task_queues.js:93:5)</failure>
    </testcase>
    <testcase classname="Validation validation should fail validation for invalid `writeToDisk` configuration" name="Validation validation should fail validation for invalid `writeToDisk` configuration" time="0.005">
      <failure>Error: expect(received).toEqual(expected) // deep equality

- Expected  - 1
+ Received  + 6

- webpack Dev Server Invalid Options
+ Invalid configuration object. Object has been initialized using a configuration object that does not match the API schema.
+  - configuration.writeToDisk should be one of these:
+    boolean | function
+    Details:
+     * configuration.writeToDisk should be a boolean.
+     * configuration.writeToDisk should be an instance of function.
    at Object.toEqual (C:\Users\user\Workspace\webpack-dev-server\test\Validation.test.js:79:25)
    at Object.asyncJestTest (C:\Users\user\Workspace\webpack-dev-server\node_modules\jest-jasmine2\build\jasmineAsyncInstall.js:100:37)
    at C:\Users\user\Workspace\webpack-dev-server\node_modules\jest-jasmine2\build\queueRunner.js:45:12
    at new Promise (&lt;anonymous&gt;)
    at mapper (C:\Users\user\Workspace\webpack-dev-server\node_modules\jest-jasmine2\build\queueRunner.js:28:19)
    at C:\Users\user\Workspace\webpack-dev-server\node_modules\jest-jasmine2\build\queueRunner.js:75:41
    at processTicksAndRejections (internal/process/task_queues.js:93:5)</failure>
    </testcase>
    <testcase classname="Validation validation should fail validation for invalid `overlay` configuration" name="Validation validation should fail validation for invalid `overlay` configuration" time="0.004">
      <failure>Error: expect(received).toEqual(expected) // deep equality

- Expected  - 1
+ Received  + 2

- webpack Dev Server Invalid Options
+ Invalid configuration object. Object has been initialized using a configuration object that does not match the API schema.
+  - configuration.overlay.errors should be a boolean.
    at Object.toEqual (C:\Users\user\Workspace\webpack-dev-server\test\Validation.test.js:79:25)
    at Object.asyncJestTest (C:\Users\user\Workspace\webpack-dev-server\node_modules\jest-jasmine2\build\jasmineAsyncInstall.js:100:37)
    at C:\Users\user\Workspace\webpack-dev-server\node_modules\jest-jasmine2\build\queueRunner.js:45:12
    at new Promise (&lt;anonymous&gt;)
    at mapper (C:\Users\user\Workspace\webpack-dev-server\node_modules\jest-jasmine2\build\queueRunner.js:28:19)
    at C:\Users\user\Workspace\webpack-dev-server\node_modules\jest-jasmine2\build\queueRunner.js:75:41
    at processTicksAndRejections (internal/process/task_queues.js:93:5)</failure>
    </testcase>
    <testcase classname="Validation validation should fail validation for invalid `contentBase` configuration" name="Validation validation should fail validation for invalid `contentBase` configuration" time="0.005">
      <failure>Error: expect(received).toEqual(expected) // deep equality

- Expected  - 1
+ Received  + 2

- webpack Dev Server Invalid Options
+ Invalid configuration object. Object has been initialized using a configuration object that does not match the API schema.
+  - configuration.contentBase[0] should be a string.
    at Object.toEqual (C:\Users\user\Workspace\webpack-dev-server\test\Validation.test.js:79:25)
    at Object.asyncJestTest (C:\Users\user\Workspace\webpack-dev-server\node_modules\jest-jasmine2\build\jasmineAsyncInstall.js:100:37)
    at C:\Users\user\Workspace\webpack-dev-server\node_modules\jest-jasmine2\build\queueRunner.js:45:12
    at new Promise (&lt;anonymous&gt;)
    at mapper (C:\Users\user\Workspace\webpack-dev-server\node_modules\jest-jasmine2\build\queueRunner.js:28:19)
    at C:\Users\user\Workspace\webpack-dev-server\node_modules\jest-jasmine2\build\queueRunner.js:75:41
    at processTicksAndRejections (internal/process/task_queues.js:93:5)</failure>
    </testcase>
    <testcase classname="Validation validation should fail validation for no additional properties" name="Validation validation should fail validation for no additional properties" time="0.012">
      <failure>Error: expect(received).toEqual(expected) // deep equality

- Expected  - 1
+ Received  + 3

- webpack Dev Server Invalid Options
+ Invalid configuration object. Object has been initialized using a configuration object that does not match the API schema.
+  - configuration has an unknown property &apos;additional&apos;. These properties are valid:
+    object { after?, allowedHosts?, before?, bonjour?, ca?, cert?, clientLogLevel?, compress?, contentBasePublicPath?, contentBase?, disableHostCheck?, features?, filename?, fs?, headers?, historyApiFallback?, host?, hot?, hotOnly?, http2?, https?, index?, injectClient?, injectHot?, inline?, key?, lazy?, liveReload?, log?, logLevel?, logTime?, mimeTypes?, noInfo?, onListening?, open?, openPage?, overlay?, pfx?, pfxPassphrase?, port?, profile?, progress?, proxy?, public?, publicPath?, quiet?, reporter?, requestCert?, serveIndex?, serverSideRender?, setup?, sockHost?, sockPath?, sockPort?, socket?, staticOptions?, stats?, transportMode?, useLocalIp?, warn?, watchContentBase?, watchOptions?, writeToDisk? }
    at Object.toEqual (C:\Users\user\Workspace\webpack-dev-server\test\Validation.test.js:79:25)
    at Object.asyncJestTest (C:\Users\user\Workspace\webpack-dev-server\node_modules\jest-jasmine2\build\jasmineAsyncInstall.js:100:37)
    at C:\Users\user\Workspace\webpack-dev-server\node_modules\jest-jasmine2\build\queueRunner.js:45:12
    at new Promise (&lt;anonymous&gt;)
    at mapper (C:\Users\user\Workspace\webpack-dev-server\node_modules\jest-jasmine2\build\queueRunner.js:28:19)
    at C:\Users\user\Workspace\webpack-dev-server\node_modules\jest-jasmine2\build\queueRunner.js:75:41
    at processTicksAndRejections (internal/process/task_queues.js:93:5)</failure>
    </testcase>
    <testcase classname="Validation filename should allow filename to be a function" name="Validation filename should allow filename to be a function" time="1.284">
    </testcase>
    <testcase classname="Validation checkHost should always allow any host if options.disableHostCheck is set" name="Validation checkHost should always allow any host if options.disableHostCheck is set" time="0.458">
    </testcase>
    <testcase classname="Validation checkHost should allow any valid options.public when host is localhost" name="Validation checkHost should allow any valid options.public when host is localhost" time="0.258">
    </testcase>
    <testcase classname="Validation checkHost should allow any valid options.public when host is 127.0.0.1" name="Validation checkHost should allow any valid options.public when host is 127.0.0.1" time="0.273">
    </testcase>
    <testcase classname="Validation checkHost should allow access for every requests using an IP" name="Validation checkHost should allow access for every requests using an IP" time="0.227">
    </testcase>
    <testcase classname="Validation checkHost should not allow hostnames that don&apos;t match options.public" name="Validation checkHost should not allow hostnames that don&apos;t match options.public" time="0.292">
    </testcase>
    <testcase classname="Validation checkHost should allow urls with scheme for checking origin" name="Validation checkHost should allow urls with scheme for checking origin" time="0.227">
    </testcase>
    <testcase classname="Validation checkHost allowedHosts should allow hosts in allowedHosts" name="Validation checkHost allowedHosts should allow hosts in allowedHosts" time="0.192">
    </testcase>
    <testcase classname="Validation checkHost allowedHosts should allow hosts that pass a wildcard in allowedHosts" name="Validation checkHost allowedHosts should allow hosts that pass a wildcard in allowedHosts" time="0.193">
    </testcase>
  </testsuite>
  <testsuite name="options" errors="0" failures="61" skipped="0" timestamp="2020-03-31T20:35:05" time="68.924" tests="62">
    <testcase classname="options should match properties and errorMessage" name="options should match properties and errorMessage" time="0.006">
    </testcase>
    <testcase classname="options validation after" name="options validation after" time="1.695">
      <failure>Error: expect(received).toBeInstanceOf(expected)

Matcher error: expected value must be a function

Expected has type:  object
Expected has value: {&quot;default&quot;: [Function ValidationError]}
    at toBeInstanceOf (C:\Users\user\Workspace\webpack-dev-server\test\options.test.js:81:27)
    at processTicksAndRejections (internal/process/task_queues.js:93:5)</failure>
    </testcase>
    <testcase classname="options validation before" name="options validation before" time="0.521">
      <failure>Error: expect(received).toBeInstanceOf(expected)

Matcher error: expected value must be a function

Expected has type:  object
Expected has value: {&quot;default&quot;: [Function ValidationError]}
    at toBeInstanceOf (C:\Users\user\Workspace\webpack-dev-server\test\options.test.js:81:27)
    at processTicksAndRejections (internal/process/task_queues.js:93:5)</failure>
    </testcase>
    <testcase classname="options validation allowedHosts" name="options validation allowedHosts" time="0.916">
      <failure>Error: expect(received).toBeInstanceOf(expected)

Matcher error: expected value must be a function

Expected has type:  object
Expected has value: {&quot;default&quot;: [Function ValidationError]}
    at toBeInstanceOf (C:\Users\user\Workspace\webpack-dev-server\test\options.test.js:81:27)
    at runMicrotasks (&lt;anonymous&gt;)
    at processTicksAndRejections (internal/process/task_queues.js:93:5)</failure>
    </testcase>
    <testcase classname="options validation bonjour" name="options validation bonjour" time="0.26">
      <failure>Error: expect(received).toBeInstanceOf(expected)

Matcher error: expected value must be a function

Expected has type:  object
Expected has value: {&quot;default&quot;: [Function ValidationError]}
    at toBeInstanceOf (C:\Users\user\Workspace\webpack-dev-server\test\options.test.js:81:27)
    at runMicrotasks (&lt;anonymous&gt;)
    at processTicksAndRejections (internal/process/task_queues.js:93:5)</failure>
    </testcase>
    <testcase classname="options validation ca" name="options validation ca" time="0.786">
      <failure>Error: expect(received).toBeInstanceOf(expected)

Matcher error: expected value must be a function

Expected has type:  object
Expected has value: {&quot;default&quot;: [Function ValidationError]}
    at toBeInstanceOf (C:\Users\user\Workspace\webpack-dev-server\test\options.test.js:81:27)
    at runMicrotasks (&lt;anonymous&gt;)
    at processTicksAndRejections (internal/process/task_queues.js:93:5)</failure>
    </testcase>
    <testcase classname="options validation cert" name="options validation cert" time="0.588">
      <failure>Error: expect(received).toBeInstanceOf(expected)

Matcher error: expected value must be a function

Expected has type:  object
Expected has value: {&quot;default&quot;: [Function ValidationError]}
    at toBeInstanceOf (C:\Users\user\Workspace\webpack-dev-server\test\options.test.js:81:27)
    at runMicrotasks (&lt;anonymous&gt;)
    at processTicksAndRejections (internal/process/task_queues.js:93:5)</failure>
    </testcase>
    <testcase classname="options validation clientLogLevel" name="options validation clientLogLevel" time="2.756">
      <failure>Error: expect(received).toBeInstanceOf(expected)

Matcher error: expected value must be a function

Expected has type:  object
Expected has value: {&quot;default&quot;: [Function ValidationError]}
    at toBeInstanceOf (C:\Users\user\Workspace\webpack-dev-server\test\options.test.js:81:27)
    at runMicrotasks (&lt;anonymous&gt;)
    at processTicksAndRejections (internal/process/task_queues.js:93:5)</failure>
    </testcase>
    <testcase classname="options validation compress" name="options validation compress" time="0.204">
      <failure>Error: expect(received).toBeInstanceOf(expected)

Matcher error: expected value must be a function

Expected has type:  object
Expected has value: {&quot;default&quot;: [Function ValidationError]}
    at toBeInstanceOf (C:\Users\user\Workspace\webpack-dev-server\test\options.test.js:81:27)
    at runMicrotasks (&lt;anonymous&gt;)
    at processTicksAndRejections (internal/process/task_queues.js:93:5)</failure>
    </testcase>
    <testcase classname="options validation contentBase" name="options validation contentBase" time="0.683">
      <failure>Error: expect(received).toBeInstanceOf(expected)

Matcher error: expected value must be a function

Expected has type:  object
Expected has value: {&quot;default&quot;: [Function ValidationError]}
    at toBeInstanceOf (C:\Users\user\Workspace\webpack-dev-server\test\options.test.js:81:27)
    at runMicrotasks (&lt;anonymous&gt;)
    at processTicksAndRejections (internal/process/task_queues.js:93:5)</failure>
    </testcase>
    <testcase classname="options validation disableHostCheck" name="options validation disableHostCheck" time="0.242">
      <failure>Error: expect(received).toBeInstanceOf(expected)

Matcher error: expected value must be a function

Expected has type:  object
Expected has value: {&quot;default&quot;: [Function ValidationError]}
    at toBeInstanceOf (C:\Users\user\Workspace\webpack-dev-server\test\options.test.js:81:27)
    at runMicrotasks (&lt;anonymous&gt;)
    at processTicksAndRejections (internal/process/task_queues.js:93:5)</failure>
    </testcase>
    <testcase classname="options validation features" name="options validation features" time="0.514">
      <failure>Error: expect(received).toBeInstanceOf(expected)

Matcher error: expected value must be a function

Expected has type:  object
Expected has value: {&quot;default&quot;: [Function ValidationError]}
    at toBeInstanceOf (C:\Users\user\Workspace\webpack-dev-server\test\options.test.js:81:27)
    at runMicrotasks (&lt;anonymous&gt;)
    at processTicksAndRejections (internal/process/task_queues.js:93:5)</failure>
    </testcase>
    <testcase classname="options validation filename" name="options validation filename" time="0.895">
      <failure>Error: expect(received).toBeInstanceOf(expected)

Matcher error: expected value must be a function

Expected has type:  object
Expected has value: {&quot;default&quot;: [Function ValidationError]}
    at toBeInstanceOf (C:\Users\user\Workspace\webpack-dev-server\test\options.test.js:81:27)
    at runMicrotasks (&lt;anonymous&gt;)
    at processTicksAndRejections (internal/process/task_queues.js:93:5)</failure>
    </testcase>
    <testcase classname="options validation fs" name="options validation fs" time="0.29">
      <failure>Error: expect(received).toBeInstanceOf(expected)

Matcher error: expected value must be a function

Expected has type:  object
Expected has value: {&quot;default&quot;: [Function ValidationError]}
    at toBeInstanceOf (C:\Users\user\Workspace\webpack-dev-server\test\options.test.js:81:27)
    at runMicrotasks (&lt;anonymous&gt;)
    at processTicksAndRejections (internal/process/task_queues.js:93:5)</failure>
    </testcase>
    <testcase classname="options validation headers" name="options validation headers" time="0.203">
      <failure>Error: expect(received).toBeInstanceOf(expected)

Matcher error: expected value must be a function

Expected has type:  object
Expected has value: {&quot;default&quot;: [Function ValidationError]}
    at toBeInstanceOf (C:\Users\user\Workspace\webpack-dev-server\test\options.test.js:81:27)
    at runMicrotasks (&lt;anonymous&gt;)
    at processTicksAndRejections (internal/process/task_queues.js:93:5)</failure>
    </testcase>
    <testcase classname="options validation historyApiFallback" name="options validation historyApiFallback" time="0.549">
      <failure>Error: expect(received).toBeInstanceOf(expected)

Matcher error: expected value must be a function

Expected has type:  object
Expected has value: {&quot;default&quot;: [Function ValidationError]}
    at toBeInstanceOf (C:\Users\user\Workspace\webpack-dev-server\test\options.test.js:81:27)
    at runMicrotasks (&lt;anonymous&gt;)
    at processTicksAndRejections (internal/process/task_queues.js:93:5)</failure>
    </testcase>
    <testcase classname="options validation host" name="options validation host" time="0.382">
      <failure>Error: expect(received).toBeInstanceOf(expected)

Matcher error: expected value must be a function

Expected has type:  object
Expected has value: {&quot;default&quot;: [Function ValidationError]}
    at toBeInstanceOf (C:\Users\user\Workspace\webpack-dev-server\test\options.test.js:81:27)
    at runMicrotasks (&lt;anonymous&gt;)
    at processTicksAndRejections (internal/process/task_queues.js:93:5)</failure>
    </testcase>
    <testcase classname="options validation hot" name="options validation hot" time="0.253">
      <failure>Error: expect(received).toBeInstanceOf(expected)

Matcher error: expected value must be a function

Expected has type:  object
Expected has value: {&quot;default&quot;: [Function ValidationError]}
    at toBeInstanceOf (C:\Users\user\Workspace\webpack-dev-server\test\options.test.js:81:27)
    at runMicrotasks (&lt;anonymous&gt;)
    at processTicksAndRejections (internal/process/task_queues.js:93:5)</failure>
    </testcase>
    <testcase classname="options validation hotOnly" name="options validation hotOnly" time="0.249">
      <failure>Error: expect(received).toBeInstanceOf(expected)

Matcher error: expected value must be a function

Expected has type:  object
Expected has value: {&quot;default&quot;: [Function ValidationError]}
    at toBeInstanceOf (C:\Users\user\Workspace\webpack-dev-server\test\options.test.js:81:27)
    at runMicrotasks (&lt;anonymous&gt;)
    at processTicksAndRejections (internal/process/task_queues.js:93:5)</failure>
    </testcase>
    <testcase classname="options validation http2" name="options validation http2" time="0.541">
      <failure>Error: expect(received).toBeInstanceOf(expected)

Matcher error: expected value must be a function

Expected has type:  object
Expected has value: {&quot;default&quot;: [Function ValidationError]}
    at toBeInstanceOf (C:\Users\user\Workspace\webpack-dev-server\test\options.test.js:81:27)
    at runMicrotasks (&lt;anonymous&gt;)
    at processTicksAndRejections (internal/process/task_queues.js:93:5)</failure>
    </testcase>
    <testcase classname="options validation https" name="options validation https" time="0.454">
      <failure>Error: expect(received).toBeInstanceOf(expected)

Matcher error: expected value must be a function

Expected has type:  object
Expected has value: {&quot;default&quot;: [Function ValidationError]}
    at toBeInstanceOf (C:\Users\user\Workspace\webpack-dev-server\test\options.test.js:81:27)
    at runMicrotasks (&lt;anonymous&gt;)
    at processTicksAndRejections (internal/process/task_queues.js:93:5)</failure>
    </testcase>
    <testcase classname="options validation index" name="options validation index" time="0.229">
      <failure>Error: expect(received).toBeInstanceOf(expected)

Matcher error: expected value must be a function

Expected has type:  object
Expected has value: {&quot;default&quot;: [Function ValidationError]}
    at toBeInstanceOf (C:\Users\user\Workspace\webpack-dev-server\test\options.test.js:81:27)
    at runMicrotasks (&lt;anonymous&gt;)
    at processTicksAndRejections (internal/process/task_queues.js:93:5)</failure>
    </testcase>
    <testcase classname="options validation injectClient" name="options validation injectClient" time="0.33">
      <failure>Error: expect(received).toBeInstanceOf(expected)

Matcher error: expected value must be a function

Expected has type:  object
Expected has value: {&quot;default&quot;: [Function ValidationError]}
    at toBeInstanceOf (C:\Users\user\Workspace\webpack-dev-server\test\options.test.js:81:27)
    at runMicrotasks (&lt;anonymous&gt;)
    at processTicksAndRejections (internal/process/task_queues.js:93:5)</failure>
    </testcase>
    <testcase classname="options validation injectHot" name="options validation injectHot" time="0.603">
      <failure>Error: expect(received).toBeInstanceOf(expected)

Matcher error: expected value must be a function

Expected has type:  object
Expected has value: {&quot;default&quot;: [Function ValidationError]}
    at toBeInstanceOf (C:\Users\user\Workspace\webpack-dev-server\test\options.test.js:81:27)
    at runMicrotasks (&lt;anonymous&gt;)
    at processTicksAndRejections (internal/process/task_queues.js:93:5)</failure>
    </testcase>
    <testcase classname="options validation inline" name="options validation inline" time="0.2">
      <failure>Error: expect(received).toBeInstanceOf(expected)

Matcher error: expected value must be a function

Expected has type:  object
Expected has value: {&quot;default&quot;: [Function ValidationError]}
    at toBeInstanceOf (C:\Users\user\Workspace\webpack-dev-server\test\options.test.js:81:27)
    at runMicrotasks (&lt;anonymous&gt;)
    at processTicksAndRejections (internal/process/task_queues.js:93:5)</failure>
    </testcase>
    <testcase classname="options validation key" name="options validation key" time="0.405">
      <failure>Error: expect(received).toBeInstanceOf(expected)

Matcher error: expected value must be a function

Expected has type:  object
Expected has value: {&quot;default&quot;: [Function ValidationError]}
    at toBeInstanceOf (C:\Users\user\Workspace\webpack-dev-server\test\options.test.js:81:27)
    at runMicrotasks (&lt;anonymous&gt;)
    at processTicksAndRejections (internal/process/task_queues.js:93:5)</failure>
    </testcase>
    <testcase classname="options validation lazy" name="options validation lazy" time="0.019">
      <failure>Error: expect(received).toBeInstanceOf(expected)

Matcher error: expected value must be a function

Expected has type:  object
Expected has value: {&quot;default&quot;: [Function ValidationError]}
    at toBeInstanceOf (C:\Users\user\Workspace\webpack-dev-server\test\options.test.js:81:27)
    at runMicrotasks (&lt;anonymous&gt;)
    at processTicksAndRejections (internal/process/task_queues.js:93:5)</failure>
    </testcase>
    <testcase classname="options validation log" name="options validation log" time="0.265">
      <failure>Error: expect(received).toBeInstanceOf(expected)

Matcher error: expected value must be a function

Expected has type:  object
Expected has value: {&quot;default&quot;: [Function ValidationError]}
    at toBeInstanceOf (C:\Users\user\Workspace\webpack-dev-server\test\options.test.js:81:27)
    at runMicrotasks (&lt;anonymous&gt;)
    at processTicksAndRejections (internal/process/task_queues.js:93:5)</failure>
    </testcase>
    <testcase classname="options validation logLevel" name="options validation logLevel" time="1.294">
      <failure>Error: expect(received).toBeInstanceOf(expected)

Matcher error: expected value must be a function

Expected has type:  object
Expected has value: {&quot;default&quot;: [Function ValidationError]}
    at toBeInstanceOf (C:\Users\user\Workspace\webpack-dev-server\test\options.test.js:81:27)
    at runMicrotasks (&lt;anonymous&gt;)
    at processTicksAndRejections (internal/process/task_queues.js:93:5)</failure>
    </testcase>
    <testcase classname="options validation logTime" name="options validation logTime" time="0.241">
      <failure>Error: expect(received).toBeInstanceOf(expected)

Matcher error: expected value must be a function

Expected has type:  object
Expected has value: {&quot;default&quot;: [Function ValidationError]}
    at toBeInstanceOf (C:\Users\user\Workspace\webpack-dev-server\test\options.test.js:81:27)
    at runMicrotasks (&lt;anonymous&gt;)
    at processTicksAndRejections (internal/process/task_queues.js:93:5)</failure>
    </testcase>
    <testcase classname="options validation mimeTypes" name="options validation mimeTypes" time="0.331">
      <failure>Error: expect(received).toBeInstanceOf(expected)

Matcher error: expected value must be a function

Expected has type:  object
Expected has value: {&quot;default&quot;: [Function ValidationError]}
    at toBeInstanceOf (C:\Users\user\Workspace\webpack-dev-server\test\options.test.js:81:27)
    at runMicrotasks (&lt;anonymous&gt;)
    at processTicksAndRejections (internal/process/task_queues.js:93:5)</failure>
    </testcase>
    <testcase classname="options validation noInfo" name="options validation noInfo" time="0.291">
      <failure>Error: expect(received).toBeInstanceOf(expected)

Matcher error: expected value must be a function

Expected has type:  object
Expected has value: {&quot;default&quot;: [Function ValidationError]}
    at toBeInstanceOf (C:\Users\user\Workspace\webpack-dev-server\test\options.test.js:81:27)
    at runMicrotasks (&lt;anonymous&gt;)
    at processTicksAndRejections (internal/process/task_queues.js:93:5)</failure>
    </testcase>
    <testcase classname="options validation onListening" name="options validation onListening" time="0.237">
      <failure>Error: expect(received).toBeInstanceOf(expected)

Matcher error: expected value must be a function

Expected has type:  object
Expected has value: {&quot;default&quot;: [Function ValidationError]}
    at toBeInstanceOf (C:\Users\user\Workspace\webpack-dev-server\test\options.test.js:81:27)
    at runMicrotasks (&lt;anonymous&gt;)
    at processTicksAndRejections (internal/process/task_queues.js:93:5)</failure>
    </testcase>
    <testcase classname="options validation open" name="options validation open" time="0.422">
      <failure>Error: expect(received).toBeInstanceOf(expected)

Matcher error: expected value must be a function

Expected has type:  object
Expected has value: {&quot;default&quot;: [Function ValidationError]}
    at toBeInstanceOf (C:\Users\user\Workspace\webpack-dev-server\test\options.test.js:81:27)
    at runMicrotasks (&lt;anonymous&gt;)
    at processTicksAndRejections (internal/process/task_queues.js:93:5)</failure>
    </testcase>
    <testcase classname="options validation openPage" name="options validation openPage" time="0.222">
      <failure>Error: expect(received).toBeInstanceOf(expected)

Matcher error: expected value must be a function

Expected has type:  object
Expected has value: {&quot;default&quot;: [Function ValidationError]}
    at toBeInstanceOf (C:\Users\user\Workspace\webpack-dev-server\test\options.test.js:81:27)
    at runMicrotasks (&lt;anonymous&gt;)
    at processTicksAndRejections (internal/process/task_queues.js:93:5)</failure>
    </testcase>
    <testcase classname="options validation overlay" name="options validation overlay" time="1.143">
      <failure>Error: expect(received).toBeInstanceOf(expected)

Matcher error: expected value must be a function

Expected has type:  object
Expected has value: {&quot;default&quot;: [Function ValidationError]}
    at toBeInstanceOf (C:\Users\user\Workspace\webpack-dev-server\test\options.test.js:81:27)
    at runMicrotasks (&lt;anonymous&gt;)
    at processTicksAndRejections (internal/process/task_queues.js:93:5)</failure>
    </testcase>
    <testcase classname="options validation pfx" name="options validation pfx" time="0.657">
      <failure>Error: expect(received).toBeInstanceOf(expected)

Matcher error: expected value must be a function

Expected has type:  object
Expected has value: {&quot;default&quot;: [Function ValidationError]}
    at toBeInstanceOf (C:\Users\user\Workspace\webpack-dev-server\test\options.test.js:81:27)
    at runMicrotasks (&lt;anonymous&gt;)
    at processTicksAndRejections (internal/process/task_queues.js:93:5)</failure>
    </testcase>
    <testcase classname="options validation pfxPassphrase" name="options validation pfxPassphrase" time="0.309">
      <failure>Error: expect(received).toBeInstanceOf(expected)

Matcher error: expected value must be a function

Expected has type:  object
Expected has value: {&quot;default&quot;: [Function ValidationError]}
    at toBeInstanceOf (C:\Users\user\Workspace\webpack-dev-server\test\options.test.js:81:27)
    at runMicrotasks (&lt;anonymous&gt;)
    at processTicksAndRejections (internal/process/task_queues.js:93:5)</failure>
    </testcase>
    <testcase classname="options validation port" name="options validation port" time="0.664">
      <failure>Error: expect(received).toBeInstanceOf(expected)

Matcher error: expected value must be a function

Expected has type:  object
Expected has value: {&quot;default&quot;: [Function ValidationError]}
    at toBeInstanceOf (C:\Users\user\Workspace\webpack-dev-server\test\options.test.js:81:27)
    at runMicrotasks (&lt;anonymous&gt;)
    at processTicksAndRejections (internal/process/task_queues.js:93:5)</failure>
    </testcase>
    <testcase classname="options validation profile" name="options validation profile" time="0.194">
      <failure>Error: expect(received).toBeInstanceOf(expected)

Matcher error: expected value must be a function

Expected has type:  object
Expected has value: {&quot;default&quot;: [Function ValidationError]}
    at toBeInstanceOf (C:\Users\user\Workspace\webpack-dev-server\test\options.test.js:81:27)
    at runMicrotasks (&lt;anonymous&gt;)
    at processTicksAndRejections (internal/process/task_queues.js:93:5)</failure>
    </testcase>
    <testcase classname="options validation progress" name="options validation progress" time="0.206">
      <failure>Error: expect(received).toBeInstanceOf(expected)

Matcher error: expected value must be a function

Expected has type:  object
Expected has value: {&quot;default&quot;: [Function ValidationError]}
    at toBeInstanceOf (C:\Users\user\Workspace\webpack-dev-server\test\options.test.js:81:27)
    at runMicrotasks (&lt;anonymous&gt;)
    at processTicksAndRejections (internal/process/task_queues.js:93:5)</failure>
    </testcase>
    <testcase classname="options validation proxy" name="options validation proxy" time="0.035">
      <failure>Error: expect(received).toBeTruthy()

Received: false
    at toBeTruthy (C:\Users\user\Workspace\webpack-dev-server\test\options.test.js:83:29)
    at runMicrotasks (&lt;anonymous&gt;)
    at processTicksAndRejections (internal/process/task_queues.js:93:5)</failure>
    </testcase>
    <testcase classname="options validation public" name="options validation public" time="2.741">
      <failure>Error: expect(received).toBeInstanceOf(expected)

Matcher error: expected value must be a function

Expected has type:  object
Expected has value: {&quot;default&quot;: [Function ValidationError]}
    at toBeInstanceOf (C:\Users\user\Workspace\webpack-dev-server\test\options.test.js:81:27)
    at runMicrotasks (&lt;anonymous&gt;)
    at processTicksAndRejections (internal/process/task_queues.js:93:5)</failure>
    </testcase>
    <testcase classname="options validation publicPath" name="options validation publicPath" time="0.514">
      <failure>Error: expect(received).toBeInstanceOf(expected)

Matcher error: expected value must be a function

Expected has type:  object
Expected has value: {&quot;default&quot;: [Function ValidationError]}
    at toBeInstanceOf (C:\Users\user\Workspace\webpack-dev-server\test\options.test.js:81:27)
    at processTicksAndRejections (internal/process/task_queues.js:93:5)</failure>
    </testcase>
    <testcase classname="options validation quiet" name="options validation quiet" time="0.296">
      <failure>Error: expect(received).toBeInstanceOf(expected)

Matcher error: expected value must be a function

Expected has type:  object
Expected has value: {&quot;default&quot;: [Function ValidationError]}
    at toBeInstanceOf (C:\Users\user\Workspace\webpack-dev-server\test\options.test.js:81:27)
    at processTicksAndRejections (internal/process/task_queues.js:93:5)</failure>
    </testcase>
    <testcase classname="options validation reporter" name="options validation reporter" time="0.192">
      <failure>Error: expect(received).toBeInstanceOf(expected)

Matcher error: expected value must be a function

Expected has type:  object
Expected has value: {&quot;default&quot;: [Function ValidationError]}
    at toBeInstanceOf (C:\Users\user\Workspace\webpack-dev-server\test\options.test.js:81:27)
    at runMicrotasks (&lt;anonymous&gt;)
    at processTicksAndRejections (internal/process/task_queues.js:93:5)</failure>
    </testcase>
    <testcase classname="options validation requestCert" name="options validation requestCert" time="0.201">
      <failure>Error: expect(received).toBeInstanceOf(expected)

Matcher error: expected value must be a function

Expected has type:  object
Expected has value: {&quot;default&quot;: [Function ValidationError]}
    at toBeInstanceOf (C:\Users\user\Workspace\webpack-dev-server\test\options.test.js:81:27)
    at runMicrotasks (&lt;anonymous&gt;)
    at processTicksAndRejections (internal/process/task_queues.js:93:5)</failure>
    </testcase>
    <testcase classname="options validation serveIndex" name="options validation serveIndex" time="0.206">
      <failure>Error: expect(received).toBeInstanceOf(expected)

Matcher error: expected value must be a function

Expected has type:  object
Expected has value: {&quot;default&quot;: [Function ValidationError]}
    at toBeInstanceOf (C:\Users\user\Workspace\webpack-dev-server\test\options.test.js:81:27)
    at runMicrotasks (&lt;anonymous&gt;)
    at processTicksAndRejections (internal/process/task_queues.js:93:5)</failure>
    </testcase>
    <testcase classname="options validation serverSideRender" name="options validation serverSideRender" time="0.225">
      <failure>Error: expect(received).toBeInstanceOf(expected)

Matcher error: expected value must be a function

Expected has type:  object
Expected has value: {&quot;default&quot;: [Function ValidationError]}
    at toBeInstanceOf (C:\Users\user\Workspace\webpack-dev-server\test\options.test.js:81:27)
    at runMicrotasks (&lt;anonymous&gt;)
    at processTicksAndRejections (internal/process/task_queues.js:93:5)</failure>
    </testcase>
    <testcase classname="options validation setup" name="options validation setup" time="0.238">
      <failure>Error: expect(received).toBeInstanceOf(expected)

Matcher error: expected value must be a function

Expected has type:  object
Expected has value: {&quot;default&quot;: [Function ValidationError]}
    at toBeInstanceOf (C:\Users\user\Workspace\webpack-dev-server\test\options.test.js:81:27)
    at runMicrotasks (&lt;anonymous&gt;)
    at processTicksAndRejections (internal/process/task_queues.js:93:5)</failure>
    </testcase>
    <testcase classname="options validation socket" name="options validation socket" time="0.236">
      <failure>Error: expect(received).toBeInstanceOf(expected)

Matcher error: expected value must be a function

Expected has type:  object
Expected has value: {&quot;default&quot;: [Function ValidationError]}
    at toBeInstanceOf (C:\Users\user\Workspace\webpack-dev-server\test\options.test.js:81:27)
    at runMicrotasks (&lt;anonymous&gt;)
    at processTicksAndRejections (internal/process/task_queues.js:93:5)</failure>
    </testcase>
    <testcase classname="options validation sockHost" name="options validation sockHost" time="0.196">
      <failure>Error: expect(received).toBeInstanceOf(expected)

Matcher error: expected value must be a function

Expected has type:  object
Expected has value: {&quot;default&quot;: [Function ValidationError]}
    at toBeInstanceOf (C:\Users\user\Workspace\webpack-dev-server\test\options.test.js:81:27)
    at runMicrotasks (&lt;anonymous&gt;)
    at processTicksAndRejections (internal/process/task_queues.js:93:5)</failure>
    </testcase>
    <testcase classname="options validation sockPath" name="options validation sockPath" time="0.221">
      <failure>Error: expect(received).toBeInstanceOf(expected)

Matcher error: expected value must be a function

Expected has type:  object
Expected has value: {&quot;default&quot;: [Function ValidationError]}
    at toBeInstanceOf (C:\Users\user\Workspace\webpack-dev-server\test\options.test.js:81:27)
    at runMicrotasks (&lt;anonymous&gt;)
    at processTicksAndRejections (internal/process/task_queues.js:93:5)</failure>
    </testcase>
    <testcase classname="options validation sockPort" name="options validation sockPort" time="0.643">
      <failure>Error: expect(received).toBeInstanceOf(expected)

Matcher error: expected value must be a function

Expected has type:  object
Expected has value: {&quot;default&quot;: [Function ValidationError]}
    at toBeInstanceOf (C:\Users\user\Workspace\webpack-dev-server\test\options.test.js:81:27)
    at runMicrotasks (&lt;anonymous&gt;)
    at processTicksAndRejections (internal/process/task_queues.js:93:5)</failure>
    </testcase>
    <testcase classname="options validation staticOptions" name="options validation staticOptions" time="0.193">
      <failure>Error: expect(received).toBeInstanceOf(expected)

Matcher error: expected value must be a function

Expected has type:  object
Expected has value: {&quot;default&quot;: [Function ValidationError]}
    at toBeInstanceOf (C:\Users\user\Workspace\webpack-dev-server\test\options.test.js:81:27)
    at runMicrotasks (&lt;anonymous&gt;)
    at processTicksAndRejections (internal/process/task_queues.js:93:5)</failure>
    </testcase>
    <testcase classname="options validation stats" name="options validation stats" time="1.759">
      <failure>Error: expect(received).toBeInstanceOf(expected)

Matcher error: expected value must be a function

Expected has type:  object
Expected has value: {&quot;default&quot;: [Function ValidationError]}
    at toBeInstanceOf (C:\Users\user\Workspace\webpack-dev-server\test\options.test.js:81:27)
    at runMicrotasks (&lt;anonymous&gt;)
    at processTicksAndRejections (internal/process/task_queues.js:93:5)</failure>
    </testcase>
    <testcase classname="options validation transportMode" name="options validation transportMode" time="1.836">
      <failure>Error: expect(received).toBeInstanceOf(expected)

Matcher error: expected value must be a function

Expected has type:  object
Expected has value: {&quot;default&quot;: [Function ValidationError]}
    at toBeInstanceOf (C:\Users\user\Workspace\webpack-dev-server\test\options.test.js:81:27)
    at runMicrotasks (&lt;anonymous&gt;)
    at processTicksAndRejections (internal/process/task_queues.js:93:5)</failure>
    </testcase>
    <testcase classname="options validation useLocalIp" name="options validation useLocalIp" time="0.203">
      <failure>Error: expect(received).toBeInstanceOf(expected)

Matcher error: expected value must be a function

Expected has type:  object
Expected has value: {&quot;default&quot;: [Function ValidationError]}
    at toBeInstanceOf (C:\Users\user\Workspace\webpack-dev-server\test\options.test.js:81:27)
    at runMicrotasks (&lt;anonymous&gt;)
    at processTicksAndRejections (internal/process/task_queues.js:93:5)</failure>
    </testcase>
    <testcase classname="options validation warn" name="options validation warn" time="0.206">
      <failure>Error: expect(received).toBeInstanceOf(expected)

Matcher error: expected value must be a function

Expected has type:  object
Expected has value: {&quot;default&quot;: [Function ValidationError]}
    at toBeInstanceOf (C:\Users\user\Workspace\webpack-dev-server\test\options.test.js:81:27)
    at runMicrotasks (&lt;anonymous&gt;)
    at processTicksAndRejections (internal/process/task_queues.js:93:5)</failure>
    </testcase>
    <testcase classname="options validation watchContentBase" name="options validation watchContentBase" time="0.247">
      <failure>Error: expect(received).toBeInstanceOf(expected)

Matcher error: expected value must be a function

Expected has type:  object
Expected has value: {&quot;default&quot;: [Function ValidationError]}
    at toBeInstanceOf (C:\Users\user\Workspace\webpack-dev-server\test\options.test.js:81:27)
    at runMicrotasks (&lt;anonymous&gt;)
    at processTicksAndRejections (internal/process/task_queues.js:93:5)</failure>
    </testcase>
    <testcase classname="options validation watchOptions" name="options validation watchOptions" time="0.259">
      <failure>Error: expect(received).toBeInstanceOf(expected)

Matcher error: expected value must be a function

Expected has type:  object
Expected has value: {&quot;default&quot;: [Function ValidationError]}
    at toBeInstanceOf (C:\Users\user\Workspace\webpack-dev-server\test\options.test.js:81:27)
    at runMicrotasks (&lt;anonymous&gt;)
    at processTicksAndRejections (internal/process/task_queues.js:93:5)</failure>
    </testcase>
    <testcase classname="options validation writeToDisk" name="options validation writeToDisk" time="0.419">
      <failure>Error: expect(received).toBeInstanceOf(expected)

Matcher error: expected value must be a function

Expected has type:  object
Expected has value: {&quot;default&quot;: [Function ValidationError]}
    at toBeInstanceOf (C:\Users\user\Workspace\webpack-dev-server\test\options.test.js:81:27)
    at runMicrotasks (&lt;anonymous&gt;)
    at processTicksAndRejections (internal/process/task_queues.js:93:5)</failure>
    </testcase>
  </testsuite>
  <testsuite name="index" errors="0" failures="13" skipped="1" timestamp="2020-03-31T20:36:16" time="0.532" tests="14">
    <testcase classname="index should set arguments into socket function" name="index should set arguments into socket function" time="0.003">
      <failure>TypeError: Cannot assign to read only property &apos;reload&apos; of object &apos;[object Location]&apos;
    at Object.&lt;anonymous&gt; (C:\Users\user\Workspace\webpack-dev-server\test\client\index.test.js:20:5)
    at Object.asyncJestLifecycle (C:\Users\user\Workspace\webpack-dev-server\node_modules\jest-jasmine2\build\jasmineAsyncInstall.js:53:37)
    at C:\Users\user\Workspace\webpack-dev-server\node_modules\jest-jasmine2\build\queueRunner.js:45:12
    at new Promise (&lt;anonymous&gt;)
    at mapper (C:\Users\user\Workspace\webpack-dev-server\node_modules\jest-jasmine2\build\queueRunner.js:28:19)
    at C:\Users\user\Workspace\webpack-dev-server\node_modules\jest-jasmine2\build\queueRunner.js:75:41
    at processTicksAndRejections (internal/process/task_queues.js:93:5)</failure>
      <failure>TypeError: Cannot read property &apos;mock&apos; of undefined
    at Object.mock (C:\Users\user\Workspace\webpack-dev-server\test\client\index.test.js:69:19)
    at Object.asyncJestTest (C:\Users\user\Workspace\webpack-dev-server\node_modules\jest-jasmine2\build\jasmineAsyncInstall.js:100:37)
    at C:\Users\user\Workspace\webpack-dev-server\node_modules\jest-jasmine2\build\queueRunner.js:45:12
    at new Promise (&lt;anonymous&gt;)
    at mapper (C:\Users\user\Workspace\webpack-dev-server\node_modules\jest-jasmine2\build\queueRunner.js:28:19)
    at C:\Users\user\Workspace\webpack-dev-server\node_modules\jest-jasmine2\build\queueRunner.js:75:41
    at processTicksAndRejections (internal/process/task_queues.js:93:5)</failure>
    </testcase>
    <testcase classname="index should run onSocketMessage.hot" name="index should run onSocketMessage.hot" time="0.002">
      <failure>TypeError: Cannot assign to read only property &apos;reload&apos; of object &apos;[object Location]&apos;
    at Object.&lt;anonymous&gt; (C:\Users\user\Workspace\webpack-dev-server\test\client\index.test.js:20:5)
    at Object.asyncJestLifecycle (C:\Users\user\Workspace\webpack-dev-server\node_modules\jest-jasmine2\build\jasmineAsyncInstall.js:53:37)
    at C:\Users\user\Workspace\webpack-dev-server\node_modules\jest-jasmine2\build\queueRunner.js:45:12
    at new Promise (&lt;anonymous&gt;)
    at mapper (C:\Users\user\Workspace\webpack-dev-server\node_modules\jest-jasmine2\build\queueRunner.js:28:19)
    at C:\Users\user\Workspace\webpack-dev-server\node_modules\jest-jasmine2\build\queueRunner.js:75:41
    at processTicksAndRejections (internal/process/task_queues.js:93:5)</failure>
      <failure>TypeError: Cannot read property &apos;hot&apos; of undefined
    at Object.hot (C:\Users\user\Workspace\webpack-dev-server\test\client\index.test.js:73:21)
    at Object.asyncJestTest (C:\Users\user\Workspace\webpack-dev-server\node_modules\jest-jasmine2\build\jasmineAsyncInstall.js:100:37)
    at C:\Users\user\Workspace\webpack-dev-server\node_modules\jest-jasmine2\build\queueRunner.js:45:12
    at new Promise (&lt;anonymous&gt;)
    at mapper (C:\Users\user\Workspace\webpack-dev-server\node_modules\jest-jasmine2\build\queueRunner.js:28:19)
    at C:\Users\user\Workspace\webpack-dev-server\node_modules\jest-jasmine2\build\queueRunner.js:75:41
    at processTicksAndRejections (internal/process/task_queues.js:93:5)</failure>
    </testcase>
    <testcase classname="index should run onSocketMessage.liveReload" name="index should run onSocketMessage.liveReload" time="0.001">
      <failure>TypeError: Cannot assign to read only property &apos;reload&apos; of object &apos;[object Location]&apos;
    at Object.&lt;anonymous&gt; (C:\Users\user\Workspace\webpack-dev-server\test\client\index.test.js:20:5)
    at Object.asyncJestLifecycle (C:\Users\user\Workspace\webpack-dev-server\node_modules\jest-jasmine2\build\jasmineAsyncInstall.js:53:37)
    at C:\Users\user\Workspace\webpack-dev-server\node_modules\jest-jasmine2\build\queueRunner.js:45:12
    at new Promise (&lt;anonymous&gt;)
    at mapper (C:\Users\user\Workspace\webpack-dev-server\node_modules\jest-jasmine2\build\queueRunner.js:28:19)
    at C:\Users\user\Workspace\webpack-dev-server\node_modules\jest-jasmine2\build\queueRunner.js:75:41
    at processTicksAndRejections (internal/process/task_queues.js:93:5)</failure>
      <failure>TypeError: Cannot read property &apos;liveReload&apos; of undefined
    at Object.liveReload (C:\Users\user\Workspace\webpack-dev-server\test\client\index.test.js:78:21)
    at Object.asyncJestTest (C:\Users\user\Workspace\webpack-dev-server\node_modules\jest-jasmine2\build\jasmineAsyncInstall.js:100:37)
    at C:\Users\user\Workspace\webpack-dev-server\node_modules\jest-jasmine2\build\queueRunner.js:45:12
    at new Promise (&lt;anonymous&gt;)
    at mapper (C:\Users\user\Workspace\webpack-dev-server\node_modules\jest-jasmine2\build\queueRunner.js:28:19)
    at C:\Users\user\Workspace\webpack-dev-server\node_modules\jest-jasmine2\build\queueRunner.js:75:41
    at processTicksAndRejections (internal/process/task_queues.js:93:5)</failure>
    </testcase>
    <testcase classname="index should run onSocketMessage.invalid" name="index should run onSocketMessage.invalid" time="0.002">
      <failure>TypeError: Cannot assign to read only property &apos;reload&apos; of object &apos;[object Location]&apos;
    at Object.&lt;anonymous&gt; (C:\Users\user\Workspace\webpack-dev-server\test\client\index.test.js:20:5)
    at Object.asyncJestLifecycle (C:\Users\user\Workspace\webpack-dev-server\node_modules\jest-jasmine2\build\jasmineAsyncInstall.js:53:37)
    at C:\Users\user\Workspace\webpack-dev-server\node_modules\jest-jasmine2\build\queueRunner.js:45:12
    at new Promise (&lt;anonymous&gt;)
    at mapper (C:\Users\user\Workspace\webpack-dev-server\node_modules\jest-jasmine2\build\queueRunner.js:28:19)
    at C:\Users\user\Workspace\webpack-dev-server\node_modules\jest-jasmine2\build\queueRunner.js:75:41
    at processTicksAndRejections (internal/process/task_queues.js:93:5)</failure>
      <failure>TypeError: Cannot read property &apos;invalid&apos; of undefined
    at Object.invalid (C:\Users\user\Workspace\webpack-dev-server\test\client\index.test.js:83:21)
    at Object.asyncJestTest (C:\Users\user\Workspace\webpack-dev-server\node_modules\jest-jasmine2\build\jasmineAsyncInstall.js:100:37)
    at C:\Users\user\Workspace\webpack-dev-server\node_modules\jest-jasmine2\build\queueRunner.js:45:12
    at new Promise (&lt;anonymous&gt;)
    at mapper (C:\Users\user\Workspace\webpack-dev-server\node_modules\jest-jasmine2\build\queueRunner.js:28:19)
    at C:\Users\user\Workspace\webpack-dev-server\node_modules\jest-jasmine2\build\queueRunner.js:75:41
    at processTicksAndRejections (internal/process/task_queues.js:93:5)</failure>
    </testcase>
    <testcase classname="index should run onSocketMessage[&apos;still-ok&apos;]" name="index should run onSocketMessage[&apos;still-ok&apos;]" time="0.002">
      <failure>TypeError: Cannot assign to read only property &apos;reload&apos; of object &apos;[object Location]&apos;
    at Object.&lt;anonymous&gt; (C:\Users\user\Workspace\webpack-dev-server\test\client\index.test.js:20:5)
    at Object.asyncJestLifecycle (C:\Users\user\Workspace\webpack-dev-server\node_modules\jest-jasmine2\build\jasmineAsyncInstall.js:53:37)
    at C:\Users\user\Workspace\webpack-dev-server\node_modules\jest-jasmine2\build\queueRunner.js:45:12
    at new Promise (&lt;anonymous&gt;)
    at mapper (C:\Users\user\Workspace\webpack-dev-server\node_modules\jest-jasmine2\build\queueRunner.js:28:19)
    at C:\Users\user\Workspace\webpack-dev-server\node_modules\jest-jasmine2\build\queueRunner.js:75:41
    at processTicksAndRejections (internal/process/task_queues.js:93:5)</failure>
      <failure>TypeError: Cannot read property &apos;still-ok&apos; of undefined
    at Object.&lt;anonymous&gt; (C:\Users\user\Workspace\webpack-dev-server\test\client\index.test.js:95:20)
    at Object.asyncJestTest (C:\Users\user\Workspace\webpack-dev-server\node_modules\jest-jasmine2\build\jasmineAsyncInstall.js:100:37)
    at C:\Users\user\Workspace\webpack-dev-server\node_modules\jest-jasmine2\build\queueRunner.js:45:12
    at new Promise (&lt;anonymous&gt;)
    at mapper (C:\Users\user\Workspace\webpack-dev-server\node_modules\jest-jasmine2\build\queueRunner.js:28:19)
    at C:\Users\user\Workspace\webpack-dev-server\node_modules\jest-jasmine2\build\queueRunner.js:75:41
    at processTicksAndRejections (internal/process/task_queues.js:93:5)</failure>
    </testcase>
    <testcase classname="index should run onSocketMessage[&apos;log-level&apos;]" name="index should run onSocketMessage[&apos;log-level&apos;]" time="0">
      <skipped/>
    </testcase>
    <testcase classname="index should run onSocketMessage.progress and onSocketMessage[&apos;progress-update&apos;]" name="index should run onSocketMessage.progress and onSocketMessage[&apos;progress-update&apos;]" time="0.002">
      <failure>TypeError: Cannot assign to read only property &apos;reload&apos; of object &apos;[object Location]&apos;
    at Object.&lt;anonymous&gt; (C:\Users\user\Workspace\webpack-dev-server\test\client\index.test.js:20:5)
    at Object.asyncJestLifecycle (C:\Users\user\Workspace\webpack-dev-server\node_modules\jest-jasmine2\build\jasmineAsyncInstall.js:53:37)
    at C:\Users\user\Workspace\webpack-dev-server\node_modules\jest-jasmine2\build\queueRunner.js:45:12
    at new Promise (&lt;anonymous&gt;)
    at mapper (C:\Users\user\Workspace\webpack-dev-server\node_modules\jest-jasmine2\build\queueRunner.js:28:19)
    at C:\Users\user\Workspace\webpack-dev-server\node_modules\jest-jasmine2\build\queueRunner.js:75:41
    at processTicksAndRejections (internal/process/task_queues.js:93:5)</failure>
      <failure>TypeError: Cannot read property &apos;progress&apos; of undefined
    at Object.progress (C:\Users\user\Workspace\webpack-dev-server\test\client\index.test.js:112:21)
    at Object.asyncJestTest (C:\Users\user\Workspace\webpack-dev-server\node_modules\jest-jasmine2\build\jasmineAsyncInstall.js:100:37)
    at C:\Users\user\Workspace\webpack-dev-server\node_modules\jest-jasmine2\build\queueRunner.js:45:12
    at new Promise (&lt;anonymous&gt;)
    at mapper (C:\Users\user\Workspace\webpack-dev-server\node_modules\jest-jasmine2\build\queueRunner.js:28:19)
    at C:\Users\user\Workspace\webpack-dev-server\node_modules\jest-jasmine2\build\queueRunner.js:75:41
    at processTicksAndRejections (internal/process/task_queues.js:93:5)</failure>
    </testcase>
    <testcase classname="index should run onSocketMessage.overlay with an argument is Object" name="index should run onSocketMessage.overlay with an argument is Object" time="0.002">
      <failure>TypeError: Cannot assign to read only property &apos;reload&apos; of object &apos;[object Location]&apos;
    at Object.&lt;anonymous&gt; (C:\Users\user\Workspace\webpack-dev-server\test\client\index.test.js:20:5)
    at Object.asyncJestLifecycle (C:\Users\user\Workspace\webpack-dev-server\node_modules\jest-jasmine2\build\jasmineAsyncInstall.js:53:37)
    at C:\Users\user\Workspace\webpack-dev-server\node_modules\jest-jasmine2\build\queueRunner.js:45:12
    at new Promise (&lt;anonymous&gt;)
    at mapper (C:\Users\user\Workspace\webpack-dev-server\node_modules\jest-jasmine2\build\queueRunner.js:28:19)
    at C:\Users\user\Workspace\webpack-dev-server\node_modules\jest-jasmine2\build\queueRunner.js:75:41
    at processTicksAndRejections (internal/process/task_queues.js:93:5)</failure>
      <failure>TypeError: Cannot read property &apos;overlay&apos; of undefined
    at Object.overlay (C:\Users\user\Workspace\webpack-dev-server\test\client\index.test.js:129:21)
    at Object.asyncJestTest (C:\Users\user\Workspace\webpack-dev-server\node_modules\jest-jasmine2\build\jasmineAsyncInstall.js:100:37)
    at C:\Users\user\Workspace\webpack-dev-server\node_modules\jest-jasmine2\build\queueRunner.js:45:12
    at new Promise (&lt;anonymous&gt;)
    at mapper (C:\Users\user\Workspace\webpack-dev-server\node_modules\jest-jasmine2\build\queueRunner.js:28:19)
    at C:\Users\user\Workspace\webpack-dev-server\node_modules\jest-jasmine2\build\queueRunner.js:75:41
    at processTicksAndRejections (internal/process/task_queues.js:93:5)</failure>
    </testcase>
    <testcase classname="index should run onSocketMessage.ok" name="index should run onSocketMessage.ok" time="0.002">
      <failure>TypeError: Cannot assign to read only property &apos;reload&apos; of object &apos;[object Location]&apos;
    at Object.&lt;anonymous&gt; (C:\Users\user\Workspace\webpack-dev-server\test\client\index.test.js:20:5)
    at Object.asyncJestLifecycle (C:\Users\user\Workspace\webpack-dev-server\node_modules\jest-jasmine2\build\jasmineAsyncInstall.js:53:37)
    at C:\Users\user\Workspace\webpack-dev-server\node_modules\jest-jasmine2\build\queueRunner.js:45:12
    at new Promise (&lt;anonymous&gt;)
    at mapper (C:\Users\user\Workspace\webpack-dev-server\node_modules\jest-jasmine2\build\queueRunner.js:28:19)
    at C:\Users\user\Workspace\webpack-dev-server\node_modules\jest-jasmine2\build\queueRunner.js:75:41
    at processTicksAndRejections (internal/process/task_queues.js:93:5)</failure>
      <failure>TypeError: Cannot read property &apos;ok&apos; of undefined
    at Object.ok (C:\Users\user\Workspace\webpack-dev-server\test\client\index.test.js:141:35)
    at Object.asyncJestTest (C:\Users\user\Workspace\webpack-dev-server\node_modules\jest-jasmine2\build\jasmineAsyncInstall.js:100:37)
    at C:\Users\user\Workspace\webpack-dev-server\node_modules\jest-jasmine2\build\queueRunner.js:45:12
    at new Promise (&lt;anonymous&gt;)
    at mapper (C:\Users\user\Workspace\webpack-dev-server\node_modules\jest-jasmine2\build\queueRunner.js:28:19)
    at C:\Users\user\Workspace\webpack-dev-server\node_modules\jest-jasmine2\build\queueRunner.js:75:41
    at processTicksAndRejections (internal/process/task_queues.js:93:5)</failure>
    </testcase>
    <testcase classname="index should run onSocketMessage[&apos;content-changed&apos;]" name="index should run onSocketMessage[&apos;content-changed&apos;]" time="0.002">
      <failure>TypeError: Cannot assign to read only property &apos;reload&apos; of object &apos;[object Location]&apos;
    at Object.&lt;anonymous&gt; (C:\Users\user\Workspace\webpack-dev-server\test\client\index.test.js:20:5)
    at Object.asyncJestLifecycle (C:\Users\user\Workspace\webpack-dev-server\node_modules\jest-jasmine2\build\jasmineAsyncInstall.js:53:37)
    at C:\Users\user\Workspace\webpack-dev-server\node_modules\jest-jasmine2\build\queueRunner.js:45:12
    at new Promise (&lt;anonymous&gt;)
    at mapper (C:\Users\user\Workspace\webpack-dev-server\node_modules\jest-jasmine2\build\queueRunner.js:28:19)
    at C:\Users\user\Workspace\webpack-dev-server\node_modules\jest-jasmine2\build\queueRunner.js:75:41
    at processTicksAndRejections (internal/process/task_queues.js:93:5)</failure>
      <failure>TypeError: Cannot read property &apos;content-changed&apos; of undefined
    at Object.&lt;anonymous&gt; (C:\Users\user\Workspace\webpack-dev-server\test\client\index.test.js:159:20)
    at Object.asyncJestTest (C:\Users\user\Workspace\webpack-dev-server\node_modules\jest-jasmine2\build\jasmineAsyncInstall.js:100:37)
    at C:\Users\user\Workspace\webpack-dev-server\node_modules\jest-jasmine2\build\queueRunner.js:45:12
    at new Promise (&lt;anonymous&gt;)
    at mapper (C:\Users\user\Workspace\webpack-dev-server\node_modules\jest-jasmine2\build\queueRunner.js:28:19)
    at C:\Users\user\Workspace\webpack-dev-server\node_modules\jest-jasmine2\build\queueRunner.js:75:41
    at processTicksAndRejections (internal/process/task_queues.js:93:5)</failure>
    </testcase>
    <testcase classname="index should run onSocketMessage.warnings" name="index should run onSocketMessage.warnings" time="0.013">
      <failure>TypeError: Cannot assign to read only property &apos;reload&apos; of object &apos;[object Location]&apos;
    at Object.&lt;anonymous&gt; (C:\Users\user\Workspace\webpack-dev-server\test\client\index.test.js:20:5)
    at Object.asyncJestLifecycle (C:\Users\user\Workspace\webpack-dev-server\node_modules\jest-jasmine2\build\jasmineAsyncInstall.js:53:37)
    at C:\Users\user\Workspace\webpack-dev-server\node_modules\jest-jasmine2\build\queueRunner.js:45:12
    at new Promise (&lt;anonymous&gt;)
    at mapper (C:\Users\user\Workspace\webpack-dev-server\node_modules\jest-jasmine2\build\queueRunner.js:28:19)
    at C:\Users\user\Workspace\webpack-dev-server\node_modules\jest-jasmine2\build\queueRunner.js:75:41
    at processTicksAndRejections (internal/process/task_queues.js:93:5)</failure>
      <failure>TypeError: Cannot read property &apos;warnings&apos; of undefined
    at Object.warnings (C:\Users\user\Workspace\webpack-dev-server\test\client\index.test.js:167:35)
    at Object.asyncJestTest (C:\Users\user\Workspace\webpack-dev-server\node_modules\jest-jasmine2\build\jasmineAsyncInstall.js:100:37)
    at C:\Users\user\Workspace\webpack-dev-server\node_modules\jest-jasmine2\build\queueRunner.js:45:12
    at new Promise (&lt;anonymous&gt;)
    at mapper (C:\Users\user\Workspace\webpack-dev-server\node_modules\jest-jasmine2\build\queueRunner.js:28:19)
    at C:\Users\user\Workspace\webpack-dev-server\node_modules\jest-jasmine2\build\queueRunner.js:75:41
    at processTicksAndRejections (internal/process/task_queues.js:93:5)</failure>
    </testcase>
    <testcase classname="index should run onSocketMessage.errors" name="index should run onSocketMessage.errors" time="0.001">
      <failure>TypeError: Cannot assign to read only property &apos;reload&apos; of object &apos;[object Location]&apos;
    at Object.&lt;anonymous&gt; (C:\Users\user\Workspace\webpack-dev-server\test\client\index.test.js:20:5)
    at Object.asyncJestLifecycle (C:\Users\user\Workspace\webpack-dev-server\node_modules\jest-jasmine2\build\jasmineAsyncInstall.js:53:37)
    at C:\Users\user\Workspace\webpack-dev-server\node_modules\jest-jasmine2\build\queueRunner.js:45:12
    at new Promise (&lt;anonymous&gt;)
    at mapper (C:\Users\user\Workspace\webpack-dev-server\node_modules\jest-jasmine2\build\queueRunner.js:28:19)
    at C:\Users\user\Workspace\webpack-dev-server\node_modules\jest-jasmine2\build\queueRunner.js:75:41
    at processTicksAndRejections (internal/process/task_queues.js:93:5)</failure>
      <failure>TypeError: Cannot read property &apos;errors&apos; of undefined
    at Object.errors (C:\Users\user\Workspace\webpack-dev-server\test\client\index.test.js:193:21)
    at Object.asyncJestTest (C:\Users\user\Workspace\webpack-dev-server\node_modules\jest-jasmine2\build\jasmineAsyncInstall.js:100:37)
    at C:\Users\user\Workspace\webpack-dev-server\node_modules\jest-jasmine2\build\queueRunner.js:45:12
    at new Promise (&lt;anonymous&gt;)
    at mapper (C:\Users\user\Workspace\webpack-dev-server\node_modules\jest-jasmine2\build\queueRunner.js:28:19)
    at C:\Users\user\Workspace\webpack-dev-server\node_modules\jest-jasmine2\build\queueRunner.js:75:41
    at processTicksAndRejections (internal/process/task_queues.js:93:5)</failure>
    </testcase>
    <testcase classname="index should run onSocketMessage.error" name="index should run onSocketMessage.error" time="0.003">
      <failure>TypeError: Cannot assign to read only property &apos;reload&apos; of object &apos;[object Location]&apos;
    at Object.&lt;anonymous&gt; (C:\Users\user\Workspace\webpack-dev-server\test\client\index.test.js:20:5)
    at Object.asyncJestLifecycle (C:\Users\user\Workspace\webpack-dev-server\node_modules\jest-jasmine2\build\jasmineAsyncInstall.js:53:37)
    at C:\Users\user\Workspace\webpack-dev-server\node_modules\jest-jasmine2\build\queueRunner.js:45:12
    at new Promise (&lt;anonymous&gt;)
    at mapper (C:\Users\user\Workspace\webpack-dev-server\node_modules\jest-jasmine2\build\queueRunner.js:28:19)
    at C:\Users\user\Workspace\webpack-dev-server\node_modules\jest-jasmine2\build\queueRunner.js:75:41
    at processTicksAndRejections (internal/process/task_queues.js:93:5)</failure>
      <failure>TypeError: Cannot read property &apos;error&apos; of undefined
    at Object.error (C:\Users\user\Workspace\webpack-dev-server\test\client\index.test.js:208:21)
    at Object.asyncJestTest (C:\Users\user\Workspace\webpack-dev-server\node_modules\jest-jasmine2\build\jasmineAsyncInstall.js:100:37)
    at C:\Users\user\Workspace\webpack-dev-server\node_modules\jest-jasmine2\build\queueRunner.js:45:12
    at new Promise (&lt;anonymous&gt;)
    at mapper (C:\Users\user\Workspace\webpack-dev-server\node_modules\jest-jasmine2\build\queueRunner.js:28:19)
    at C:\Users\user\Workspace\webpack-dev-server\node_modules\jest-jasmine2\build\queueRunner.js:75:41
    at processTicksAndRejections (internal/process/task_queues.js:93:5)</failure>
    </testcase>
    <testcase classname="index should run onSocketMessage.close" name="index should run onSocketMessage.close" time="0.002">
      <failure>TypeError: Cannot assign to read only property &apos;reload&apos; of object &apos;[object Location]&apos;
    at Object.&lt;anonymous&gt; (C:\Users\user\Workspace\webpack-dev-server\test\client\index.test.js:20:5)
    at Object.asyncJestLifecycle (C:\Users\user\Workspace\webpack-dev-server\node_modules\jest-jasmine2\build\jasmineAsyncInstall.js:53:37)
    at C:\Users\user\Workspace\webpack-dev-server\node_modules\jest-jasmine2\build\queueRunner.js:45:12
    at new Promise (&lt;anonymous&gt;)
    at mapper (C:\Users\user\Workspace\webpack-dev-server\node_modules\jest-jasmine2\build\queueRunner.js:28:19)
    at C:\Users\user\Workspace\webpack-dev-server\node_modules\jest-jasmine2\build\queueRunner.js:75:41
    at processTicksAndRejections (internal/process/task_queues.js:93:5)</failure>
      <failure>TypeError: Cannot read property &apos;close&apos; of undefined
    at Object.close (C:\Users\user\Workspace\webpack-dev-server\test\client\index.test.js:213:21)
    at Object.asyncJestTest (C:\Users\user\Workspace\webpack-dev-server\node_modules\jest-jasmine2\build\jasmineAsyncInstall.js:100:37)
    at C:\Users\user\Workspace\webpack-dev-server\node_modules\jest-jasmine2\build\queueRunner.js:45:12
    at new Promise (&lt;anonymous&gt;)
    at mapper (C:\Users\user\Workspace\webpack-dev-server\node_modules\jest-jasmine2\build\queueRunner.js:28:19)
    at C:\Users\user\Workspace\webpack-dev-server\node_modules\jest-jasmine2\build\queueRunner.js:75:41
    at processTicksAndRejections (internal/process/task_queues.js:93:5)</failure>
    </testcase>
  </testsuite>
  <testsuite name="overlay" errors="0" failures="1" skipped="0" timestamp="2020-03-31T20:36:17" time="0.317" tests="2">
    <testcase classname="overlay should run showMessage" name="overlay should run showMessage" time="0.066">
      <failure>Error: expect(received).toMatchSnapshot()

Snapshot name: `overlay should run showMessage 2`

Snapshot: &quot;&lt;div id=\&quot;webpack-dev-server-client-overlay-div\&quot; style=\&quot;position: fixed; box-sizing: border-box; left: 0px; top: 0px; right: 0px; bottom: 0px; width: 100vw; height: 100vh; background-color: rgba(0, 0, 0, 0.85); color: rgb(232, 232, 232); font-family: Menlo, Consolas, monospace; font-size: large; padding: 2rem; line-height: 1.2; white-space: pre-wrap; overflow: auto;\&quot;&gt;&lt;span style=\&quot;color: #E36049\&quot;&gt;Failed to compile.&lt;/span&gt;&lt;br&gt;&lt;br&gt;test!&lt;/div&gt;&quot;
Received: &quot;&quot;
    at Object.toMatchSnapshot (C:\Users\user\Workspace\webpack-dev-server\test\client\overlay.test.js:13:7)
    at Object.asyncJestTest (C:\Users\user\Workspace\webpack-dev-server\node_modules\jest-jasmine2\build\jasmineAsyncInstall.js:100:37)
    at C:\Users\user\Workspace\webpack-dev-server\node_modules\jest-jasmine2\build\queueRunner.js:45:12
    at new Promise (&lt;anonymous&gt;)
    at mapper (C:\Users\user\Workspace\webpack-dev-server\node_modules\jest-jasmine2\build\queueRunner.js:28:19)
    at C:\Users\user\Workspace\webpack-dev-server\node_modules\jest-jasmine2\build\queueRunner.js:75:41
    at processTicksAndRejections (internal/process/task_queues.js:93:5)</failure>
    </testcase>
    <testcase classname="overlay should run clear" name="overlay should run clear" time="0.008">
    </testcase>
  </testsuite>
  <testsuite name="socket" errors="0" failures="0" skipped="0" timestamp="2020-03-31T20:36:18" time="0.274" tests="2">
    <testcase classname="socket should default to SockJSClient when no __webpack_dev_server_client__ set" name="socket should default to SockJSClient when no __webpack_dev_server_client__ set" time="0.063">
    </testcase>
    <testcase classname="socket should use __webpack_dev_server_client__ when set" name="socket should use __webpack_dev_server_client__ when set" time="0.007">
    </testcase>
  </testsuite>
  <testsuite name="reload" errors="0" failures="0" skipped="0" timestamp="2020-03-31T20:35:04" time="74.31" tests="3">
    <testcase classname="reload hot with default transportMode.client (sockjs) on browser client should reload without page refresh" name="reload hot with default transportMode.client (sockjs) on browser client should reload without page refresh" time="17.331">
    </testcase>
    <testcase classname="reload hot with transportMode.client ws on browser client should reload without page refresh" name="reload hot with transportMode.client ws on browser client should reload without page refresh" time="16.692">
    </testcase>
    <testcase classname="reload inline on browser client should reload with page refresh" name="reload inline on browser client should reload with page refresh" time="16.821">
    </testcase>
  </testsuite>
  <testsuite name="CLI" errors="0" failures="8" skipped="0" timestamp="2020-03-31T20:35:25" time="54.868" tests="14">
    <testcase classname="CLI --progress" name="CLI --progress" time="4.456">
      <failure>Error: expect(received).toEqual(expected) // deep equality

Expected: 0
Received: undefined
    at toEqual (C:\Users\user\Workspace\webpack-dev-server\test\cli\cli.test.js:22:29)
    at processTicksAndRejections (internal/process/task_queues.js:93:5)</failure>
    </testcase>
    <testcase classname="CLI --quiet" name="CLI --quiet" time="3.752">
      <failure>Error: expect(received).toEqual(expected) // deep equality

Expected: 0
Received: undefined
    at toEqual (C:\Users\user\Workspace\webpack-dev-server\test\cli\cli.test.js:35:25)
    at tryCatch (C:\Users\user\Workspace\webpack-dev-server\node_modules\@babel\runtime\node_modules\regenerator-runtime\runtime.js:45:17)
    at Generator.invoke [as _invoke] (C:\Users\user\Workspace\webpack-dev-server\node_modules\@babel\runtime\node_modules\regenerator-runtime\runtime.js:265:22)
    at Generator.prototype.&lt;computed&gt; [as next] (C:\Users\user\Workspace\webpack-dev-server\node_modules\@babel\runtime\node_modules\regenerator-runtime\runtime.js:98:21)
    at asyncGeneratorStep (C:\Users\user\Workspace\webpack-dev-server\node_modules\@babel\runtime\helpers\asyncToGenerator.js:3:24)
    at _next (C:\Users\user\Workspace\webpack-dev-server\node_modules\@babel\runtime\helpers\asyncToGenerator.js:25:9)
    at processTicksAndRejections (internal/process/task_queues.js:93:5)</failure>
    </testcase>
    <testcase classname="CLI --progress --profile" name="CLI --progress --profile" time="3.737">
      <failure>Error: expect(received).toEqual(expected) // deep equality

Expected: 0
Received: undefined
    at toEqual (C:\Users\user\Workspace\webpack-dev-server\test\cli\cli.test.js:48:29)
    at processTicksAndRejections (internal/process/task_queues.js:93:5)</failure>
    </testcase>
    <testcase classname="CLI --bonjour" name="CLI --bonjour" time="4.201">
      <failure>Error: expect(received).toEqual(expected) // deep equality

Expected: 0
Received: undefined
    at toEqual (C:\Users\user\Workspace\webpack-dev-server\test\cli\cli.test.js:59:29)
    at processTicksAndRejections (internal/process/task_queues.js:93:5)</failure>
    </testcase>
    <testcase classname="CLI --https" name="CLI --https" time="4.048">
      <failure>Error: expect(received).toEqual(expected) // deep equality

Expected: 0
Received: undefined
    at toEqual (C:\Users\user\Workspace\webpack-dev-server\test\cli\cli.test.js:69:29)
    at processTicksAndRejections (internal/process/task_queues.js:93:5)</failure>
    </testcase>
    <testcase classname="CLI --https --cacert --pfx --key --cert --pfx-passphrase" name="CLI --https --cacert --pfx --key --cert --pfx-passphrase" time="3.643">
      <failure>Error: expect(received).toEqual(expected) // deep equality

Expected: 0
Received: undefined
    at toEqual (C:\Users\user\Workspace\webpack-dev-server\test\cli\cli.test.js:81:29)
    at processTicksAndRejections (internal/process/task_queues.js:93:5)</failure>
    </testcase>
    <testcase classname="CLI --sockPath" name="CLI --sockPath" time="3.595">
    </testcase>
    <testcase classname="CLI unspecified port" name="CLI unspecified port" time="2.509">
    </testcase>
    <testcase classname="CLI --color" name="CLI --color" time="2.317">
      <failure>Error: expect(received).toContain(expected) // indexOf

Expected substring: &quot; ｢wds｣:&quot;
Received string:    &quot;⬡ wds: Project is running at http://localhost:8080/
⬡ wds: webpack output is served from /
⬡ wds: Content not from webpack is served from C:\\Users\\user\\Workspace\\webpack-dev-server
i ｢wdm｣: Hash: a4e2aa0c27484037903b
Version: webpack 4.42.1
Time: 528ms
Built at: 2020-03-31 22:35:58
  Asset     Size  Chunks             Chunk Names
main.js  364 KiB    main  [emitted]  main
Entrypoint main = main.js
[0] multi C:/Users/user/Workspace/webpack-dev-server/client?http://localhost:8080 ./foo.js 40 bytes {main} [built]
[../../../client/clients/SockJSClient.js] C:/Users/user/Workspace/webpack-dev-server/client/clients/SockJSClient.js 4 KiB {main} [built]
[../../../client/index.js?http://localhost:8080] C:/Users/user/Workspace/webpack-dev-server/client?http://localhost:8080 4.29 KiB {main} [built]
[../../../client/overlay.js] C:/Users/user/Workspace/webpack-dev-server/client/overlay.js 3.51 KiB {main} [built]
[../../../client/socket.js] C:/Users/user/Workspace/webpack-dev-server/client/socket.js 1.53 KiB {main} [built]
[../../../client/utils/createSocketUrl.js] C:/Users/user/Workspace/webpack-dev-server/client/utils/createSocketUrl.js 2.91 KiB {main} [built]
[../../../client/utils/getCurrentScriptSource.js] C:/Users/user/Workspace/webpack-dev-server/client/utils/getCurrentScriptSource.js 658 bytes {main} [built]
[../../../client/utils/log.js] C:/Users/user/Workspace/webpack-dev-server/client/utils/log.js 964 bytes {main} [built]
[../../../client/utils/reloadApp.js] C:/Users/user/Workspace/webpack-dev-server/client/utils/reloadApp.js 1.59 KiB {main} [built]
[../../../client/utils/sendMessage.js] C:/Users/user/Workspace/webpack-dev-server/client/utils/sendMessage.js 402 bytes {main} [built]
[../../../node_modules/ansi-html/index.js] C:/Users/user/Workspace/webpack-dev-server/node_modules/ansi-html/index.js 4.16 KiB {main} [built]
[../../../node_modules/html-entities/index.js] C:/Users/user/Workspace/webpack-dev-server/node_modules/html-entities/index.js 231 bytes {main} [built]
[../../../node_modules/strip-ansi/index.js] C:/Users/user/Workspace/webpack-dev-server/node_modules/strip-ansi/index.js 154 bytes {main} [built]
[../../../node_modules/webpack/hot sync ^\\.\\/log$] (webpack)/hot sync nonrecursive ^\\.\\/log$ 170 bytes {main} [built]
[./foo.js] 41 bytes {main} [built]
    + 18 hidden modules
i ｢wdm｣: Compiled successfully.&quot;
    at toContain (C:\Users\user\Workspace\webpack-dev-server\test\cli\cli.test.js:112:31)
    at processTicksAndRejections (internal/process/task_queues.js:93:5)</failure>
    </testcase>
    <testcase classname="CLI --socket" name="CLI --socket" time="2.409">
      <failure>Error: expect(received).toEqual(expected) // deep equality

Expected: 0
Received: undefined
    at toEqual (C:\Users\user\Workspace\webpack-dev-server\test\cli\cli.test.js:126:29)
    at processTicksAndRejections (internal/process/task_queues.js:93:5)</failure>
    </testcase>
    <testcase classname="CLI should accept the promise function of webpack.config.js" name="CLI should accept the promise function of webpack.config.js" time="10.055">
    </testcase>
    <testcase classname="CLI should exit the process when SIGINT is detected" name="CLI should exit the process when SIGINT is detected" time="2.87">
    </testcase>
    <testcase classname="CLI should exit the process when SIGINT is detected, even before the compilation is done" name="CLI should exit the process when SIGINT is detected, even before the compilation is done" time="2.719">
    </testcase>
    <testcase classname="CLI should use different random port when multiple instances are started on different processes" name="CLI should use different random port when multiple instances are started on different processes" time="3.87">
    </testcase>
  </testsuite>
  <testsuite name="multi compiler" errors="0" failures="0" skipped="0" timestamp="2020-03-31T20:36:18" time="2.289" tests="1">
    <testcase classname="multi compiler should handle GET request to bundle" name="multi compiler should handle GET request to bundle" time="0.047">
    </testcase>
  </testsuite>
  <testsuite name="before option" errors="0" failures="0" skipped="0" timestamp="2020-03-31T20:36:20" time="0.858" tests="1">
    <testcase classname="before option should handle before route" name="before option should handle before route" time="0.01">
    </testcase>
  </testsuite>
  <testsuite name="compress option" errors="0" failures="0" skipped="0" timestamp="2020-03-31T20:36:21" time="1.081" tests="3">
    <testcase classname="compress option not specify request to bundle file" name="compress option not specify request to bundle file" time="0.009">
    </testcase>
    <testcase classname="compress option as a true request to bundle file" name="compress option as a true request to bundle file" time="0.023">
    </testcase>
    <testcase classname="compress option as a false request to bundle file" name="compress option as a false request to bundle file" time="0.007">
    </testcase>
  </testsuite>
  <testsuite name="universal compiler" errors="0" failures="0" skipped="0" timestamp="2020-03-31T20:36:20" time="3.462" tests="2">
    <testcase classname="universal compiler client bundle should have the inlined the client runtime" name="universal compiler client bundle should have the inlined the client runtime" time="0.06">
    </testcase>
    <testcase classname="universal compiler server bundle should NOT have the inlined the client runtime" name="universal compiler server bundle should NOT have the inlined the client runtime" time="0.013">
    </testcase>
  </testsuite>
  <testsuite name="after option" errors="0" failures="0" skipped="0" timestamp="2020-03-31T20:36:20" time="4.149" tests="2">
    <testcase classname="after option should handle after route" name="after option should handle after route" time="0.047">
    </testcase>
    <testcase classname="after option should handle POST requests to after route" name="after option should handle POST requests to after route" time="0.006">
    </testcase>
  </testsuite>
  <testsuite name="contentBase option" errors="0" failures="0" skipped="0" timestamp="2020-03-31T20:36:24" time="4.058" tests="24">
    <testcase classname="contentBase option to directory Request to index" name="contentBase option to directory Request to index" time="0.02">
    </testcase>
    <testcase classname="contentBase option to directory Request to other file" name="contentBase option to directory Request to other file" time="0.009">
    </testcase>
[...]
    </testcase>
    <testcase classname="routes util should handles HEAD request to directory index" name="routes util should handles HEAD request to directory index" time="0.008">
    </testcase>
    <testcase classname="routes util should handles GET request to magic html" name="routes util should handles GET request to magic html" time="0.007">
    </testcase>
    <testcase classname="routes util should handles HEAD request to magic html" name="routes util should handles HEAD request to magic html" time="0.004">
    </testcase>
    <testcase classname="routes util should handles GET request to main chunk" name="routes util should handles GET request to main chunk" time="0.003">
    </testcase>
    <testcase classname="routes util should handles HEAD request to main chunk" name="routes util should handles HEAD request to main chunk" time="0.005">
    </testcase>
  </testsuite>
  <testsuite name="createDomain" errors="0" failures="0" skipped="0" timestamp="2020-03-31T20:37:39" time="6.893" tests="8">
    <testcase classname="createDomain test createDomain &apos;default&apos;" name="createDomain test createDomain &apos;default&apos;" time="0.999">
    </testcase>
    <testcase classname="createDomain test createDomain &apos;no host option&apos;" name="createDomain test createDomain &apos;no host option&apos;" time="0.401">
    </testcase>
    <testcase classname="createDomain test createDomain &apos;https&apos;" name="createDomain test createDomain &apos;https&apos;" time="0.414">
    </testcase>
    <testcase classname="createDomain test createDomain &apos;override with public&apos;" name="createDomain test createDomain &apos;override with public&apos;" time="0.414">
    </testcase>
    <testcase classname="createDomain test createDomain &apos;override with public (port)&apos;" name="createDomain test createDomain &apos;override with public (port)&apos;" time="0.346">
    </testcase>
    <testcase classname="createDomain test createDomain &apos;override with public (protocol)&apos;" name="createDomain test createDomain &apos;override with public (protocol)&apos;" time="0.198">
    </testcase>
    <testcase classname="createDomain test createDomain &apos;override with public (protocol + port)&apos;" name="createDomain test createDomain &apos;override with public (protocol + port)&apos;" time="0.279">
    </testcase>
    <testcase classname="createDomain test createDomain &apos;localIp&apos;" name="createDomain test createDomain &apos;localIp&apos;" time="2.302">
    </testcase>
  </testsuite>
  <testsuite name="normalizeOptions" errors="0" failures="0" skipped="0" timestamp="2020-03-31T20:37:46" time="0.615" tests="11">
    <testcase classname="normalizeOptions no options should set correct options" name="normalizeOptions no options should set correct options" time="0.003">
    </testcase>
    <testcase classname="normalizeOptions contentBase string should set correct options" name="normalizeOptions contentBase string should set correct options" time="0.001">
    </testcase>
    <testcase classname="normalizeOptions contentBase array should set correct options" name="normalizeOptions contentBase array should set correct options" time="0.002">
    </testcase>
    <testcase classname="normalizeOptions watchOptions should set correct options" name="normalizeOptions watchOptions should set correct options" time="0.001">
    </testcase>
    <testcase classname="normalizeOptions transportMode sockjs string should set correct options" name="normalizeOptions transportMode sockjs string should set correct options" time="0.001">
    </testcase>
    <testcase classname="normalizeOptions transportMode ws string should set correct options" name="normalizeOptions transportMode ws string should set correct options" time="0.002">
    </testcase>
    <testcase classname="normalizeOptions transportMode ws object should set correct options" name="normalizeOptions transportMode ws object should set correct options" time="0.002">
    </testcase>
    <testcase classname="normalizeOptions transportMode custom server path should set correct options" name="normalizeOptions transportMode custom server path should set correct options" time="0.002">
    </testcase>
    <testcase classname="normalizeOptions transportMode custom server class should set correct options" name="normalizeOptions transportMode custom server class should set correct options" time="0.002">
    </testcase>
    <testcase classname="normalizeOptions transportMode custom client path should set correct options" name="normalizeOptions transportMode custom client path should set correct options" time="0.002">
    </testcase>
    <testcase classname="normalizeOptions contentBasePublicPath string should set correct options" name="normalizeOptions contentBasePublicPath string should set correct options" time="0.001">
    </testcase>
  </testsuite>
  <testsuite name="runBonjour" errors="0" failures="0" skipped="0" timestamp="2020-03-31T20:37:47" time="0.254" tests="2">
    <testcase classname="runBonjour should call bonjour.publish" name="runBonjour should call bonjour.publish" time="0.009">
    </testcase>
    <testcase classname="runBonjour should call bonjour.publish with different name for different ports" name="runBonjour should call bonjour.publish with different name for different ports" time="0.001">
    </testcase>
  </testsuite>
  <testsuite name="runOpen util" errors="0" failures="0" skipped="0" timestamp="2020-03-31T20:37:47" time="0.412" tests="14">
    <testcase classname="runOpen util should open browser on specify URL" name="runOpen util should open browser on specify URL" time="0.003">
    </testcase>
    <testcase classname="runOpen util should open browser on specify URL with page" name="runOpen util should open browser on specify URL with page" time="0.002">
    </testcase>
    <testcase classname="runOpen util should open browser on specify URL with page inside array" name="runOpen util should open browser on specify URL with page inside array" time="0.002">
    </testcase>
    <testcase classname="runOpen util should open browser on specify URL with multiple pages inside array" name="runOpen util should open browser on specify URL with multiple pages inside array" time="0.002">
    </testcase>
    <testcase classname="runOpen util should open browser on specify URL in Google Chrome" name="runOpen util should open browser on specify URL in Google Chrome" time="0.001">
    </testcase>
    <testcase classname="runOpen util should open browser on specify URL with page in Google Chrome " name="runOpen util should open browser on specify URL with page in Google Chrome " time="0.001">
    </testcase>
    <testcase classname="runOpen util should open browser on specify absolute https URL with page in Google Chrome " name="runOpen util should open browser on specify absolute https URL with page in Google Chrome " time="0.001">
    </testcase>
    <testcase classname="runOpen util should open browser on specify absolute http URL with page in Google Chrome " name="runOpen util should open browser on specify absolute http URL with page in Google Chrome " time="0.001">
    </testcase>
    <testcase classname="runOpen util on specify multiple absolute https URLs with pages in Google Chrome " name="runOpen util on specify multiple absolute https URLs with pages in Google Chrome " time="0.001">
    </testcase>
    <testcase classname="runOpen util on specify one relative URL and one absolute URL with pages in Google Chrome " name="runOpen util on specify one relative URL and one absolute URL with pages in Google Chrome " time="0.002">
    </testcase>
    <testcase classname="runOpen util should not open browser on specify URL and log error" name="runOpen util should not open browser on specify URL and log error" time="0.003">
    </testcase>
    <testcase classname="runOpen util should not open browser on specify URL with page and log error" name="runOpen util should not open browser on specify URL with page and log error" time="0.001">
    </testcase>
    <testcase classname="runOpen util should not open browser on specify URL in Google Chrome and log error" name="runOpen util should not open browser on specify URL in Google Chrome and log error" time="0.002">
    </testcase>
    <testcase classname="runOpen util should not open browser on specify URL with page in Google Chrome and log error " name="runOpen util should not open browser on specify URL with page in Google Chrome and log error " time="0.002">
    </testcase>
  </testsuite>
  <testsuite name="setupExitSignals" errors="0" failures="0" skipped="0" timestamp="2020-03-31T20:37:47" time="5.501" tests="4">
    <testcase classname="setupExitSignals should exit process (SIGINT, server never defined)" name="setupExitSignals should exit process (SIGINT, server never defined)" time="1.013">
    </testcase>
    <testcase classname="setupExitSignals should close server, then exit process (SIGINT, server defined before signal)" name="setupExitSignals should close server, then exit process (SIGINT, server defined before signal)" time="1.513">
    </testcase>
    <testcase classname="setupExitSignals should exit process (SIGTERM, server never defined)" name="setupExitSignals should exit process (SIGTERM, server never defined)" time="1.002">
    </testcase>
    <testcase classname="setupExitSignals should close server, then exit process (SIGTERM, server defined before signal)" name="setupExitSignals should close server, then exit process (SIGTERM, server defined before signal)" time="1.504">
    </testcase>
  </testsuite>
  <testsuite name="tryParseInt util" errors="0" failures="0" skipped="0" timestamp="2020-03-31T20:37:53" time="0.191" tests="4">
    <testcase classname="tryParseInt util should parser number as number" name="tryParseInt util should parser number as number" time="0.001">
    </testcase>
    <testcase classname="tryParseInt util should parser string as number" name="tryParseInt util should parser string as number" time="0.001">
    </testcase>
    <testcase classname="tryParseInt util should parser undefined as null" name="tryParseInt util should parser undefined as null" time="0">
    </testcase>
    <testcase classname="tryParseInt util should parser NaN as null" name="tryParseInt util should parser NaN as null" time="0">
    </testcase>
  </testsuite>
  <testsuite name="updateCompiler" errors="0" failures="0" skipped="0" timestamp="2020-03-31T20:37:53" time="0.559" tests="4">
    <testcase classname="updateCompiler simple config, inline should apply plugins without HMR" name="updateCompiler simple config, inline should apply plugins without HMR" time="0.007">
    </testcase>
    <testcase classname="updateCompiler simple config, hot and inline should apply plugins" name="updateCompiler simple config, hot and inline should apply plugins" time="0.004">
    </testcase>
    <testcase classname="updateCompiler simple config with HMR already, hot and inline should apply plugins" name="updateCompiler simple config with HMR already, hot and inline should apply plugins" time="0.003">
    </testcase>
    <testcase classname="updateCompiler multi compiler config, hot and inline should apply plugins" name="updateCompiler multi compiler config, hot and inline should apply plugins" time="0.002">
    </testcase>
  </testsuite>
  <testsuite name="Client iframe console.log" errors="0" failures="0" skipped="0" timestamp="2020-03-31T20:37:30" time="26.53" tests="5">
    <testcase classname="Client iframe console.log hot disabled" name="Client iframe console.log hot disabled" time="5.375">
    </testcase>
    <testcase classname="Client iframe console.log hot enabled" name="Client iframe console.log hot enabled" time="5.287">
    </testcase>
    <testcase classname="Client iframe console.log liveReload disabled" name="Client iframe console.log liveReload disabled" time="5.349">
    </testcase>
    <testcase classname="Client iframe console.log liveReload enabled" name="Client iframe console.log liveReload enabled" time="5.135">
    </testcase>
    <testcase classname="Client iframe console.log clientLogLevel is silent" name="Client iframe console.log clientLogLevel is silent" time="4.282">
    </testcase>
  </testsuite>
  <testsuite name="Client code" errors="0" failures="7" skipped="0" timestamp="2020-03-31T20:37:46" time="35.268" tests="12">
    <testcase classname="Client code behind a proxy responds with a 200 on proxy port" name="Client code behind a proxy responds with a 200 on proxy port" time="2.317">
      <failure>TypeError: httpProxy is not a function
    at httpProxy (C:\Users\user\Workspace\webpack-dev-server\test\e2e\ClientOptions.test.js:17:7)
    at Object.startProxy (C:\Users\user\Workspace\webpack-dev-server\test\e2e\ClientOptions.test.js:49:15)
    at C:\Users\user\Workspace\webpack-dev-server\node_modules\jest-jasmine2\build\queueRunner.js:45:12
    at new Promise (&lt;anonymous&gt;)
    at mapper (C:\Users\user\Workspace\webpack-dev-server\node_modules\jest-jasmine2\build\queueRunner.js:28:19)
    at C:\Users\user\Workspace\webpack-dev-server\node_modules\jest-jasmine2\build\queueRunner.js:75:41
    at runMicrotasks (&lt;anonymous&gt;)
    at processTicksAndRejections (internal/process/task_queues.js:93:5)</failure>
      <failure>Error: connect ECONNREFUSED 127.0.0.1:8096
    at TCPConnectWrap.afterConnect [as oncomplete] (net.js:1129:14)</failure>
    </testcase>
    <testcase classname="Client code behind a proxy responds with a 200 on non-proxy port" name="Client code behind a proxy responds with a 200 on non-proxy port" time="0.004">
      <failure>TypeError: httpProxy is not a function
    at httpProxy (C:\Users\user\Workspace\webpack-dev-server\test\e2e\ClientOptions.test.js:17:7)
    at Object.startProxy (C:\Users\user\Workspace\webpack-dev-server\test\e2e\ClientOptions.test.js:49:15)
    at C:\Users\user\Workspace\webpack-dev-server\node_modules\jest-jasmine2\build\queueRunner.js:45:12
    at new Promise (&lt;anonymous&gt;)
    at mapper (C:\Users\user\Workspace\webpack-dev-server\node_modules\jest-jasmine2\build\queueRunner.js:28:19)
    at C:\Users\user\Workspace\webpack-dev-server\node_modules\jest-jasmine2\build\queueRunner.js:75:41
    at runMicrotasks (&lt;anonymous&gt;)
    at processTicksAndRejections (internal/process/task_queues.js:93:5)</failure>
    </testcase>
    <testcase classname="Client code behind a proxy requests websocket through the proxy with proper port number" name="Client code behind a proxy requests websocket through the proxy with proper port number" time="4.669">
      <failure>TypeError: httpProxy is not a function
    at httpProxy (C:\Users\user\Workspace\webpack-dev-server\test\e2e\ClientOptions.test.js:17:7)
    at Object.startProxy (C:\Users\user\Workspace\webpack-dev-server\test\e2e\ClientOptions.test.js:49:15)
    at C:\Users\user\Workspace\webpack-dev-server\node_modules\jest-jasmine2\build\queueRunner.js:45:12
    at new Promise (&lt;anonymous&gt;)
    at mapper (C:\Users\user\Workspace\webpack-dev-server\node_modules\jest-jasmine2\build\queueRunner.js:28:19)
    at C:\Users\user\Workspace\webpack-dev-server\node_modules\jest-jasmine2\build\queueRunner.js:75:41
    at runMicrotasks (&lt;anonymous&gt;)
    at processTicksAndRejections (internal/process/task_queues.js:93:5)</failure>
      <failure>Error: net::ERR_CONNECTION_REFUSED at http://localhost:8096/main
    at navigate (C:\Users\user\Workspace\webpack-dev-server\node_modules\puppeteer\lib\FrameManager.js:150:37)
    at runMicrotasks (&lt;anonymous&gt;)
    at processTicksAndRejections (internal/process/task_queues.js:93:5)
    at FrameManager.navigateFrame (C:\Users\user\Workspace\webpack-dev-server\node_modules\puppeteer\lib\FrameManager.js:125:17)
    at Frame.goto (C:\Users\user\Workspace\webpack-dev-server\node_modules\puppeteer\lib\FrameManager.js:466:12)
    at Page.goto (C:\Users\user\Workspace\webpack-dev-server\node_modules\puppeteer\lib\Page.js:808:12)
  -- ASYNC --
    at Frame.&lt;anonymous&gt; (C:\Users\user\Workspace\webpack-dev-server\node_modules\puppeteer\lib\helper.js:129:15)
    at Page.goto (C:\Users\user\Workspace\webpack-dev-server\node_modules\puppeteer\lib\Page.js:808:49)
    at Page.&lt;anonymous&gt; (C:\Users\user\Workspace\webpack-dev-server\node_modules\puppeteer\lib\helper.js:130:23)
    at C:\Users\user\Workspace\webpack-dev-server\test\e2e\ClientOptions.test.js:82:9
    at runMicrotasks (&lt;anonymous&gt;)
    at processTicksAndRejections (internal/process/task_queues.js:93:5)</failure>
    </testcase>
    <testcase classname="Client complex inline script path browser client uses the correct public hostname and sockPath" name="Client complex inline script path browser client uses the correct public hostname and sockPath" time="4.341">
    </testcase>
    <testcase classname="Client complex inline script path with sockPort browser client uses the correct sockPort" name="Client complex inline script path with sockPort browser client uses the correct sockPort" time="4.343">
    </testcase>
    <testcase classname="Client complex inline script path with sockPort, no sockPath browser client uses the correct sockPort and sockPath" name="Client complex inline script path with sockPort, no sockPath browser client uses the correct sockPort and sockPath" time="4.224">
    </testcase>
    <testcase classname="Client complex inline script path with sockHost browser client uses the correct sockHost" name="Client complex inline script path with sockHost browser client uses the correct sockHost" time="4.262">
    </testcase>
    <testcase classname="Client console.log hot disabled" name="Client console.log hot disabled" time="4.625">
    </testcase>
    <testcase classname="Client console.log hot enabled" name="Client console.log hot enabled" time="2.717">
      <failure>TimeoutError: Timeout exceeded while waiting for event
    at C:\Users\user\Workspace\webpack-dev-server\node_modules\puppeteer\lib\helper.js:227:24
    at Timeout.callback (C:\Users\user\Workspace\webpack-dev-server\node_modules\jsdom\lib\jsdom\browser\Window.js:643:19)
    at listOnTimeout (internal/timers.js:531:17)
    at processTimers (internal/timers.js:475:7)
  -- ASYNC --
    at Page.&lt;anonymous&gt; (C:\Users\user\Workspace\webpack-dev-server\node_modules\puppeteer\lib\helper.js:129:15)
    at waitForRequest (C:\Users\user\Workspace\webpack-dev-server\test\e2e\ClientOptions.test.js:71:12)
    at runMicrotasks (&lt;anonymous&gt;)
    at processTicksAndRejections (internal/process/task_queues.js:93:5)</failure>
    </testcase>
    <testcase classname="Client console.log liveReload disabled" name="Client console.log liveReload disabled" time="0.019">
      <failure>Error: listen EADDRINUSE: address already in use 0.0.0.0:8096
    at Server.setupListenHandle [as _listen2] (net.js:1301:14)
    at listenInCluster (net.js:1349:12)
    at doListen (net.js:1488:7)
    at processTicksAndRejections (internal/process/task_queues.js:81:21)</failure>
    </testcase>
    <testcase classname="Client console.log liveReload enabled" name="Client console.log liveReload enabled" time="0.042">
      <failure>Error: listen EADDRINUSE: address already in use 0.0.0.0:8096
    at Server.setupListenHandle [as _listen2] (net.js:1301:14)
    at listenInCluster (net.js:1349:12)
    at doListen (net.js:1488:7)
    at processTicksAndRejections (internal/process/task_queues.js:81:21)</failure>
    </testcase>
    <testcase classname="Client console.log clientLogLevel is silent" name="Client console.log clientLogLevel is silent" time="0.025">
      <failure>Error: listen EADDRINUSE: address already in use 0.0.0.0:8096
    at Server.setupListenHandle [as _listen2] (net.js:1301:14)
    at listenInCluster (net.js:1349:12)
    at doListen (net.js:1488:7)
    at processTicksAndRejections (internal/process/task_queues.js:81:21)</failure>
    </testcase>
  </testsuite>
</testsuites>