<?xml version="1.0" encoding="UTF-8"?>
<testsuites name="jest tests" tests="571" failures="121" time="233.022">
  <testsuite name="Validation" errors="0" failures="6" skipped="0" timestamp="2020-03-31T20:35:05" time="19.501" tests="15">
    <testcase classname="Validation validation should fail validation for invalid `hot` configuration" name="Validation validation should fail validation for invalid `hot` configuration" time="0.046">
      <failure>Error: expect(received).toEqual(expected) // deep equality

- Expected  - 1
+ Received  + 2

- webpack Dev Server Invalid Options
+ Invalid configuration object. Object has been initialized using a configuration object that does not match the API schema.
+  - configuration.hot should be a boolean.
    at Object.toEqual (C:\Users\user\Workspace\webpack-dev-server\test\Validation.test.js:79:25)
    at Object.asyncJestTest (C:\Users\user\Workspace\webpack-dev-server\node_modules\jest-jasmine2\build\jasmineAsyncInstall.js:100:37)
    at C:\Users\user\Workspace\webpack-dev-server\node_modules\jest-jasmine2\build\queueRunner.js:45:12
    at new Promise (&lt;anonymous&gt;)
    at mapper (C:\Users\user\Workspace\webpack-dev-server\node_modules\jest-jasmine2\build\queueRunner.js:28:19)
    at C:\Users\user\Workspace\webpack-dev-server\node_modules\jest-jasmine2\build\queueRunner.js:75:41
    at processTicksAndRejections (internal/process/task_queues.js:93:5)</failure>
    </testcase>
    <testcase classname="Validation validation should fail validation for invalid `logLevel` configuration" name="Validation validation should fail validation for invalid `logLevel` configuration" time="0.015">
      <failure>Error: expect(received).toEqual(expected) // deep equality

- Expected  - 1
+ Received  + 3

- webpack Dev Server Invalid Options
+ Invalid configuration object. Object has been initialized using a configuration object that does not match the API schema.
+  - configuration.logLevel should be one of these:
+    &quot;info&quot; | &quot;warn&quot; | &quot;error&quot; | &quot;debug&quot; | &quot;trace&quot; | &quot;silent&quot;
    at Object.toEqual (C:\Users\user\Workspace\webpack-dev-server\test\Validation.test.js:79:25)
    at Object.asyncJestTest (C:\Users\user\Workspace\webpack-dev-server\node_modules\jest-jasmine2\build\jasmineAsyncInstall.js:100:37)
    at C:\Users\user\Workspace\webpack-dev-server\node_modules\jest-jasmine2\build\queueRunner.js:45:12
    at new Promise (&lt;anonymous&gt;)
    at mapper (C:\Users\user\Workspace\webpack-dev-server\node_modules\jest-jasmine2\build\queueRunner.js:28:19)
    at C:\Users\user\Workspace\webpack-dev-server\node_modules\jest-jasmine2\build\queueRunner.js:75:41
    at processTicksAndRejections (internal/process/task_queues.js:93:5)</failure>
    </testcase>
    <testcase classname="Validation validation should fail validation for invalid `writeToDisk` configuration" name="Validation validation should fail validation for invalid `writeToDisk` configuration" time="0.005">
      <failure>Error: expect(received).toEqual(expected) // deep equality

- Expected  - 1
+ Received  + 6

- webpack Dev Server Invalid Options
+ Invalid configuration object. Object has been initialized using a configuration object that does not match the API schema.
+  - configuration.writeToDisk should be one of these:
+    boolean | function
+    Details:
+     * configuration.writeToDisk should be a boolean.
+     * configuration.writeToDisk should be an instance of function.
    at Object.toEqual (C:\Users\user\Workspace\webpack-dev-server\test\Validation.test.js:79:25)
    at Object.asyncJestTest (C:\Users\user\Workspace\webpack-dev-server\node_modules\jest-jasmine2\build\jasmineAsyncInstall.js:100:37)
    at C:\Users\user\Workspace\webpack-dev-server\node_modules\jest-jasmine2\build\queueRunner.js:45:12
    at new Promise (&lt;anonymous&gt;)
    at mapper (C:\Users\user\Workspace\webpack-dev-server\node_modules\jest-jasmine2\build\queueRunner.js:28:19)
    at C:\Users\user\Workspace\webpack-dev-server\node_modules\jest-jasmine2\build\queueRunner.js:75:41
    at processTicksAndRejections (internal/process/task_queues.js:93:5)</failure>
    </testcase>
    <testcase classname="Validation validation should fail validation for invalid `overlay` configuration" name="Validation validation should fail validation for invalid `overlay` configuration" time="0.004">
      <failure>Error: expect(received).toEqual(expected) // deep equality

- Expected  - 1
+ Received  + 2

- webpack Dev Server Invalid Options
+ Invalid configuration object. Object has been initialized using a configuration object that does not match the API schema.
+  - configuration.overlay.errors should be a boolean.
    at Object.toEqual (C:\Users\user\Workspace\webpack-dev-server\test\Validation.test.js:79:25)
    at Object.asyncJestTest (C:\Users\user\Workspace\webpack-dev-server\node_modules\jest-jasmine2\build\jasmineAsyncInstall.js:100:37)
    at C:\Users\user\Workspace\webpack-dev-server\node_modules\jest-jasmine2\build\queueRunner.js:45:12
    at new Promise (&lt;anonymous&gt;)
    at mapper (C:\Users\user\Workspace\webpack-dev-server\node_modules\jest-jasmine2\build\queueRunner.js:28:19)
    at C:\Users\user\Workspace\webpack-dev-server\node_modules\jest-jasmine2\build\queueRunner.js:75:41
    at processTicksAndRejections (internal/process/task_queues.js:93:5)</failure>
    </testcase>
    <testcase classname="Validation validation should fail validation for invalid `contentBase` configuration" name="Validation validation should fail validation for invalid `contentBase` configuration" time="0.005">
      <failure>Error: expect(received).toEqual(expected) // deep equality

- Expected  - 1
+ Received  + 2

- webpack Dev Server Invalid Options
+ Invalid configuration object. Object has been initialized using a configuration object that does not match the API schema.
+  - configuration.contentBase[0] should be a string.
    at Object.toEqual (C:\Users\user\Workspace\webpack-dev-server\test\Validation.test.js:79:25)
    at Object.asyncJestTest (C:\Users\user\Workspace\webpack-dev-server\node_modules\jest-jasmine2\build\jasmineAsyncInstall.js:100:37)
    at C:\Users\user\Workspace\webpack-dev-server\node_modules\jest-jasmine2\build\queueRunner.js:45:12
    at new Promise (&lt;anonymous&gt;)
    at mapper (C:\Users\user\Workspace\webpack-dev-server\node_modules\jest-jasmine2\build\queueRunner.js:28:19)
    at C:\Users\user\Workspace\webpack-dev-server\node_modules\jest-jasmine2\build\queueRunner.js:75:41
    at processTicksAndRejections (internal/process/task_queues.js:93:5)</failure>
    </testcase>
    <testcase classname="Validation validation should fail validation for no additional properties" name="Validation validation should fail validation for no additional properties" time="0.012">
      <failure>Error: expect(received).toEqual(expected) // deep equality

- Expected  - 1
+ Received  + 3

- webpack Dev Server Invalid Options
+ Invalid configuration object. Object has been initialized using a configuration object that does not match the API schema.
+  - configuration has an unknown property &apos;additional&apos;. These properties are valid:
+    object { after?, allowedHosts?, before?, bonjour?, ca?, cert?, clientLogLevel?, compress?, contentBasePublicPath?, contentBase?, disableHostCheck?, features?, filename?, fs?, headers?, historyApiFallback?, host?, hot?, hotOnly?, http2?, https?, index?, injectClient?, injectHot?, inline?, key?, lazy?, liveReload?, log?, logLevel?, logTime?, mimeTypes?, noInfo?, onListening?, open?, openPage?, overlay?, pfx?, pfxPassphrase?, port?, profile?, progress?, proxy?, public?, publicPath?, quiet?, reporter?, requestCert?, serveIndex?, serverSideRender?, setup?, sockHost?, sockPath?, sockPort?, socket?, staticOptions?, stats?, transportMode?, useLocalIp?, warn?, watchContentBase?, watchOptions?, writeToDisk? }
    at Object.toEqual (C:\Users\user\Workspace\webpack-dev-server\test\Validation.test.js:79:25)
    at Object.asyncJestTest (C:\Users\user\Workspace\webpack-dev-server\node_modules\jest-jasmine2\build\jasmineAsyncInstall.js:100:37)
    at C:\Users\user\Workspace\webpack-dev-server\node_modules\jest-jasmine2\build\queueRunner.js:45:12
    at new Promise (&lt;anonymous&gt;)
    at mapper (C:\Users\user\Workspace\webpack-dev-server\node_modules\jest-jasmine2\build\queueRunner.js:28:19)
    at C:\Users\user\Workspace\webpack-dev-server\node_modules\jest-jasmine2\build\queueRunner.js:75:41
    at processTicksAndRejections (internal/process/task_queues.js:93:5)</failure>
    </testcase>
    <testcase classname="Validation filename should allow filename to be a function" name="Validation filename should allow filename to be a function" time="1.284">
    </testcase>
    <testcase classname="Validation checkHost should always allow any host if options.disableHostCheck is set" name="Validation checkHost should always allow any host if options.disableHostCheck is set" time="0.458">
    </testcase>
    <testcase classname="Validation checkHost should allow any valid options.public when host is localhost" name="Validation checkHost should allow any valid options.public when host is localhost" time="0.258">
    </testcase>
    <testcase classname="Validation checkHost should allow any valid options.public when host is 127.0.0.1" name="Validation checkHost should allow any valid options.public when host is 127.0.0.1" time="0.273">
    </testcase>
    <testcase classname="Validation checkHost should allow access for every requests using an IP" name="Validation checkHost should allow access for every requests using an IP" time="0.227">
    </testcase>
    <testcase classname="Validation checkHost should not allow hostnames that don&apos;t match options.public" name="Validation checkHost should not allow hostnames that don&apos;t match options.public" time="0.292">
    </testcase>
    <testcase classname="Validation checkHost should allow urls with scheme for checking origin" name="Validation checkHost should allow urls with scheme for checking origin" time="0.227">
    </testcase>
    <testcase classname="Validation checkHost allowedHosts should allow hosts in allowedHosts" name="Validation checkHost allowedHosts should allow hosts in allowedHosts" time="0.192">
    </testcase>
    <testcase classname="Validation checkHost allowedHosts should allow hosts that pass a wildcard in allowedHosts" name="Validation checkHost allowedHosts should allow hosts that pass a wildcard in allowedHosts" time="0.193">
    </testcase>
  </testsuite>
  <testsuite name="options" errors="0" failures="61" skipped="0" timestamp="2020-03-31T20:35:05" time="68.924" tests="62">
    <testcase classname="options should match properties and errorMessage" name="options should match properties and errorMessage" time="0.006">
    </testcase>
    <testcase classname="options validation after" name="options validation after" time="1.695">
      <failure>Error: expect(received).toBeInstanceOf(expected)

Matcher error: expected value must be a function

Expected has type:  object
Expected has value: {&quot;default&quot;: [Function ValidationError]}
    at toBeInstanceOf (C:\Users\user\Workspace\webpack-dev-server\test\options.test.js:81:27)
    at processTicksAndRejections (internal/process/task_queues.js:93:5)</failure>
    </testcase>
    <testcase classname="options validation before" name="options validation before" time="0.521">
      <failure>Error: expect(received).toBeInstanceOf(expected)

Matcher error: expected value must be a function

Expected has type:  object
Expected has value: {&quot;default&quot;: [Function ValidationError]}
    at toBeInstanceOf (C:\Users\user\Workspace\webpack-dev-server\test\options.test.js:81:27)
    at processTicksAndRejections (internal/process/task_queues.js:93:5)</failure>
    </testcase>
    <testcase classname="options validation allowedHosts" name="options validation allowedHosts" time="0.916">
      <failure>Error: expect(received).toBeInstanceOf(expected)

Matcher error: expected value must be a function

Expected has type:  object
Expected has value: {&quot;default&quot;: [Function ValidationError]}
    at toBeInstanceOf (C:\Users\user\Workspace\webpack-dev-server\test\options.test.js:81:27)
    at runMicrotasks (&lt;anonymous&gt;)
    at processTicksAndRejections (internal/process/task_queues.js:93:5)</failure>
    </testcase>
    <testcase classname="options validation bonjour" name="options validation bonjour" time="0.26">
      <failure>Error: expect(received).toBeInstanceOf(expected)

Matcher error: expected value must be a function

Expected has type:  object
Expected has value: {&quot;default&quot;: [Function ValidationError]}
    at toBeInstanceOf (C:\Users\user\Workspace\webpack-dev-server\test\options.test.js:81:27)
    at runMicrotasks (&lt;anonymous&gt;)
    at processTicksAndRejections (internal/process/task_queues.js:93:5)</failure>
    </testcase>
    <testcase classname="options validation ca" name="options validation ca" time="0.786">
      <failure>Error: expect(received).toBeInstanceOf(expected)

Matcher error: expected value must be a function

Expected has type:  object
Expected has value: {&quot;default&quot;: [Function ValidationError]}
    at toBeInstanceOf (C:\Users\user\Workspace\webpack-dev-server\test\options.test.js:81:27)
    at runMicrotasks (&lt;anonymous&gt;)
    at processTicksAndRejections (internal/process/task_queues.js:93:5)</failure>
    </testcase>
    <testcase classname="options validation cert" name="options validation cert" time="0.588">
      <failure>Error: expect(received).toBeInstanceOf(expected)

Matcher error: expected value must be a function

Expected has type:  object
Expected has value: {&quot;default&quot;: [Function ValidationError]}
    at toBeInstanceOf (C:\Users\user\Workspace\webpack-dev-server\test\options.test.js:81:27)
    at runMicrotasks (&lt;anonymous&gt;)
    at processTicksAndRejections (internal/process/task_queues.js:93:5)</failure>
    </testcase>
    <testcase classname="options validation clientLogLevel" name="options validation clientLogLevel" time="2.756">
      <failure>Error: expect(received).toBeInstanceOf(expected)

Matcher error: expected value must be a function

Expected has type:  object
Expected has value: {&quot;default&quot;: [Function ValidationError]}
    at toBeInstanceOf (C:\Users\user\Workspace\webpack-dev-server\test\options.test.js:81:27)
    at runMicrotasks (&lt;anonymous&gt;)
    at processTicksAndRejections (internal/process/task_queues.js:93:5)</failure>
    </testcase>
    <testcase classname="options validation compress" name="options validation compress" time="0.204">
      <failure>Error: expect(received).toBeInstanceOf(expected)

Matcher error: expected value must be a function

Expected has type:  object
Expected has value: {&quot;default&quot;: [Function ValidationError]}
    at toBeInstanceOf (C:\Users\user\Workspace\webpack-dev-server\test\options.test.js:81:27)
    at runMicrotasks (&lt;anonymous&gt;)
    at processTicksAndRejections (internal/process/task_queues.js:93:5)</failure>
    </testcase>
    <testcase classname="options validation contentBase" name="options validation contentBase" time="0.683">
      <failure>Error: expect(received).toBeInstanceOf(expected)

Matcher error: expected value must be a function

Expected has type:  object
Expected has value: {&quot;default&quot;: [Function ValidationError]}
    at toBeInstanceOf (C:\Users\user\Workspace\webpack-dev-server\test\options.test.js:81:27)
    at runMicrotasks (&lt;anonymous&gt;)
    at processTicksAndRejections (internal/process/task_queues.js:93:5)</failure>
    </testcase>
    <testcase classname="options validation disableHostCheck" name="options validation disableHostCheck" time="0.242">
      <failure>Error: expect(received).toBeInstanceOf(expected)

Matcher error: expected value must be a function

Expected has type:  object
Expected has value: {&quot;default&quot;: [Function ValidationError]}
    at toBeInstanceOf (C:\Users\user\Workspace\webpack-dev-server\test\options.test.js:81:27)
    at runMicrotasks (&lt;anonymous&gt;)
    at processTicksAndRejections (internal/process/task_queues.js:93:5)</failure>
    </testcase>
    <testcase classname="options validation features" name="options validation features" time="0.514">
      <failure>Error: expect(received).toBeInstanceOf(expected)

Matcher error: expected value must be a function

Expected has type:  object
Expected has value: {&quot;default&quot;: [Function ValidationError]}
    at toBeInstanceOf (C:\Users\user\Workspace\webpack-dev-server\test\options.test.js:81:27)
    at runMicrotasks (&lt;anonymous&gt;)
    at processTicksAndRejections (internal/process/task_queues.js:93:5)</failure>
    </testcase>
    <testcase classname="options validation filename" name="options validation filename" time="0.895">
      <failure>Error: expect(received).toBeInstanceOf(expected)

Matcher error: expected value must be a function

Expected has type:  object
Expected has value: {&quot;default&quot;: [Function ValidationError]}
    at toBeInstanceOf (C:\Users\user\Workspace\webpack-dev-server\test\options.test.js:81:27)
    at runMicrotasks (&lt;anonymous&gt;)
    at processTicksAndRejections (internal/process/task_queues.js:93:5)</failure>
    </testcase>
    <testcase classname="options validation fs" name="options validation fs" time="0.29">
      <failure>Error: expect(received).toBeInstanceOf(expected)

Matcher error: expected value must be a function

Expected has type:  object
Expected has value: {&quot;default&quot;: [Function ValidationError]}
    at toBeInstanceOf (C:\Users\user\Workspace\webpack-dev-server\test\options.test.js:81:27)
    at runMicrotasks (&lt;anonymous&gt;)
    at processTicksAndRejections (internal/process/task_queues.js:93:5)</failure>
    </testcase>
    <testcase classname="options validation headers" name="options validation headers" time="0.203">
      <failure>Error: expect(received).toBeInstanceOf(expected)

Matcher error: expected value must be a function

Expected has type:  object
Expected has value: {&quot;default&quot;: [Function ValidationError]}
    at toBeInstanceOf (C:\Users\user\Workspace\webpack-dev-server\test\options.test.js:81:27)
    at runMicrotasks (&lt;anonymous&gt;)
    at processTicksAndRejections (internal/process/task_queues.js:93:5)</failure>
    </testcase>
    <testcase classname="options validation historyApiFallback" name="options validation historyApiFallback" time="0.549">
      <failure>Error: expect(received).toBeInstanceOf(expected)

Matcher error: expected value must be a function

Expected has type:  object
Expected has value: {&quot;default&quot;: [Function ValidationError]}
    at toBeInstanceOf (C:\Users\user\Workspace\webpack-dev-server\test\options.test.js:81:27)
    at runMicrotasks (&lt;anonymous&gt;)
    at processTicksAndRejections (internal/process/task_queues.js:93:5)</failure>
    </testcase>
    <testcase classname="options validation host" name="options validation host" time="0.382">
      <failure>Error: expect(received).toBeInstanceOf(expected)

Matcher error: expected value must be a function

Expected has type:  object
Expected has value: {&quot;default&quot;: [Function ValidationError]}
    at toBeInstanceOf (C:\Users\user\Workspace\webpack-dev-server\test\options.test.js:81:27)
    at runMicrotasks (&lt;anonymous&gt;)
    at processTicksAndRejections (internal/process/task_queues.js:93:5)</failure>
    </testcase>
    <testcase classname="options validation hot" name="options validation hot" time="0.253">
      <failure>Error: expect(received).toBeInstanceOf(expected)

Matcher error: expected value must be a function

Expected has type:  object
Expected has value: {&quot;default&quot;: [Function ValidationError]}
    at toBeInstanceOf (C:\Users\user\Workspace\webpack-dev-server\test\options.test.js:81:27)
    at runMicrotasks (&lt;anonymous&gt;)
    at processTicksAndRejections (internal/process/task_queues.js:93:5)</failure>
    </testcase>
    <testcase classname="options validation hotOnly" name="options validation hotOnly" time="0.249">
      <failure>Error: expect(received).toBeInstanceOf(expected)

Matcher error: expected value must be a function

Expected has type:  object
Expected has value: {&quot;default&quot;: [Function ValidationError]}
    at toBeInstanceOf (C:\Users\user\Workspace\webpack-dev-server\test\options.test.js:81:27)
    at runMicrotasks (&lt;anonymous&gt;)
    at processTicksAndRejections (internal/process/task_queues.js:93:5)</failure>
    </testcase>
    <testcase classname="options validation http2" name="options validation http2" time="0.541">
      <failure>Error: expect(received).toBeInstanceOf(expected)

Matcher error: expected value must be a function

Expected has type:  object
Expected has value: {&quot;default&quot;: [Function ValidationError]}
    at toBeInstanceOf (C:\Users\user\Workspace\webpack-dev-server\test\options.test.js:81:27)
    at runMicrotasks (&lt;anonymous&gt;)
    at processTicksAndRejections (internal/process/task_queues.js:93:5)</failure>
    </testcase>
    <testcase classname="options validation https" name="options validation https" time="0.454">
      <failure>Error: expect(received).toBeInstanceOf(expected)

Matcher error: expected value must be a function

Expected has type:  object
Expected has value: {&quot;default&quot;: [Function ValidationError]}
    at toBeInstanceOf (C:\Users\user\Workspace\webpack-dev-server\test\options.test.js:81:27)
    at runMicrotasks (&lt;anonymous&gt;)
    at processTicksAndRejections (internal/process/task_queues.js:93:5)</failure>
    </testcase>
    <testcase classname="options validation index" name="options validation index" time="0.229">
      <failure>Error: expect(received).toBeInstanceOf(expected)

Matcher error: expected value must be a function

Expected has type:  object
Expected has value: {&quot;default&quot;: [Function ValidationError]}
    at toBeInstanceOf (C:\Users\user\Workspace\webpack-dev-server\test\options.test.js:81:27)
    at runMicrotasks (&lt;anonymous&gt;)
    at processTicksAndRejections (internal/process/task_queues.js:93:5)</failure>
    </testcase>
    <testcase classname="options validation injectClient" name="options validation injectClient" time="0.33">
      <failure>Error: expect(received).toBeInstanceOf(expected)

Matcher error: expected value must be a function

Expected has type:  object
Expected has value: {&quot;default&quot;: [Function ValidationError]}
    at toBeInstanceOf (C:\Users\user\Workspace\webpack-dev-server\test\options.test.js:81:27)
    at runMicrotasks (&lt;anonymous&gt;)
    at processTicksAndRejections (internal/process/task_queues.js:93:5)</failure>
    </testcase>
    <testcase classname="options validation injectHot" name="options validation injectHot" time="0.603">
      <failure>Error: expect(received).toBeInstanceOf(expected)

Matcher error: expected value must be a function

Expected has type:  object
Expected has value: {&quot;default&quot;: [Function ValidationError]}
    at toBeInstanceOf (C:\Users\user\Workspace\webpack-dev-server\test\options.test.js:81:27)
    at runMicrotasks (&lt;anonymous&gt;)
    at processTicksAndRejections (internal/process/task_queues.js:93:5)</failure>
    </testcase>
    <testcase classname="options validation inline" name="options validation inline" time="0.2">
      <failure>Error: expect(received).toBeInstanceOf(expected)

Matcher error: expected value must be a function

Expected has type:  object
Expected has value: {&quot;default&quot;: [Function ValidationError]}
    at toBeInstanceOf (C:\Users\user\Workspace\webpack-dev-server\test\options.test.js:81:27)
    at runMicrotasks (&lt;anonymous&gt;)
    at processTicksAndRejections (internal/process/task_queues.js:93:5)</failure>
    </testcase>
    <testcase classname="options validation key" name="options validation key" time="0.405">
      <failure>Error: expect(received).toBeInstanceOf(expected)

Matcher error: expected value must be a function

Expected has type:  object
Expected has value: {&quot;default&quot;: [Function ValidationError]}
    at toBeInstanceOf (C:\Users\user\Workspace\webpack-dev-server\test\options.test.js:81:27)
    at runMicrotasks (&lt;anonymous&gt;)
    at processTicksAndRejections (internal/process/task_queues.js:93:5)</failure>
    </testcase>
    <testcase classname="options validation lazy" name="options validation lazy" time="0.019">
      <failure>Error: expect(received).toBeInstanceOf(expected)

Matcher error: expected value must be a function

Expected has type:  object
Expected has value: {&quot;default&quot;: [Function ValidationError]}
    at toBeInstanceOf (C:\Users\user\Workspace\webpack-dev-server\test\options.test.js:81:27)
    at runMicrotasks (&lt;anonymous&gt;)
    at processTicksAndRejections (internal/process/task_queues.js:93:5)</failure>
    </testcase>
    <testcase classname="options validation log" name="options validation log" time="0.265">
      <failure>Error: expect(received).toBeInstanceOf(expected)

Matcher error: expected value must be a function

Expected has type:  object
Expected has value: {&quot;default&quot;: [Function ValidationError]}
    at toBeInstanceOf (C:\Users\user\Workspace\webpack-dev-server\test\options.test.js:81:27)
    at runMicrotasks (&lt;anonymous&gt;)
    at processTicksAndRejections (internal/process/task_queues.js:93:5)</failure>
    </testcase>
    <testcase classname="options validation logLevel" name="options validation logLevel" time="1.294">
      <failure>Error: expect(received).toBeInstanceOf(expected)

Matcher error: expected value must be a function

Expected has type:  object
Expected has value: {&quot;default&quot;: [Function ValidationError]}
    at toBeInstanceOf (C:\Users\user\Workspace\webpack-dev-server\test\options.test.js:81:27)
    at runMicrotasks (&lt;anonymous&gt;)
    at processTicksAndRejections (internal/process/task_queues.js:93:5)</failure>
    </testcase>
    <testcase classname="options validation logTime" name="options validation logTime" time="0.241">
      <failure>Error: expect(received).toBeInstanceOf(expected)

Matcher error: expected value must be a function

Expected has type:  object
Expected has value: {&quot;default&quot;: [Function ValidationError]}
    at toBeInstanceOf (C:\Users\user\Workspace\webpack-dev-server\test\options.test.js:81:27)
    at runMicrotasks (&lt;anonymous&gt;)
    at processTicksAndRejections (internal/process/task_queues.js:93:5)</failure>
    </testcase>
    <testcase classname="options validation mimeTypes" name="options validation mimeTypes" time="0.331">
      <failure>Error: expect(received).toBeInstanceOf(expected)

Matcher error: expected value must be a function

Expected has type:  object
Expected has value: {&quot;default&quot;: [Function ValidationError]}
    at toBeInstanceOf (C:\Users\user\Workspace\webpack-dev-server\test\options.test.js:81:27)
    at runMicrotasks (&lt;anonymous&gt;)
    at processTicksAndRejections (internal/process/task_queues.js:93:5)</failure>
    </testcase>
    <testcase classname="options validation noInfo" name="options validation noInfo" time="0.291">
      <failure>Error: expect(received).toBeInstanceOf(expected)

Matcher error: expected value must be a function

Expected has type:  object
Expected has value: {&quot;default&quot;: [Function ValidationError]}
    at toBeInstanceOf (C:\Users\user\Workspace\webpack-dev-server\test\options.test.js:81:27)
    at runMicrotasks (&lt;anonymous&gt;)
    at processTicksAndRejections (internal/process/task_queues.js:93:5)</failure>
    </testcase>
    <testcase classname="options validation onListening" name="options validation onListening" time="0.237">
      <failure>Error: expect(received).toBeInstanceOf(expected)

Matcher error: expected value must be a function

Expected has type:  object
Expected has value: {&quot;default&quot;: [Function ValidationError]}
    at toBeInstanceOf (C:\Users\user\Workspace\webpack-dev-server\test\options.test.js:81:27)
    at runMicrotasks (&lt;anonymous&gt;)
    at processTicksAndRejections (internal/process/task_queues.js:93:5)</failure>
    </testcase>
    <testcase classname="options validation open" name="options validation open" time="0.422">
      <failure>Error: expect(received).toBeInstanceOf(expected)

Matcher error: expected value must be a function

Expected has type:  object
Expected has value: {&quot;default&quot;: [Function ValidationError]}
    at toBeInstanceOf (C:\Users\user\Workspace\webpack-dev-server\test\options.test.js:81:27)
    at runMicrotasks (&lt;anonymous&gt;)
    at processTicksAndRejections (internal/process/task_queues.js:93:5)</failure>
    </testcase>
    <testcase classname="options validation openPage" name="options validation openPage" time="0.222">
      <failure>Error: expect(received).toBeInstanceOf(expected)

Matcher error: expected value must be a function

Expected has type:  object
Expected has value: {&quot;default&quot;: [Function ValidationError]}
    at toBeInstanceOf (C:\Users\user\Workspace\webpack-dev-server\test\options.test.js:81:27)
    at runMicrotasks (&lt;anonymous&gt;)
    at processTicksAndRejections (internal/process/task_queues.js:93:5)</failure>
    </testcase>
    <testcase classname="options validation overlay" name="options validation overlay" time="1.143">
      <failure>Error: expect(received).toBeInstanceOf(expected)

Matcher error: expected value must be a function

Expected has type:  object
Expected has value: {&quot;default&quot;: [Function ValidationError]}
    at toBeInstanceOf (C:\Users\user\Workspace\webpack-dev-server\test\options.test.js:81:27)
    at runMicrotasks (&lt;anonymous&gt;)
    at processTicksAndRejections (internal/process/task_queues.js:93:5)</failure>
    </testcase>
    <testcase classname="options validation pfx" name="options validation pfx" time="0.657">
      <failure>Error: expect(received).toBeInstanceOf(expected)

Matcher error: expected value must be a function

Expected has type:  object
Expected has value: {&quot;default&quot;: [Function ValidationError]}
    at toBeInstanceOf (C:\Users\user\Workspace\webpack-dev-server\test\options.test.js:81:27)
    at runMicrotasks (&lt;anonymous&gt;)
    at processTicksAndRejections (internal/process/task_queues.js:93:5)</failure>
    </testcase>
    <testcase classname="options validation pfxPassphrase" name="options validation pfxPassphrase" time="0.309">
      <failure>Error: expect(received).toBeInstanceOf(expected)

Matcher error: expected value must be a function

Expected has type:  object
Expected has value: {&quot;default&quot;: [Function ValidationError]}
    at toBeInstanceOf (C:\Users\user\Workspace\webpack-dev-server\test\options.test.js:81:27)
    at runMicrotasks (&lt;anonymous&gt;)
    at processTicksAndRejections (internal/process/task_queues.js:93:5)</failure>
    </testcase>
    <testcase classname="options validation port" name="options validation port" time="0.664">
      <failure>Error: expect(received).toBeInstanceOf(expected)

Matcher error: expected value must be a function

Expected has type:  object
Expected has value: {&quot;default&quot;: [Function ValidationError]}
    at toBeInstanceOf (C:\Users\user\Workspace\webpack-dev-server\test\options.test.js:81:27)
    at runMicrotasks (&lt;anonymous&gt;)
    at processTicksAndRejections (internal/process/task_queues.js:93:5)</failure>
    </testcase>
    <testcase classname="options validation profile" name="options validation profile" time="0.194">
      <failure>Error: expect(received).toBeInstanceOf(expected)

Matcher error: expected value must be a function

Expected has type:  object
Expected has value: {&quot;default&quot;: [Function ValidationError]}
    at toBeInstanceOf (C:\Users\user\Workspace\webpack-dev-server\test\options.test.js:81:27)
    at runMicrotasks (&lt;anonymous&gt;)
    at processTicksAndRejections (internal/process/task_queues.js:93:5)</failure>
    </testcase>
    <testcase classname="options validation progress" name="options validation progress" time="0.206">
      <failure>Error: expect(received).toBeInstanceOf(expected)

Matcher error: expected value must be a function

Expected has type:  object
Expected has value: {&quot;default&quot;: [Function ValidationError]}
    at toBeInstanceOf (C:\Users\user\Workspace\webpack-dev-server\test\options.test.js:81:27)
    at runMicrotasks (&lt;anonymous&gt;)
    at processTicksAndRejections (internal/process/task_queues.js:93:5)</failure>
    </testcase>
    <testcase classname="options validation proxy" name="options validation proxy" time="0.035">
      <failure>Error: expect(received).toBeTruthy()

Received: false
    at toBeTruthy (C:\Users\user\Workspace\webpack-dev-server\test\options.test.js:83:29)
    at runMicrotasks (&lt;anonymous&gt;)
    at processTicksAndRejections (internal/process/task_queues.js:93:5)</failure>
    </testcase>
    <testcase classname="options validation public" name="options validation public" time="2.741">
      <failure>Error: expect(received).toBeInstanceOf(expected)

Matcher error: expected value must be a function

Expected has type:  object
Expected has value: {&quot;default&quot;: [Function ValidationError]}
    at toBeInstanceOf (C:\Users\user\Workspace\webpack-dev-server\test\options.test.js:81:27)
    at runMicrotasks (&lt;anonymous&gt;)
    at processTicksAndRejections (internal/process/task_queues.js:93:5)</failure>
    </testcase>
    <testcase classname="options validation publicPath" name="options validation publicPath" time="0.514">
      <failure>Error: expect(received).toBeInstanceOf(expected)

Matcher error: expected value must be a function

Expected has type:  object
Expected has value: {&quot;default&quot;: [Function ValidationError]}
    at toBeInstanceOf (C:\Users\user\Workspace\webpack-dev-server\test\options.test.js:81:27)
    at processTicksAndRejections (internal/process/task_queues.js:93:5)</failure>
    </testcase>
    <testcase classname="options validation quiet" name="options validation quiet" time="0.296">
      <failure>Error: expect(received).toBeInstanceOf(expected)

Matcher error: expected value must be a function

Expected has type:  object
Expected has value: {&quot;default&quot;: [Function ValidationError]}
    at toBeInstanceOf (C:\Users\user\Workspace\webpack-dev-server\test\options.test.js:81:27)
    at processTicksAndRejections (internal/process/task_queues.js:93:5)</failure>
    </testcase>
    <testcase classname="options validation reporter" name="options validation reporter" time="0.192">
      <failure>Error: expect(received).toBeInstanceOf(expected)

Matcher error: expected value must be a function

Expected has type:  object
Expected has value: {&quot;default&quot;: [Function ValidationError]}
    at toBeInstanceOf (C:\Users\user\Workspace\webpack-dev-server\test\options.test.js:81:27)
    at runMicrotasks (&lt;anonymous&gt;)
    at processTicksAndRejections (internal/process/task_queues.js:93:5)</failure>
    </testcase>
    <testcase classname="options validation requestCert" name="options validation requestCert" time="0.201">
      <failure>Error: expect(received).toBeInstanceOf(expected)

Matcher error: expected value must be a function

Expected has type:  object
Expected has value: {&quot;default&quot;: [Function ValidationError]}
    at toBeInstanceOf (C:\Users\user\Workspace\webpack-dev-server\test\options.test.js:81:27)
    at runMicrotasks (&lt;anonymous&gt;)
    at processTicksAndRejections (internal/process/task_queues.js:93:5)</failure>
    </testcase>
    <testcase classname="options validation serveIndex" name="options validation serveIndex" time="0.206">
      <failure>Error: expect(received).toBeInstanceOf(expected)

Matcher error: expected value must be a function

Expected has type:  object
Expected has value: {&quot;default&quot;: [Function ValidationError]}
    at toBeInstanceOf (C:\Users\user\Workspace\webpack-dev-server\test\options.test.js:81:27)
    at runMicrotasks (&lt;anonymous&gt;)
    at processTicksAndRejections (internal/process/task_queues.js:93:5)</failure>
    </testcase>
    <testcase classname="options validation serverSideRender" name="options validation serverSideRender" time="0.225">
      <failure>Error: expect(received).toBeInstanceOf(expected)

Matcher error: expected value must be a function

Expected has type:  object
Expected has value: {&quot;default&quot;: [Function ValidationError]}
    at toBeInstanceOf (C:\Users\user\Workspace\webpack-dev-server\test\options.test.js:81:27)
    at runMicrotasks (&lt;anonymous&gt;)
    at processTicksAndRejections (internal/process/task_queues.js:93:5)</failure>
    </testcase>
    <testcase classname="options validation setup" name="options validation setup" time="0.238">
      <failure>Error: expect(received).toBeInstanceOf(expected)

Matcher error: expected value must be a function

Expected has type:  object
Expected has value: {&quot;default&quot;: [Function ValidationError]}
    at toBeInstanceOf (C:\Users\user\Workspace\webpack-dev-server\test\options.test.js:81:27)
    at runMicrotasks (&lt;anonymous&gt;)
    at processTicksAndRejections (internal/process/task_queues.js:93:5)</failure>
    </testcase>
    <testcase classname="options validation socket" name="options validation socket" time="0.236">
      <failure>Error: expect(received).toBeInstanceOf(expected)

Matcher error: expected value must be a function

Expected has type:  object
Expected has value: {&quot;default&quot;: [Function ValidationError]}
    at toBeInstanceOf (C:\Users\user\Workspace\webpack-dev-server\test\options.test.js:81:27)
    at runMicrotasks (&lt;anonymous&gt;)
    at processTicksAndRejections (internal/process/task_queues.js:93:5)</failure>
    </testcase>
    <testcase classname="options validation sockHost" name="options validation sockHost" time="0.196">
      <failure>Error: expect(received).toBeInstanceOf(expected)

Matcher error: expected value must be a function

Expected has type:  object
Expected has value: {&quot;default&quot;: [Function ValidationError]}
    at toBeInstanceOf (C:\Users\user\Workspace\webpack-dev-server\test\options.test.js:81:27)
    at runMicrotasks (&lt;anonymous&gt;)
    at processTicksAndRejections (internal/process/task_queues.js:93:5)</failure>
    </testcase>
    <testcase classname="options validation sockPath" name="options validation sockPath" time="0.221">
      <failure>Error: expect(received).toBeInstanceOf(expected)

Matcher error: expected value must be a function

Expected has type:  object
Expected has value: {&quot;default&quot;: [Function ValidationError]}
    at toBeInstanceOf (C:\Users\user\Workspace\webpack-dev-server\test\options.test.js:81:27)
    at runMicrotasks (&lt;anonymous&gt;)
    at processTicksAndRejections (internal/process/task_queues.js:93:5)</failure>
    </testcase>
    <testcase classname="options validation sockPort" name="options validation sockPort" time="0.643">
      <failure>Error: expect(received).toBeInstanceOf(expected)

Matcher error: expected value must be a function

Expected has type:  object
Expected has value: {&quot;default&quot;: [Function ValidationError]}
    at toBeInstanceOf (C:\Users\user\Workspace\webpack-dev-server\test\options.test.js:81:27)
    at runMicrotasks (&lt;anonymous&gt;)
    at processTicksAndRejections (internal/process/task_queues.js:93:5)</failure>
    </testcase>
    <testcase classname="options validation staticOptions" name="options validation staticOptions" time="0.193">
      <failure>Error: expect(received).toBeInstanceOf(expected)

Matcher error: expected value must be a function

Expected has type:  object
Expected has value: {&quot;default&quot;: [Function ValidationError]}
    at toBeInstanceOf (C:\Users\user\Workspace\webpack-dev-server\test\options.test.js:81:27)
    at runMicrotasks (&lt;anonymous&gt;)
    at processTicksAndRejections (internal/process/task_queues.js:93:5)</failure>
    </testcase>
    <testcase classname="options validation stats" name="options validation stats" time="1.759">
      <failure>Error: expect(received).toBeInstanceOf(expected)

Matcher error: expected value must be a function

Expected has type:  object
Expected has value: {&quot;default&quot;: [Function ValidationError]}
    at toBeInstanceOf (C:\Users\user\Workspace\webpack-dev-server\test\options.test.js:81:27)
    at runMicrotasks (&lt;anonymous&gt;)
    at processTicksAndRejections (internal/process/task_queues.js:93:5)</failure>
    </testcase>
    <testcase classname="options validation transportMode" name="options validation transportMode" time="1.836">
      <failure>Error: expect(received).toBeInstanceOf(expected)

Matcher error: expected value must be a function

Expected has type:  object
Expected has value: {&quot;default&quot;: [Function ValidationError]}
    at toBeInstanceOf (C:\Users\user\Workspace\webpack-dev-server\test\options.test.js:81:27)
    at runMicrotasks (&lt;anonymous&gt;)
    at processTicksAndRejections (internal/process/task_queues.js:93:5)</failure>
    </testcase>
    <testcase classname="options validation useLocalIp" name="options validation useLocalIp" time="0.203">
      <failure>Error: expect(received).toBeInstanceOf(expected)

Matcher error: expected value must be a function

Expected has type:  object
Expected has value: {&quot;default&quot;: [Function ValidationError]}
    at toBeInstanceOf (C:\Users\user\Workspace\webpack-dev-server\test\options.test.js:81:27)
    at runMicrotasks (&lt;anonymous&gt;)
    at processTicksAndRejections (internal/process/task_queues.js:93:5)</failure>
    </testcase>
    <testcase classname="options validation warn" name="options validation warn" time="0.206">
      <failure>Error: expect(received).toBeInstanceOf(expected)

Matcher error: expected value must be a function

Expected has type:  object
Expected has value: {&quot;default&quot;: [Function ValidationError]}
    at toBeInstanceOf (C:\Users\user\Workspace\webpack-dev-server\test\options.test.js:81:27)
    at runMicrotasks (&lt;anonymous&gt;)
    at processTicksAndRejections (internal/process/task_queues.js:93:5)</failure>
    </testcase>
    <testcase classname="options validation watchContentBase" name="options validation watchContentBase" time="0.247">
      <failure>Error: expect(received).toBeInstanceOf(expected)

Matcher error: expected value must be a function

Expected has type:  object
Expected has value: {&quot;default&quot;: [Function ValidationError]}
    at toBeInstanceOf (C:\Users\user\Workspace\webpack-dev-server\test\options.test.js:81:27)
    at runMicrotasks (&lt;anonymous&gt;)
    at processTicksAndRejections (internal/process/task_queues.js:93:5)</failure>
    </testcase>
    <testcase classname="options validation watchOptions" name="options validation watchOptions" time="0.259">
      <failure>Error: expect(received).toBeInstanceOf(expected)

Matcher error: expected value must be a function

Expected has type:  object
Expected has value: {&quot;default&quot;: [Function ValidationError]}
    at toBeInstanceOf (C:\Users\user\Workspace\webpack-dev-server\test\options.test.js:81:27)
    at runMicrotasks (&lt;anonymous&gt;)
    at processTicksAndRejections (internal/process/task_queues.js:93:5)</failure>
    </testcase>
    <testcase classname="options validation writeToDisk" name="options validation writeToDisk" time="0.419">
      <failure>Error: expect(received).toBeInstanceOf(expected)

Matcher error: expected value must be a function

Expected has type:  object
Expected has value: {&quot;default&quot;: [Function ValidationError]}
    at toBeInstanceOf (C:\Users\user\Workspace\webpack-dev-server\test\options.test.js:81:27)
    at runMicrotasks (&lt;anonymous&gt;)
    at processTicksAndRejections (internal/process/task_queues.js:93:5)</failure>
    </testcase>
  </testsuite>
  <testsuite name="index" errors="0" failures="13" skipped="1" timestamp="2020-03-31T20:36:16" time="0.532" tests="14">
    <testcase classname="index should set arguments into socket function" name="index should set arguments into socket function" time="0.003">
      <failure>TypeError: Cannot assign to read only property &apos;reload&apos; of object &apos;[object Location]&apos;
    at Object.&lt;anonymous&gt; (C:\Users\user\Workspace\webpack-dev-server\test\client\index.test.js:20:5)
    at Object.asyncJestLifecycle (C:\Users\user\Workspace\webpack-dev-server\node_modules\jest-jasmine2\build\jasmineAsyncInstall.js:53:37)
    at C:\Users\user\Workspace\webpack-dev-server\node_modules\jest-jasmine2\build\queueRunner.js:45:12
    at new Promise (&lt;anonymous&gt;)
    at mapper (C:\Users\user\Workspace\webpack-dev-server\node_modules\jest-jasmine2\build\queueRunner.js:28:19)
    at C:\Users\user\Workspace\webpack-dev-server\node_modules\jest-jasmine2\build\queueRunner.js:75:41
    at processTicksAndRejections (internal/process/task_queues.js:93:5)</failure>
      <failure>TypeError: Cannot read property &apos;mock&apos; of undefined
    at Object.mock (C:\Users\user\Workspace\webpack-dev-server\test\client\index.test.js:69:19)
    at Object.asyncJestTest (C:\Users\user\Workspace\webpack-dev-server\node_modules\jest-jasmine2\build\jasmineAsyncInstall.js:100:37)
    at C:\Users\user\Workspace\webpack-dev-server\node_modules\jest-jasmine2\build\queueRunner.js:45:12
    at new Promise (&lt;anonymous&gt;)
    at mapper (C:\Users\user\Workspace\webpack-dev-server\node_modules\jest-jasmine2\build\queueRunner.js:28:19)
    at C:\Users\user\Workspace\webpack-dev-server\node_modules\jest-jasmine2\build\queueRunner.js:75:41
    at processTicksAndRejections (internal/process/task_queues.js:93:5)</failure>
    </testcase>
    <testcase classname="index should run onSocketMessage.hot" name="index should run onSocketMessage.hot" time="0.002">
      <failure>TypeError: Cannot assign to read only property &apos;reload&apos; of object &apos;[object Location]&apos;
    at Object.&lt;anonymous&gt; (C:\Users\user\Workspace\webpack-dev-server\test\client\index.test.js:20:5)
    at Object.asyncJestLifecycle (C:\Users\user\Workspace\webpack-dev-server\node_modules\jest-jasmine2\build\jasmineAsyncInstall.js:53:37)
    at C:\Users\user\Workspace\webpack-dev-server\node_modules\jest-jasmine2\build\queueRunner.js:45:12
    at new Promise (&lt;anonymous&gt;)
    at mapper (C:\Users\user\Workspace\webpack-dev-server\node_modules\jest-jasmine2\build\queueRunner.js:28:19)
    at C:\Users\user\Workspace\webpack-dev-server\node_modules\jest-jasmine2\build\queueRunner.js:75:41
    at processTicksAndRejections (internal/process/task_queues.js:93:5)</failure>
      <failure>TypeError: Cannot read property &apos;hot&apos; of undefined
    at Object.hot (C:\Users\user\Workspace\webpack-dev-server\test\client\index.test.js:73:21)
    at Object.asyncJestTest (C:\Users\user\Workspace\webpack-dev-server\node_modules\jest-jasmine2\build\jasmineAsyncInstall.js:100:37)
    at C:\Users\user\Workspace\webpack-dev-server\node_modules\jest-jasmine2\build\queueRunner.js:45:12
    at new Promise (&lt;anonymous&gt;)
    at mapper (C:\Users\user\Workspace\webpack-dev-server\node_modules\jest-jasmine2\build\queueRunner.js:28:19)
    at C:\Users\user\Workspace\webpack-dev-server\node_modules\jest-jasmine2\build\queueRunner.js:75:41
    at processTicksAndRejections (internal/process/task_queues.js:93:5)</failure>
    </testcase>
    <testcase classname="index should run onSocketMessage.liveReload" name="index should run onSocketMessage.liveReload" time="0.001">
      <failure>TypeError: Cannot assign to read only property &apos;reload&apos; of object &apos;[object Location]&apos;
    at Object.&lt;anonymous&gt; (C:\Users\user\Workspace\webpack-dev-server\test\client\index.test.js:20:5)
    at Object.asyncJestLifecycle (C:\Users\user\Workspace\webpack-dev-server\node_modules\jest-jasmine2\build\jasmineAsyncInstall.js:53:37)
    at C:\Users\user\Workspace\webpack-dev-server\node_modules\jest-jasmine2\build\queueRunner.js:45:12
    at new Promise (&lt;anonymous&gt;)
    at mapper (C:\Users\user\Workspace\webpack-dev-server\node_modules\jest-jasmine2\build\queueRunner.js:28:19)
    at C:\Users\user\Workspace\webpack-dev-server\node_modules\jest-jasmine2\build\queueRunner.js:75:41
    at processTicksAndRejections (internal/process/task_queues.js:93:5)</failure>
      <failure>TypeError: Cannot read property &apos;liveReload&apos; of undefined
    at Object.liveReload (C:\Users\user\Workspace\webpack-dev-server\test\client\index.test.js:78:21)
    at Object.asyncJestTest (C:\Users\user\Workspace\webpack-dev-server\node_modules\jest-jasmine2\build\jasmineAsyncInstall.js:100:37)
    at C:\Users\user\Workspace\webpack-dev-server\node_modules\jest-jasmine2\build\queueRunner.js:45:12
    at new Promise (&lt;anonymous&gt;)
    at mapper (C:\Users\user\Workspace\webpack-dev-server\node_modules\jest-jasmine2\build\queueRunner.js:28:19)
    at C:\Users\user\Workspace\webpack-dev-server\node_modules\jest-jasmine2\build\queueRunner.js:75:41
    at processTicksAndRejections (internal/process/task_queues.js:93:5)</failure>
    </testcase>
    <testcase classname="index should run onSocketMessage.invalid" name="index should run onSocketMessage.invalid" time="0.002">
      <failure>TypeError: Cannot assign to read only property &apos;reload&apos; of object &apos;[object Location]&apos;
    at Object.&lt;anonymous&gt; (C:\Users\user\Workspace\webpack-dev-server\test\client\index.test.js:20:5)
    at Object.asyncJestLifecycle (C:\Users\user\Workspace\webpack-dev-server\node_modules\jest-jasmine2\build\jasmineAsyncInstall.js:53:37)
    at C:\Users\user\Workspace\webpack-dev-server\node_modules\jest-jasmine2\build\queueRunner.js:45:12
    at new Promise (&lt;anonymous&gt;)
    at mapper (C:\Users\user\Workspace\webpack-dev-server\node_modules\jest-jasmine2\build\queueRunner.js:28:19)
    at C:\Users\user\Workspace\webpack-dev-server\node_modules\jest-jasmine2\build\queueRunner.js:75:41
    at processTicksAndRejections (internal/process/task_queues.js:93:5)</failure>
      <failure>TypeError: Cannot read property &apos;invalid&apos; of undefined
    at Object.invalid (C:\Users\user\Workspace\webpack-dev-server\test\client\index.test.js:83:21)
    at Object.asyncJestTest (C:\Users\user\Workspace\webpack-dev-server\node_modules\jest-jasmine2\build\jasmineAsyncInstall.js:100:37)
    at C:\Users\user\Workspace\webpack-dev-server\node_modules\jest-jasmine2\build\queueRunner.js:45:12
    at new Promise (&lt;anonymous&gt;)
    at mapper (C:\Users\user\Workspace\webpack-dev-server\node_modules\jest-jasmine2\build\queueRunner.js:28:19)
    at C:\Users\user\Workspace\webpack-dev-server\node_modules\jest-jasmine2\build\queueRunner.js:75:41
    at processTicksAndRejections (internal/process/task_queues.js:93:5)</failure>
    </testcase>
    <testcase classname="index should run onSocketMessage[&apos;still-ok&apos;]" name="index should run onSocketMessage[&apos;still-ok&apos;]" time="0.002">
      <failure>TypeError: Cannot assign to read only property &apos;reload&apos; of object &apos;[object Location]&apos;
    at Object.&lt;anonymous&gt; (C:\Users\user\Workspace\webpack-dev-server\test\client\index.test.js:20:5)
    at Object.asyncJestLifecycle (C:\Users\user\Workspace\webpack-dev-server\node_modules\jest-jasmine2\build\jasmineAsyncInstall.js:53:37)
    at C:\Users\user\Workspace\webpack-dev-server\node_modules\jest-jasmine2\build\queueRunner.js:45:12
    at new Promise (&lt;anonymous&gt;)
    at mapper (C:\Users\user\Workspace\webpack-dev-server\node_modules\jest-jasmine2\build\queueRunner.js:28:19)
    at C:\Users\user\Workspace\webpack-dev-server\node_modules\jest-jasmine2\build\queueRunner.js:75:41
    at processTicksAndRejections (internal/process/task_queues.js:93:5)</failure>
      <failure>TypeError: Cannot read property &apos;still-ok&apos; of undefined
    at Object.&lt;anonymous&gt; (C:\Users\user\Workspace\webpack-dev-server\test\client\index.test.js:95:20)
    at Object.asyncJestTest (C:\Users\user\Workspace\webpack-dev-server\node_modules\jest-jasmine2\build\jasmineAsyncInstall.js:100:37)
    at C:\Users\user\Workspace\webpack-dev-server\node_modules\jest-jasmine2\build\queueRunner.js:45:12
    at new Promise (&lt;anonymous&gt;)
    at mapper (C:\Users\user\Workspace\webpack-dev-server\node_modules\jest-jasmine2\build\queueRunner.js:28:19)
    at C:\Users\user\Workspace\webpack-dev-server\node_modules\jest-jasmine2\build\queueRunner.js:75:41
    at processTicksAndRejections (internal/process/task_queues.js:93:5)</failure>
    </testcase>
    <testcase classname="index should run onSocketMessage[&apos;log-level&apos;]" name="index should run onSocketMessage[&apos;log-level&apos;]" time="0">
      <skipped/>
    </testcase>
    <testcase classname="index should run onSocketMessage.progress and onSocketMessage[&apos;progress-update&apos;]" name="index should run onSocketMessage.progress and onSocketMessage[&apos;progress-update&apos;]" time="0.002">
      <failure>TypeError: Cannot assign to read only property &apos;reload&apos; of object &apos;[object Location]&apos;
    at Object.&lt;anonymous&gt; (C:\Users\user\Workspace\webpack-dev-server\test\client\index.test.js:20:5)
    at Object.asyncJestLifecycle (C:\Users\user\Workspace\webpack-dev-server\node_modules\jest-jasmine2\build\jasmineAsyncInstall.js:53:37)
    at C:\Users\user\Workspace\webpack-dev-server\node_modules\jest-jasmine2\build\queueRunner.js:45:12
    at new Promise (&lt;anonymous&gt;)
    at mapper (C:\Users\user\Workspace\webpack-dev-server\node_modules\jest-jasmine2\build\queueRunner.js:28:19)
    at C:\Users\user\Workspace\webpack-dev-server\node_modules\jest-jasmine2\build\queueRunner.js:75:41
    at processTicksAndRejections (internal/process/task_queues.js:93:5)</failure>
      <failure>TypeError: Cannot read property &apos;progress&apos; of undefined
    at Object.progress (C:\Users\user\Workspace\webpack-dev-server\test\client\index.test.js:112:21)
    at Object.asyncJestTest (C:\Users\user\Workspace\webpack-dev-server\node_modules\jest-jasmine2\build\jasmineAsyncInstall.js:100:37)
    at C:\Users\user\Workspace\webpack-dev-server\node_modules\jest-jasmine2\build\queueRunner.js:45:12
    at new Promise (&lt;anonymous&gt;)
    at mapper (C:\Users\user\Workspace\webpack-dev-server\node_modules\jest-jasmine2\build\queueRunner.js:28:19)
    at C:\Users\user\Workspace\webpack-dev-server\node_modules\jest-jasmine2\build\queueRunner.js:75:41
    at processTicksAndRejections (internal/process/task_queues.js:93:5)</failure>
    </testcase>
    <testcase classname="index should run onSocketMessage.overlay with an argument is Object" name="index should run onSocketMessage.overlay with an argument is Object" time="0.002">
      <failure>TypeError: Cannot assign to read only property &apos;reload&apos; of object &apos;[object Location]&apos;
    at Object.&lt;anonymous&gt; (C:\Users\user\Workspace\webpack-dev-server\test\client\index.test.js:20:5)
    at Object.asyncJestLifecycle (C:\Users\user\Workspace\webpack-dev-server\node_modules\jest-jasmine2\build\jasmineAsyncInstall.js:53:37)
    at C:\Users\user\Workspace\webpack-dev-server\node_modules\jest-jasmine2\build\queueRunner.js:45:12
    at new Promise (&lt;anonymous&gt;)
    at mapper (C:\Users\user\Workspace\webpack-dev-server\node_modules\jest-jasmine2\build\queueRunner.js:28:19)
    at C:\Users\user\Workspace\webpack-dev-server\node_modules\jest-jasmine2\build\queueRunner.js:75:41
    at processTicksAndRejections (internal/process/task_queues.js:93:5)</failure>
      <failure>TypeError: Cannot read property &apos;overlay&apos; of undefined
    at Object.overlay (C:\Users\user\Workspace\webpack-dev-server\test\client\index.test.js:129:21)
    at Object.asyncJestTest (C:\Users\user\Workspace\webpack-dev-server\node_modules\jest-jasmine2\build\jasmineAsyncInstall.js:100:37)
    at C:\Users\user\Workspace\webpack-dev-server\node_modules\jest-jasmine2\build\queueRunner.js:45:12
    at new Promise (&lt;anonymous&gt;)
    at mapper (C:\Users\user\Workspace\webpack-dev-server\node_modules\jest-jasmine2\build\queueRunner.js:28:19)
    at C:\Users\user\Workspace\webpack-dev-server\node_modules\jest-jasmine2\build\queueRunner.js:75:41
    at processTicksAndRejections (internal/process/task_queues.js:93:5)</failure>
    </testcase>
    <testcase classname="index should run onSocketMessage.ok" name="index should run onSocketMessage.ok" time="0.002">
      <failure>TypeError: Cannot assign to read only property &apos;reload&apos; of object &apos;[object Location]&apos;
    at Object.&lt;anonymous&gt; (C:\Users\user\Workspace\webpack-dev-server\test\client\index.test.js:20:5)
    at Object.asyncJestLifecycle (C:\Users\user\Workspace\webpack-dev-server\node_modules\jest-jasmine2\build\jasmineAsyncInstall.js:53:37)
    at C:\Users\user\Workspace\webpack-dev-server\node_modules\jest-jasmine2\build\queueRunner.js:45:12
    at new Promise (&lt;anonymous&gt;)
    at mapper (C:\Users\user\Workspace\webpack-dev-server\node_modules\jest-jasmine2\build\queueRunner.js:28:19)
    at C:\Users\user\Workspace\webpack-dev-server\node_modules\jest-jasmine2\build\queueRunner.js:75:41
    at processTicksAndRejections (internal/process/task_queues.js:93:5)</failure>
      <failure>TypeError: Cannot read property &apos;ok&apos; of undefined
    at Object.ok (C:\Users\user\Workspace\webpack-dev-server\test\client\index.test.js:141:35)
    at Object.asyncJestTest (C:\Users\user\Workspace\webpack-dev-server\node_modules\jest-jasmine2\build\jasmineAsyncInstall.js:100:37)
    at C:\Users\user\Workspace\webpack-dev-server\node_modules\jest-jasmine2\build\queueRunner.js:45:12
    at new Promise (&lt;anonymous&gt;)
    at mapper (C:\Users\user\Workspace\webpack-dev-server\node_modules\jest-jasmine2\build\queueRunner.js:28:19)
    at C:\Users\user\Workspace\webpack-dev-server\node_modules\jest-jasmine2\build\queueRunner.js:75:41
    at processTicksAndRejections (internal/process/task_queues.js:93:5)</failure>
    </testcase>
    <testcase classname="index should run onSocketMessage[&apos;content-changed&apos;]" name="index should run onSocketMessage[&apos;content-changed&apos;]" time="0.002">
      <failure>TypeError: Cannot assign to read only property &apos;reload&apos; of object &apos;[object Location]&apos;
    at Object.&lt;anonymous&gt; (C:\Users\user\Workspace\webpack-dev-server\test\client\index.test.js:20:5)
    at Object.asyncJestLifecycle (C:\Users\user\Workspace\webpack-dev-server\node_modules\jest-jasmine2\build\jasmineAsyncInstall.js:53:37)
    at C:\Users\user\Workspace\webpack-dev-server\node_modules\jest-jasmine2\build\queueRunner.js:45:12
    at new Promise (&lt;anonymous&gt;)
    at mapper (C:\Users\user\Workspace\webpack-dev-server\node_modules\jest-jasmine2\build\queueRunner.js:28:19)
    at C:\Users\user\Workspace\webpack-dev-server\node_modules\jest-jasmine2\build\queueRunner.js:75:41
    at processTicksAndRejections (internal/process/task_queues.js:93:5)</failure>
      <failure>TypeError: Cannot read property &apos;content-changed&apos; of undefined
    at Object.&lt;anonymous&gt; (C:\Users\user\Workspace\webpack-dev-server\test\client\index.test.js:159:20)
    at Object.asyncJestTest (C:\Users\user\Workspace\webpack-dev-server\node_modules\jest-jasmine2\build\jasmineAsyncInstall.js:100:37)
    at C:\Users\user\Workspace\webpack-dev-server\node_modules\jest-jasmine2\build\queueRunner.js:45:12
    at new Promise (&lt;anonymous&gt;)
    at mapper (C:\Users\user\Workspace\webpack-dev-server\node_modules\jest-jasmine2\build\queueRunner.js:28:19)
    at C:\Users\user\Workspace\webpack-dev-server\node_modules\jest-jasmine2\build\queueRunner.js:75:41
    at processTicksAndRejections (internal/process/task_queues.js:93:5)</failure>
    </testcase>
    <testcase classname="index should run onSocketMessage.warnings" name="index should run onSocketMessage.warnings" time="0.013">
      <failure>TypeError: Cannot assign to read only property &apos;reload&apos; of object &apos;[object Location]&apos;
    at Object.&lt;anonymous&gt; (C:\Users\user\Workspace\webpack-dev-server\test\client\index.test.js:20:5)
    at Object.asyncJestLifecycle (C:\Users\user\Workspace\webpack-dev-server\node_modules\jest-jasmine2\build\jasmineAsyncInstall.js:53:37)
    at C:\Users\user\Workspace\webpack-dev-server\node_modules\jest-jasmine2\build\queueRunner.js:45:12
    at new Promise (&lt;anonymous&gt;)
    at mapper (C:\Users\user\Workspace\webpack-dev-server\node_modules\jest-jasmine2\build\queueRunner.js:28:19)
    at C:\Users\user\Workspace\webpack-dev-server\node_modules\jest-jasmine2\build\queueRunner.js:75:41
    at processTicksAndRejections (internal/process/task_queues.js:93:5)</failure>
      <failure>TypeError: Cannot read property &apos;warnings&apos; of undefined
    at Object.warnings (C:\Users\user\Workspace\webpack-dev-server\test\client\index.test.js:167:35)
    at Object.asyncJestTest (C:\Users\user\Workspace\webpack-dev-server\node_modules\jest-jasmine2\build\jasmineAsyncInstall.js:100:37)
    at C:\Users\user\Workspace\webpack-dev-server\node_modules\jest-jasmine2\build\queueRunner.js:45:12
    at new Promise (&lt;anonymous&gt;)
    at mapper (C:\Users\user\Workspace\webpack-dev-server\node_modules\jest-jasmine2\build\queueRunner.js:28:19)
    at C:\Users\user\Workspace\webpack-dev-server\node_modules\jest-jasmine2\build\queueRunner.js:75:41
    at processTicksAndRejections (internal/process/task_queues.js:93:5)</failure>
    </testcase>
    <testcase classname="index should run onSocketMessage.errors" name="index should run onSocketMessage.errors" time="0.001">
      <failure>TypeError: Cannot assign to read only property &apos;reload&apos; of object &apos;[object Location]&apos;
    at Object.&lt;anonymous&gt; (C:\Users\user\Workspace\webpack-dev-server\test\client\index.test.js:20:5)
    at Object.asyncJestLifecycle (C:\Users\user\Workspace\webpack-dev-server\node_modules\jest-jasmine2\build\jasmineAsyncInstall.js:53:37)
    at C:\Users\user\Workspace\webpack-dev-server\node_modules\jest-jasmine2\build\queueRunner.js:45:12
    at new Promise (&lt;anonymous&gt;)
    at mapper (C:\Users\user\Workspace\webpack-dev-server\node_modules\jest-jasmine2\build\queueRunner.js:28:19)
    at C:\Users\user\Workspace\webpack-dev-server\node_modules\jest-jasmine2\build\queueRunner.js:75:41
    at processTicksAndRejections (internal/process/task_queues.js:93:5)</failure>
      <failure>TypeError: Cannot read property &apos;errors&apos; of undefined
    at Object.errors (C:\Users\user\Workspace\webpack-dev-server\test\client\index.test.js:193:21)
    at Object.asyncJestTest (C:\Users\user\Workspace\webpack-dev-server\node_modules\jest-jasmine2\build\jasmineAsyncInstall.js:100:37)
    at C:\Users\user\Workspace\webpack-dev-server\node_modules\jest-jasmine2\build\queueRunner.js:45:12
    at new Promise (&lt;anonymous&gt;)
    at mapper (C:\Users\user\Workspace\webpack-dev-server\node_modules\jest-jasmine2\build\queueRunner.js:28:19)
    at C:\Users\user\Workspace\webpack-dev-server\node_modules\jest-jasmine2\build\queueRunner.js:75:41
    at processTicksAndRejections (internal/process/task_queues.js:93:5)</failure>
    </testcase>
    <testcase classname="index should run onSocketMessage.error" name="index should run onSocketMessage.error" time="0.003">
      <failure>TypeError: Cannot assign to read only property &apos;reload&apos; of object &apos;[object Location]&apos;
    at Object.&lt;anonymous&gt; (C:\Users\user\Workspace\webpack-dev-server\test\client\index.test.js:20:5)
    at Object.asyncJestLifecycle (C:\Users\user\Workspace\webpack-dev-server\node_modules\jest-jasmine2\build\jasmineAsyncInstall.js:53:37)
    at C:\Users\user\Workspace\webpack-dev-server\node_modules\jest-jasmine2\build\queueRunner.js:45:12
    at new Promise (&lt;anonymous&gt;)
    at mapper (C:\Users\user\Workspace\webpack-dev-server\node_modules\jest-jasmine2\build\queueRunner.js:28:19)
    at C:\Users\user\Workspace\webpack-dev-server\node_modules\jest-jasmine2\build\queueRunner.js:75:41
    at processTicksAndRejections (internal/process/task_queues.js:93:5)</failure>
      <failure>TypeError: Cannot read property &apos;error&apos; of undefined
    at Object.error (C:\Users\user\Workspace\webpack-dev-server\test\client\index.test.js:208:21)
    at Object.asyncJestTest (C:\Users\user\Workspace\webpack-dev-server\node_modules\jest-jasmine2\build\jasmineAsyncInstall.js:100:37)
    at C:\Users\user\Workspace\webpack-dev-server\node_modules\jest-jasmine2\build\queueRunner.js:45:12
    at new Promise (&lt;anonymous&gt;)
    at mapper (C:\Users\user\Workspace\webpack-dev-server\node_modules\jest-jasmine2\build\queueRunner.js:28:19)
    at C:\Users\user\Workspace\webpack-dev-server\node_modules\jest-jasmine2\build\queueRunner.js:75:41
    at processTicksAndRejections (internal/process/task_queues.js:93:5)</failure>
    </testcase>
    <testcase classname="index should run onSocketMessage.close" name="index should run onSocketMessage.close" time="0.002">
      <failure>TypeError: Cannot assign to read only property &apos;reload&apos; of object &apos;[object Location]&apos;
    at Object.&lt;anonymous&gt; (C:\Users\user\Workspace\webpack-dev-server\test\client\index.test.js:20:5)
    at Object.asyncJestLifecycle (C:\Users\user\Workspace\webpack-dev-server\node_modules\jest-jasmine2\build\jasmineAsyncInstall.js:53:37)
    at C:\Users\user\Workspace\webpack-dev-server\node_modules\jest-jasmine2\build\queueRunner.js:45:12
    at new Promise (&lt;anonymous&gt;)
    at mapper (C:\Users\user\Workspace\webpack-dev-server\node_modules\jest-jasmine2\build\queueRunner.js:28:19)
    at C:\Users\user\Workspace\webpack-dev-server\node_modules\jest-jasmine2\build\queueRunner.js:75:41
    at processTicksAndRejections (internal/process/task_queues.js:93:5)</failure>
      <failure>TypeError: Cannot read property &apos;close&apos; of undefined
    at Object.close (C:\Users\user\Workspace\webpack-dev-server\test\client\index.test.js:213:21)
    at Object.asyncJestTest (C:\Users\user\Workspace\webpack-dev-server\node_modules\jest-jasmine2\build\jasmineAsyncInstall.js:100:37)
    at C:\Users\user\Workspace\webpack-dev-server\node_modules\jest-jasmine2\build\queueRunner.js:45:12
    at new Promise (&lt;anonymous&gt;)
    at mapper (C:\Users\user\Workspace\webpack-dev-server\node_modules\jest-jasmine2\build\queueRunner.js:28:19)
    at C:\Users\user\Workspace\webpack-dev-server\node_modules\jest-jasmine2\build\queueRunner.js:75:41
    at processTicksAndRejections (internal/process/task_queues.js:93:5)</failure>
    </testcase>
  </testsuite>
  <testsuite name="overlay" errors="0" failures="1" skipped="0" timestamp="2020-03-31T20:36:17" time="0.317" tests="2">
    <testcase classname="overlay should run showMessage" name="overlay should run showMessage" time="0.066">
      <failure>Error: expect(received).toMatchSnapshot()

Snapshot name: `overlay should run showMessage 2`

Snapshot: &quot;&lt;div id=\&quot;webpack-dev-server-client-overlay-div\&quot; style=\&quot;position: fixed; box-sizing: border-box; left: 0px; top: 0px; right: 0px; bottom: 0px; width: 100vw; height: 100vh; background-color: rgba(0, 0, 0, 0.85); color: rgb(232, 232, 232); font-family: Menlo, Consolas, monospace; font-size: large; padding: 2rem; line-height: 1.2; white-space: pre-wrap; overflow: auto;\&quot;&gt;&lt;span style=\&quot;color: #E36049\&quot;&gt;Failed to compile.&lt;/span&gt;&lt;br&gt;&lt;br&gt;test!&lt;/div&gt;&quot;
Received: &quot;&quot;
    at Object.toMatchSnapshot (C:\Users\user\Workspace\webpack-dev-server\test\client\overlay.test.js:13:7)
    at Object.asyncJestTest (C:\Users\user\Workspace\webpack-dev-server\node_modules\jest-jasmine2\build\jasmineAsyncInstall.js:100:37)
    at C:\Users\user\Workspace\webpack-dev-server\node_modules\jest-jasmine2\build\queueRunner.js:45:12
    at new Promise (&lt;anonymous&gt;)
    at mapper (C:\Users\user\Workspace\webpack-dev-server\node_modules\jest-jasmine2\build\queueRunner.js:28:19)
    at C:\Users\user\Workspace\webpack-dev-server\node_modules\jest-jasmine2\build\queueRunner.js:75:41
    at processTicksAndRejections (internal/process/task_queues.js:93:5)</failure>
    </testcase>
    <testcase classname="overlay should run clear" name="overlay should run clear" time="0.008">
    </testcase>
  </testsuite>
  <testsuite name="socket" errors="0" failures="0" skipped="0" timestamp="2020-03-31T20:36:18" time="0.274" tests="2">
    <testcase classname="socket should default to SockJSClient when no __webpack_dev_server_client__ set" name="socket should default to SockJSClient when no __webpack_dev_server_client__ set" time="0.063">
    </testcase>
    <testcase classname="socket should use __webpack_dev_server_client__ when set" name="socket should use __webpack_dev_server_client__ when set" time="0.007">
    </testcase>
  </testsuite>
  <testsuite name="reload" errors="0" failures="0" skipped="0" timestamp="2020-03-31T20:35:04" time="74.31" tests="3">
    <testcase classname="reload hot with default transportMode.client (sockjs) on browser client should reload without page refresh" name="reload hot with default transportMode.client (sockjs) on browser client should reload without page refresh" time="17.331">
    </testcase>
    <testcase classname="reload hot with transportMode.client ws on browser client should reload without page refresh" name="reload hot with transportMode.client ws on browser client should reload without page refresh" time="16.692">
    </testcase>
    <testcase classname="reload inline on browser client should reload with page refresh" name="reload inline on browser client should reload with page refresh" time="16.821">
    </testcase>
  </testsuite>
  <testsuite name="CLI" errors="0" failures="8" skipped="0" timestamp="2020-03-31T20:35:25" time="54.868" tests="14">
    <testcase classname="CLI --progress" name="CLI --progress" time="4.456">
      <failure>Error: expect(received).toEqual(expected) // deep equality

Expected: 0
Received: undefined
    at toEqual (C:\Users\user\Workspace\webpack-dev-server\test\cli\cli.test.js:22:29)
    at processTicksAndRejections (internal/process/task_queues.js:93:5)</failure>
    </testcase>
    <testcase classname="CLI --quiet" name="CLI --quiet" time="3.752">
      <failure>Error: expect(received).toEqual(expected) // deep equality

Expected: 0
Received: undefined
    at toEqual (C:\Users\user\Workspace\webpack-dev-server\test\cli\cli.test.js:35:25)
    at tryCatch (C:\Users\user\Workspace\webpack-dev-server\node_modules\@babel\runtime\node_modules\regenerator-runtime\runtime.js:45:17)
    at Generator.invoke [as _invoke] (C:\Users\user\Workspace\webpack-dev-server\node_modules\@babel\runtime\node_modules\regenerator-runtime\runtime.js:265:22)
    at Generator.prototype.&lt;computed&gt; [as next] (C:\Users\user\Workspace\webpack-dev-server\node_modules\@babel\runtime\node_modules\regenerator-runtime\runtime.js:98:21)
    at asyncGeneratorStep (C:\Users\user\Workspace\webpack-dev-server\node_modules\@babel\runtime\helpers\asyncToGenerator.js:3:24)
    at _next (C:\Users\user\Workspace\webpack-dev-server\node_modules\@babel\runtime\helpers\asyncToGenerator.js:25:9)
    at processTicksAndRejections (internal/process/task_queues.js:93:5)</failure>
    </testcase>
    <testcase classname="CLI --progress --profile" name="CLI --progress --profile" time="3.737">
      <failure>Error: expect(received).toEqual(expected) // deep equality

Expected: 0
Received: undefined
    at toEqual (C:\Users\user\Workspace\webpack-dev-server\test\cli\cli.test.js:48:29)
    at processTicksAndRejections (internal/process/task_queues.js:93:5)</failure>
    </testcase>
    <testcase classname="CLI --bonjour" name="CLI --bonjour" time="4.201">
      <failure>Error: expect(received).toEqual(expected) // deep equality

Expected: 0
Received: undefined
    at toEqual (C:\Users\user\Workspace\webpack-dev-server\test\cli\cli.test.js:59:29)
    at processTicksAndRejections (internal/process/task_queues.js:93:5)</failure>
    </testcase>
    <testcase classname="CLI --https" name="CLI --https" time="4.048">
      <failure>Error: expect(received).toEqual(expected) // deep equality

Expected: 0
Received: undefined
    at toEqual (C:\Users\user\Workspace\webpack-dev-server\test\cli\cli.test.js:69:29)
    at processTicksAndRejections (internal/process/task_queues.js:93:5)</failure>
    </testcase>
    <testcase classname="CLI --https --cacert --pfx --key --cert --pfx-passphrase" name="CLI --https --cacert --pfx --key --cert --pfx-passphrase" time="3.643">
      <failure>Error: expect(received).toEqual(expected) // deep equality

Expected: 0
Received: undefined
    at toEqual (C:\Users\user\Workspace\webpack-dev-server\test\cli\cli.test.js:81:29)
    at processTicksAndRejections (internal/process/task_queues.js:93:5)</failure>
    </testcase>
    <testcase classname="CLI --sockPath" name="CLI --sockPath" time="3.595">
    </testcase>
    <testcase classname="CLI unspecified port" name="CLI unspecified port" time="2.509">
    </testcase>
    <testcase classname="CLI --color" name="CLI --color" time="2.317">
      <failure>Error: expect(received).toContain(expected) // indexOf

Expected substring: &quot; wds:&quot;
Received string:    &quot; wds: Project is running at http://localhost:8080/
 wds: webpack output is served from /
 wds: Content not from webpack is served from C:\\Users\\user\\Workspace\\webpack-dev-server
i wdm: Hash: a4e2aa0c27484037903b
Version: webpack 4.42.1
Time: 528ms
Built at: 2020-03-31 22:35:58
  Asset     Size  Chunks             Chunk Names
main.js  364 KiB    main  [emitted]  main
Entrypoint main = main.js
[0] multi C:/Users/user/Workspace/webpack-dev-server/client?http://localhost:8080 ./foo.js 40 bytes {main} [built]
[../../../client/clients/SockJSClient.js] C:/Users/user/Workspace/webpack-dev-server/client/clients/SockJSClient.js 4 KiB {main} [built]
[../../../client/index.js?http://localhost:8080] C:/Users/user/Workspace/webpack-dev-server/client?http://localhost:8080 4.29 KiB {main} [built]
[../../../client/overlay.js] C:/Users/user/Workspace/webpack-dev-server/client/overlay.js 3.51 KiB {main} [built]
[../../../client/socket.js] C:/Users/user/Workspace/webpack-dev-server/client/socket.js 1.53 KiB {main} [built]
[../../../client/utils/createSocketUrl.js] C:/Users/user/Workspace/webpack-dev-server/client/utils/createSocketUrl.js 2.91 KiB {main} [built]
[../../../client/utils/getCurrentScriptSource.js] C:/Users/user/Workspace/webpack-dev-server/client/utils/getCurrentScriptSource.js 658 bytes {main} [built]
[../../../client/utils/log.js] C:/Users/user/Workspace/webpack-dev-server/client/utils/log.js 964 bytes {main} [built]
[../../../client/utils/reloadApp.js] C:/Users/user/Workspace/webpack-dev-server/client/utils/reloadApp.js 1.59 KiB {main} [built]
[../../../client/utils/sendMessage.js] C:/Users/user/Workspace/webpack-dev-server/client/utils/sendMessage.js 402 bytes {main} [built]
[../../../node_modules/ansi-html/index.js] C:/Users/user/Workspace/webpack-dev-server/node_modules/ansi-html/index.js 4.16 KiB {main} [built]
[../../../node_modules/html-entities/index.js] C:/Users/user/Workspace/webpack-dev-server/node_modules/html-entities/index.js 231 bytes {main} [built]
[../../../node_modules/strip-ansi/index.js] C:/Users/user/Workspace/webpack-dev-server/node_modules/strip-ansi/index.js 154 bytes {main} [built]
[../../../node_modules/webpack/hot sync ^\\.\\/log$] (webpack)/hot sync nonrecursive ^\\.\\/log$ 170 bytes {main} [built]
[./foo.js] 41 bytes {main} [built]
    + 18 hidden modules
i wdm: Compiled successfully.&quot;
    at toContain (C:\Users\user\Workspace\webpack-dev-server\test\cli\cli.test.js:112:31)
    at processTicksAndRejections (internal/process/task_queues.js:93:5)</failure>
    </testcase>
    <testcase classname="CLI --socket" name="CLI --socket" time="2.409">
      <failure>Error: expect(received).toEqual(expected) // deep equality

Expected: 0
Received: undefined
    at toEqual (C:\Users\user\Workspace\webpack-dev-server\test\cli\cli.test.js:126:29)
    at processTicksAndRejections (internal/process/task_queues.js:93:5)</failure>
    </testcase>
    <testcase classname="CLI should accept the promise function of webpack.config.js" name="CLI should accept the promise function of webpack.config.js" time="10.055">
    </testcase>
    <testcase classname="CLI should exit the process when SIGINT is detected" name="CLI should exit the process when SIGINT is detected" time="2.87">
    </testcase>
    <testcase classname="CLI should exit the process when SIGINT is detected, even before the compilation is done" name="CLI should exit the process when SIGINT is detected, even before the compilation is done" time="2.719">
    </testcase>
    <testcase classname="CLI should use different random port when multiple instances are started on different processes" name="CLI should use different random port when multiple instances are started on different processes" time="3.87">
    </testcase>
  </testsuite>
  <testsuite name="multi compiler" errors="0" failures="0" skipped="0" timestamp="2020-03-31T20:36:18" time="2.289" tests="1">
    <testcase classname="multi compiler should handle GET request to bundle" name="multi compiler should handle GET request to bundle" time="0.047">
    </testcase>
  </testsuite>
  <testsuite name="before option" errors="0" failures="0" skipped="0" timestamp="2020-03-31T20:36:20" time="0.858" tests="1">
    <testcase classname="before option should handle before route" name="before option should handle before route" time="0.01">
    </testcase>
  </testsuite>
  <testsuite name="compress option" errors="0" failures="0" skipped="0" timestamp="2020-03-31T20:36:21" time="1.081" tests="3">
    <testcase classname="compress option not specify request to bundle file" name="compress option not specify request to bundle file" time="0.009">
    </testcase>
    <testcase classname="compress option as a true request to bundle file" name="compress option as a true request to bundle file" time="0.023">
    </testcase>
    <testcase classname="compress option as a false request to bundle file" name="compress option as a false request to bundle file" time="0.007">
    </testcase>
  </testsuite>
  <testsuite name="universal compiler" errors="0" failures="0" skipped="0" timestamp="2020-03-31T20:36:20" time="3.462" tests="2">
    <testcase classname="universal compiler client bundle should have the inlined the client runtime" name="universal compiler client bundle should have the inlined the client runtime" time="0.06">
    </testcase>
    <testcase classname="universal compiler server bundle should NOT have the inlined the client runtime" name="universal compiler server bundle should NOT have the inlined the client runtime" time="0.013">
    </testcase>
  </testsuite>
  <testsuite name="after option" errors="0" failures="0" skipped="0" timestamp="2020-03-31T20:36:20" time="4.149" tests="2">
    <testcase classname="after option should handle after route" name="after option should handle after route" time="0.047">
    </testcase>
    <testcase classname="after option should handle POST requests to after route" name="after option should handle POST requests to after route" time="0.006">
    </testcase>
  </testsuite>
  <testsuite name="contentBase option" errors="0" failures="0" skipped="0" timestamp="2020-03-31T20:36:24" time="4.058" tests="24">
    <testcase classname="contentBase option to directory Request to index" name="contentBase option to directory Request to index" time="0.02">
    </testcase>
    <testcase classname="contentBase option to directory Request to other file" name="contentBase option to directory Request to other file" time="0.009">
    </testcase>
    <testcase classname="contentBase option to directory Watches folder recursively" name="contentBase option to directory Watches folder recursively" time="1.088">
    </testcase>
    <testcase classname="contentBase option to directory watch node_modules" name="contentBase option to directory watch node_modules" time="1.062">
    </testcase>
    <testcase classname="contentBase option test listing files in folders without index.html using the option serveIndex:false shouldn&apos;t list the files inside the assets folder (404)" name="contentBase option test listing files in folders without index.html using the option serveIndex:false shouldn&apos;t list the files inside the assets folder (404)" time="0.01">
    </testcase>
    <testcase classname="contentBase option test listing files in folders without index.html using the option serveIndex:false should show Heyo. because bar has index.html inside it (200)" name="contentBase option test listing files in folders without index.html using the option serveIndex:false should show Heyo. because bar has index.html inside it (200)" time="0.005">
    </testcase>
    <testcase classname="contentBase option test listing files in folders without index.html using the option serveIndex:true should list the files inside the assets folder (200)" name="contentBase option test listing files in folders without index.html using the option serveIndex:true should list the files inside the assets folder (200)" time="0.015">
    </testcase>
    <testcase classname="contentBase option test listing files in folders without index.html using the option serveIndex:true should show Heyo. because bar has index.html inside it (200)" name="contentBase option test listing files in folders without index.html using the option serveIndex:true should show Heyo. because bar has index.html inside it (200)" time="0.007">
    </testcase>
    <testcase classname="contentBase option test listing files in folders without index.html using the option serveIndex default (true) should list the files inside the assets folder (200)" name="contentBase option test listing files in folders without index.html using the option serveIndex default (true) should list the files inside the assets folder (200)" time="0.009">
    </testcase>
    <testcase classname="contentBase option test listing files in folders without index.html using the option serveIndex default (true) should show Heyo. because bar has index.html inside it (200)" name="contentBase option test listing files in folders without index.html using the option serveIndex default (true) should show Heyo. because bar has index.html inside it (200)" time="0.005">
    </testcase>
    <testcase classname="contentBase option to directories Request to first directory" name="contentBase option to directories Request to first directory" time="0.009">
    </testcase>
    <testcase classname="contentBase option to directories Request to second directory" name="contentBase option to directories Request to second directory" time="0.006">
    </testcase>
    <testcase classname="contentBase option to port Request to page" name="contentBase option to port Request to page" time="0.008">
    </testcase>
    <testcase classname="contentBase option to external url Request to page" name="contentBase option to external url Request to page" time="0.009">
    </testcase>
    <testcase classname="contentBase option to external url Request to page with search params" name="contentBase option to external url Request to page with search params" time="0.009">
    </testcase>
    <testcase classname="contentBase option testing single &amp; multiple external paths Should throw exception (string)" name="contentBase option testing single &amp; multiple external paths Should throw exception (string)" time="0.017">
    </testcase>
    <testcase classname="contentBase option testing single &amp; multiple external paths Should throw exception (number)" name="contentBase option testing single &amp; multiple external paths Should throw exception (number)" time="0.016">
    </testcase>
    <testcase classname="contentBase option testing single &amp; multiple external paths Should not throw exception (local path with lower case first character)" name="contentBase option testing single &amp; multiple external paths Should not throw exception (local path with lower case first character)" time="0.08">
    </testcase>
    <testcase classname="contentBase option testing single &amp; multiple external paths Should not throw exception (local path with lower case first character &amp; has &apos;-&apos;)" name="contentBase option testing single &amp; multiple external paths Should not throw exception (local path with lower case first character &amp; has &apos;-&apos;)" time="0.042">
    </testcase>
    <testcase classname="contentBase option testing single &amp; multiple external paths Should not throw exception (local path with upper case first character &amp; has &apos;-&apos;)" name="contentBase option testing single &amp; multiple external paths Should not throw exception (local path with upper case first character &amp; has &apos;-&apos;)" time="0.034">
    </testcase>
    <testcase classname="contentBase option testing single &amp; multiple external paths Should throw exception (array)" name="contentBase option testing single &amp; multiple external paths Should throw exception (array)" time="0.015">
    </testcase>
    <testcase classname="contentBase option default to PWD Request to page" name="contentBase option default to PWD Request to page" time="0.006">
    </testcase>
    <testcase classname="contentBase option disable Request to page" name="contentBase option disable Request to page" time="0.005">
    </testcase>
    <testcase classname="contentBase option Content type Request foo.wasm" name="contentBase option Content type Request foo.wasm" time="0.004">
    </testcase>
  </testsuite>
  <testsuite name="headers option" errors="0" failures="0" skipped="0" timestamp="2020-03-31T20:36:28" time="0.938" tests="2">
    <testcase classname="headers option as a string GET request with headers" name="headers option as a string GET request with headers" time="0.014">
    </testcase>
    <testcase classname="headers option as an array GET request with headers as an array" name="headers option as an array GET request with headers as an array" time="0.008">
    </testcase>
  </testsuite>
  <testsuite name="historyApiFallback option" errors="0" failures="0" skipped="0" timestamp="2020-03-31T20:36:29" time="1.357" tests="10">
    <testcase classname="historyApiFallback option as boolean request to directory" name="historyApiFallback option as boolean request to directory" time="0.017">
    </testcase>
    <testcase classname="historyApiFallback option as object request to directory" name="historyApiFallback option as object request to directory" time="0.009">
    </testcase>
    <testcase classname="historyApiFallback option as object with contentBase historyApiFallback should take preference above directory index" name="historyApiFallback option as object with contentBase historyApiFallback should take preference above directory index" time="0.011">
    </testcase>
    <testcase classname="historyApiFallback option as object with contentBase request to directory" name="historyApiFallback option as object with contentBase request to directory" time="0.008">
    </testcase>
    <testcase classname="historyApiFallback option as object with contentBase contentBase file should take preference above historyApiFallback" name="historyApiFallback option as object with contentBase contentBase file should take preference above historyApiFallback" time="0.01">
    </testcase>
    <testcase classname="historyApiFallback option as object with contentBase set to false historyApiFallback should work and ignore static content" name="historyApiFallback option as object with contentBase set to false historyApiFallback should work and ignore static content" time="0.007">
    </testcase>
    <testcase classname="historyApiFallback option as object with contentBase and rewrites historyApiFallback respect rewrites for index" name="historyApiFallback option as object with contentBase and rewrites historyApiFallback respect rewrites for index" time="0.01">
    </testcase>
    <testcase classname="historyApiFallback option as object with contentBase and rewrites historyApiFallback respect rewrites and shows index for unknown urls" name="historyApiFallback option as object with contentBase and rewrites historyApiFallback respect rewrites and shows index for unknown urls" time="0.006">
    </testcase>
    <testcase classname="historyApiFallback option as object with contentBase and rewrites historyApiFallback respect any other specified rewrites" name="historyApiFallback option as object with contentBase and rewrites historyApiFallback respect any other specified rewrites" time="0.006">
    </testcase>
    <testcase classname="historyApiFallback option in-memory files should take precedence over contentBase files" name="historyApiFallback option in-memory files should take precedence over contentBase files" time="0.007">
    </testcase>
  </testsuite>
  <testsuite name="host option" errors="0" failures="0" skipped="0" timestamp="2020-03-31T20:36:30" time="1.473" tests="12">
    <testcase classname="host option is not be specified server address" name="host option is not be specified server address" time="0.001">
    </testcase>
    <testcase classname="host option is not be specified Request to index" name="host option is not be specified Request to index" time="0.014">
    </testcase>
    <testcase classname="host option is undefined server address" name="host option is undefined server address" time="0.001">
    </testcase>
    <testcase classname="host option is undefined Request to index" name="host option is undefined Request to index" time="0.009">
    </testcase>
    <testcase classname="host option is null server address" name="host option is null server address" time="0.001">
    </testcase>
    <testcase classname="host option is null Request to index" name="host option is null Request to index" time="0.012">
    </testcase>
    <testcase classname="host option is 127.0.0.1 (IPv4) server address" name="host option is 127.0.0.1 (IPv4) server address" time="0.001">
    </testcase>
    <testcase classname="host option is 127.0.0.1 (IPv4) Request to index" name="host option is 127.0.0.1 (IPv4) Request to index" time="0.01">
    </testcase>
    <testcase classname="host option is localhost server address" name="host option is localhost server address" time="0.002">
    </testcase>
    <testcase classname="host option is localhost Request to index" name="host option is localhost Request to index" time="0.009">
    </testcase>
    <testcase classname="host option is 0.0.0.0 server address" name="host option is 0.0.0.0 server address" time="0">
    </testcase>
    <testcase classname="host option is 0.0.0.0 Request to index" name="host option is 0.0.0.0 Request to index" time="0.007">
    </testcase>
  </testsuite>
  <testsuite name="hot option" errors="0" failures="0" skipped="0" timestamp="2020-03-31T20:36:32" time="3.121" tests="6">
    <testcase classname="hot option simple hot config entries should include hot script in the bundle" name="hot option simple hot config entries should include hot script in the bundle" time="0.044">
    </testcase>
    <testcase classname="hot option multi compiler hot config entries should include hot script in the bundle" name="hot option multi compiler hot config entries should include hot script in the bundle" time="0.03">
    </testcase>
    <testcase classname="hot option hot disabled entries should NOT include hot script in the bundle" name="hot option hot disabled entries should NOT include hot script in the bundle" time="0.02">
    </testcase>
    <testcase classname="hot option simple hot config HMR plugin should register the HMR plugin before compilation is complete" name="hot option simple hot config HMR plugin should register the HMR plugin before compilation is complete" time="0.315">
    </testcase>
    <testcase classname="hot option multi compiler hot config HMR plugin should register the HMR plugin before compilation is complete" name="hot option multi compiler hot config HMR plugin should register the HMR plugin before compilation is complete" time="0.266">
    </testcase>
    <testcase classname="hot option hot disabled HMR plugin should NOT register the HMR plugin before compilation is complete" name="hot option hot disabled HMR plugin should NOT register the HMR plugin before compilation is complete" time="0.277">
    </testcase>
  </testsuite>
  <testsuite name="hotOnly options" errors="0" failures="0" skipped="0" timestamp="2020-03-31T20:36:35" time="2.281" tests="2">
    <testcase classname="hotOnly options simple hotOnly config entries should include hotOnly script in the bundle" name="hotOnly options simple hotOnly config entries should include hotOnly script in the bundle" time="0.038">
    </testcase>
    <testcase classname="hotOnly options simple hotOnly config HMR plugin should register the HMR plugin before compilation is complete" name="hotOnly options simple hotOnly config HMR plugin should register the HMR plugin before compilation is complete" time="0.686">
    </testcase>
  </testsuite>
  <testsuite name="http2 option" errors="0" failures="0" skipped="0" timestamp="2020-03-31T20:36:38" time="0.939" tests="2">
    <testcase classname="http2 option server works with http2 option, but without https option Request to index" name="http2 option server works with http2 option, but without https option Request to index" time="0.013">
    </testcase>
    <testcase classname="http2 option https without http2 disables HTTP/2 Request to index" name="http2 option https without http2 disables HTTP/2 Request to index" time="0.006">
    </testcase>
  </testsuite>
  <testsuite name="https option" errors="0" failures="0" skipped="1" timestamp="2020-03-31T20:36:39" time="0.9" tests="5">
    <testcase classname="https option as a boolean Request to index" name="https option as a boolean Request to index" time="0.008">
    </testcase>
    <testcase classname="https option as an object when ca, pfx, key and cert are buffer Request to index" name="https option as an object when ca, pfx, key and cert are buffer Request to index" time="0.007">
    </testcase>
    <testcase classname="https option as an object when ca, pfx, key and cert are paths Request to index" name="https option as an object when ca, pfx, key and cert are paths Request to index" time="0.006">
    </testcase>
    <testcase classname="https option as an object when ca, pfx, key and cert are symlinks Symlinks are not supported on Windows" name="https option as an object when ca, pfx, key and cert are symlinks Symlinks are not supported on Windows" time="0">
      <skipped/>
    </testcase>
    <testcase classname="https option as an object when ca, pfx, key and cert are raw strings Request to index" name="https option as an object when ca, pfx, key and cert are raw strings Request to index" time="0.007">
    </testcase>
  </testsuite>
  <testsuite name="inline option" errors="0" failures="0" skipped="0" timestamp="2020-03-31T20:36:40" time="1.563" tests="3">
    <testcase classname="inline option simple inline config entries should include inline client script in the bundle" name="inline option simple inline config entries should include inline client script in the bundle" time="0.025">
    </testcase>
    <testcase classname="inline option multi compiler inline config entries should include inline client script in the bundle" name="inline option multi compiler inline config entries should include inline client script in the bundle" time="0.019">
    </testcase>
    <testcase classname="inline option inline disabled entries should NOT include inline client script in the bundle" name="inline option inline disabled entries should NOT include inline client script in the bundle" time="0.012">
    </testcase>
  </testsuite>
  <testsuite name="transportMode client" errors="0" failures="0" skipped="0" timestamp="2020-03-31T20:36:23" time="19.2" tests="3">
    <testcase classname="transportMode client sockjs on browser client logs correctly" name="transportMode client sockjs on browser client logs correctly" time="4.951">
    </testcase>
    <testcase classname="transportMode client ws on browser client logs correctly" name="transportMode client ws on browser client logs correctly" time="5.153">
    </testcase>
    <testcase classname="transportMode client custom client on browser client logs correctly" name="transportMode client custom client on browser client logs correctly" time="4.887">
    </testcase>
  </testsuite>
  <testsuite name="lazy option" errors="0" failures="0" skipped="0" timestamp="2020-03-31T20:36:41" time="0.943" tests="2">
    <testcase classname="lazy option without filename option it should throw an error" name="lazy option without filename option it should throw an error" time="0.189">
    </testcase>
    <testcase classname="lazy option with filename option should not throw an error" name="lazy option with filename option should not throw an error" time="0.096">
    </testcase>
  </testsuite>
  <testsuite name="liveReload option" errors="0" failures="1" skipped="0" timestamp="2020-03-31T20:36:43" time="3.982" tests="2">
    <testcase classname="liveReload option Test disabling live reloading Should not reload on changing files" name="liveReload option Test disabling live reloading Should not reload on changing files" time="1.103">
    </testcase>
    <testcase classname="liveReload option Testing live reloading Should reload on changing files" name="liveReload option Testing live reloading Should reload on changing files" time="1.008">
      <failure>TypeError: Cannot redefine property: reload
    at Function.defineProperty (&lt;anonymous&gt;)
    at FSWatcher.defineProperty (C:\Users\user\Workspace\webpack-dev-server\test\server\liveReload-option.test.js:94:18)
    at FSWatcher.emit (events.js:215:7)
    at FSWatcher.emitWithAll (C:\Users\user\Workspace\webpack-dev-server\node_modules\chokidar\index.js:570:10)
    at FSWatcher._emit (C:\Users\user\Workspace\webpack-dev-server\node_modules\chokidar\index.js:665:12)
    at C:\Users\user\Workspace\webpack-dev-server\node_modules\chokidar\lib\nodefs-handler.js:414:20
    at C:\Users\user\Workspace\webpack-dev-server\node_modules\chokidar\lib\nodefs-handler.js:288:47
    at foreach (C:\Users\user\Workspace\webpack-dev-server\node_modules\chokidar\lib\nodefs-handler.js:46:5)
    at StatWatcher.&lt;anonymous&gt; (C:\Users\user\Workspace\webpack-dev-server\node_modules\chokidar\lib\nodefs-handler.js:288:11)
    at StatWatcher.emit (events.js:210:5)
    at StatWatcher.onchange (internal/fs/watchers.js:51:8)</failure>
    </testcase>
  </testsuite>
  <testsuite name="mimeTypes option" errors="0" failures="0" skipped="0" timestamp="2020-03-31T20:36:47" time="0.822" tests="3">
    <testcase classname="mimeTypes option as an object should remapping mime type without force should throw an error" name="mimeTypes option as an object should remapping mime type without force should throw an error" time="0.211">
    </testcase>
    <testcase classname="mimeTypes option as an object should remapping mime type with force should not throw an error" name="mimeTypes option as an object should remapping mime type with force should not throw an error" time="0.092">
    </testcase>
    <testcase classname="mimeTypes option as an object with force option request to bundle file with modified mime type" name="mimeTypes option as an object with force option request to bundle file with modified mime type" time="0.004">
    </testcase>
  </testsuite>
  <testsuite name="onListening option" errors="0" failures="0" skipped="0" timestamp="2020-03-31T20:36:48" time="0.656" tests="1">
    <testcase classname="onListening option should runs onListening callback" name="onListening option should runs onListening callback" time="0.002">
    </testcase>
  </testsuite>
  <testsuite name="open option" errors="0" failures="0" skipped="0" timestamp="2020-03-31T20:36:48" time="1.526" tests="1">
    <testcase classname="open option should open" name="open option should open" time="0.751">
    </testcase>
  </testsuite>
  <testsuite name="port" errors="0" failures="0" skipped="0" timestamp="2020-03-31T20:36:50" time="0.892" tests="10">
    <testcase classname="port is not be specified server address" name="port is not be specified server address" time="0.001">
    </testcase>
    <testcase classname="port is not be specified Request to index" name="port is not be specified Request to index" time="0.009">
    </testcase>
    <testcase classname="port is undefined server address" name="port is undefined server address" time="0">
    </testcase>
    <testcase classname="port is undefined Request to index" name="port is undefined Request to index" time="0.007">
    </testcase>
    <testcase classname="port is null server address" name="port is null server address" time="0">
    </testcase>
    <testcase classname="port is null Request to index" name="port is null Request to index" time="0.007">
    </testcase>
    <testcase classname="port is &quot;33333&quot; server address" name="port is &quot;33333&quot; server address" time="0.001">
    </testcase>
    <testcase classname="port is &quot;33333&quot; Request to index" name="port is &quot;33333&quot; Request to index" time="0.007">
    </testcase>
    <testcase classname="port is 33333 server address" name="port is 33333 server address" time="0.001">
    </testcase>
    <testcase classname="port is 33333 Request to index" name="port is 33333 Request to index" time="0.009">
    </testcase>
  </testsuite>
  <testsuite name="profile" errors="0" failures="0" skipped="0" timestamp="2020-03-31T20:36:51" time="1.102" tests="1">
    <testcase classname="profile output should show percentage progress with profile data" name="profile output should show percentage progress with profile data" time="0.693">
    </testcase>
  </testsuite>
  <testsuite name="ProvidePlugin" errors="0" failures="0" skipped="0" timestamp="2020-03-31T20:36:42" time="15.248" tests="3">
    <testcase classname="ProvidePlugin inline with default transportMode.client (sockjs) on browser client should inject SockJS client implementation" name="ProvidePlugin inline with default transportMode.client (sockjs) on browser client should inject SockJS client implementation" time="4.383">
    </testcase>
    <testcase classname="ProvidePlugin inline with transportMode.client ws on browser client should inject ws client implementation" name="ProvidePlugin inline with transportMode.client ws on browser client should inject ws client implementation" time="4.331">
    </testcase>
    <testcase classname="ProvidePlugin not inline on browser client should not inject client implementation" name="ProvidePlugin not inline on browser client should not inject client implementation" time="4.232">
    </testcase>
  </testsuite>
  <testsuite name="proxy option" errors="0" failures="19" skipped="0" timestamp="2020-03-31T20:36:52" time="6.167" tests="19">
    <testcase classname="proxy option as an object of paths with properties target respects a proxy option when a request path is matched" name="proxy option as an object of paths with properties target respects a proxy option when a request path is matched" time="0">
      <failure>TypeError: httpProxyMiddleware is not a function
    at httpProxyMiddleware (C:\Users\user\Workspace\webpack-dev-server\lib\Server.js:258:16)
    at getProxyMiddleware (C:\Users\user\Workspace\webpack-dev-server\lib\Server.js:285:25)
    at Array.forEach (&lt;anonymous&gt;)
    at Server.forEach [as setupProxyFeature] (C:\Users\user\Workspace\webpack-dev-server\lib\Server.js:277:24)
    at Object.setupProxyFeature [as proxy] (C:\Users\user\Workspace\webpack-dev-server\lib\Server.js:481:16)
    at C:\Users\user\Workspace\webpack-dev-server\lib\Server.js:572:7
    at Array.forEach (&lt;anonymous&gt;)
    at Server.forEach [as setupFeatures] (C:\Users\user\Workspace\webpack-dev-server\lib\Server.js:571:49)
    at new setupFeatures (C:\Users\user\Workspace\webpack-dev-server\lib\Server.js:126:10)
    at startFullSetup (C:\Users\user\Workspace\webpack-dev-server\test\helpers\test-server.js:41:12)
    at startFullSetup (C:\Users\user\Workspace\webpack-dev-server\test\helpers\test-server.js:75:21)
    at startAwaitingCompilationFullSetup (C:\Users\user\Workspace\webpack-dev-server\test\helpers\test-server.js:85:10)
    at Object.startAwaitingCompilation [as start] (C:\Users\user\Workspace\webpack-dev-server\test\helpers\test-server.js:95:10)
    at Object.start (C:\Users\user\Workspace\webpack-dev-server\test\server\proxy-option.test.js:91:27)
    at C:\Users\user\Workspace\webpack-dev-server\node_modules\jest-jasmine2\build\queueRunner.js:45:12
    at new Promise (&lt;anonymous&gt;)
    at mapper (C:\Users\user\Workspace\webpack-dev-server\node_modules\jest-jasmine2\build\queueRunner.js:28:19)
    at C:\Users\user\Workspace\webpack-dev-server\node_modules\jest-jasmine2\build\queueRunner.js:75:41
    at runMicrotasks (&lt;anonymous&gt;)
    at processTicksAndRejections (internal/process/task_queues.js:93:5)</failure>
      <failure>TypeError: Cannot read property &apos;get&apos; of undefined
    at Object.get (C:\Users\user\Workspace\webpack-dev-server\test\server\proxy-option.test.js:112:13)
    at C:\Users\user\Workspace\webpack-dev-server\node_modules\jest-jasmine2\build\queueRunner.js:45:12
    at new Promise (&lt;anonymous&gt;)
    at mapper (C:\Users\user\Workspace\webpack-dev-server\node_modules\jest-jasmine2\build\queueRunner.js:28:19)
    at C:\Users\user\Workspace\webpack-dev-server\node_modules\jest-jasmine2\build\queueRunner.js:75:41
    at runMicrotasks (&lt;anonymous&gt;)
    at processTicksAndRejections (internal/process/task_queues.js:93:5)</failure>
    </testcase>
    <testcase classname="proxy option as an object of paths with properties pathRewrite respects a pathRewrite option" name="proxy option as an object of paths with properties pathRewrite respects a pathRewrite option" time="0">
      <failure>TypeError: httpProxyMiddleware is not a function
    at httpProxyMiddleware (C:\Users\user\Workspace\webpack-dev-server\lib\Server.js:258:16)
    at getProxyMiddleware (C:\Users\user\Workspace\webpack-dev-server\lib\Server.js:285:25)
    at Array.forEach (&lt;anonymous&gt;)
    at Server.forEach [as setupProxyFeature] (C:\Users\user\Workspace\webpack-dev-server\lib\Server.js:277:24)
    at Object.setupProxyFeature [as proxy] (C:\Users\user\Workspace\webpack-dev-server\lib\Server.js:481:16)
    at C:\Users\user\Workspace\webpack-dev-server\lib\Server.js:572:7
    at Array.forEach (&lt;anonymous&gt;)
    at Server.forEach [as setupFeatures] (C:\Users\user\Workspace\webpack-dev-server\lib\Server.js:571:49)
    at new setupFeatures (C:\Users\user\Workspace\webpack-dev-server\lib\Server.js:126:10)
    at startFullSetup (C:\Users\user\Workspace\webpack-dev-server\test\helpers\test-server.js:41:12)
    at startFullSetup (C:\Users\user\Workspace\webpack-dev-server\test\helpers\test-server.js:75:21)
    at startAwaitingCompilationFullSetup (C:\Users\user\Workspace\webpack-dev-server\test\helpers\test-server.js:85:10)
    at Object.startAwaitingCompilation [as start] (C:\Users\user\Workspace\webpack-dev-server\test\helpers\test-server.js:95:10)
    at Object.start (C:\Users\user\Workspace\webpack-dev-server\test\server\proxy-option.test.js:91:27)
    at C:\Users\user\Workspace\webpack-dev-server\node_modules\jest-jasmine2\build\queueRunner.js:45:12
    at new Promise (&lt;anonymous&gt;)
    at mapper (C:\Users\user\Workspace\webpack-dev-server\node_modules\jest-jasmine2\build\queueRunner.js:28:19)
    at C:\Users\user\Workspace\webpack-dev-server\node_modules\jest-jasmine2\build\queueRunner.js:75:41
    at runMicrotasks (&lt;anonymous&gt;)
    at processTicksAndRejections (internal/process/task_queues.js:93:5)</failure>
      <failure>TypeError: Cannot read property &apos;get&apos; of undefined
    at Object.get (C:\Users\user\Workspace\webpack-dev-server\test\server\proxy-option.test.js:118:13)
    at C:\Users\user\Workspace\webpack-dev-server\node_modules\jest-jasmine2\build\queueRunner.js:45:12
    at new Promise (&lt;anonymous&gt;)
    at mapper (C:\Users\user\Workspace\webpack-dev-server\node_modules\jest-jasmine2\build\queueRunner.js:28:19)
    at C:\Users\user\Workspace\webpack-dev-server\node_modules\jest-jasmine2\build\queueRunner.js:75:41
    at runMicrotasks (&lt;anonymous&gt;)
    at processTicksAndRejections (internal/process/task_queues.js:93:5)</failure>
    </testcase>
    <testcase classname="proxy option as an object of paths with properties bypass can rewrite a request path" name="proxy option as an object of paths with properties bypass can rewrite a request path" time="0">
      <failure>TypeError: httpProxyMiddleware is not a function
    at httpProxyMiddleware (C:\Users\user\Workspace\webpack-dev-server\lib\Server.js:258:16)
    at getProxyMiddleware (C:\Users\user\Workspace\webpack-dev-server\lib\Server.js:285:25)
    at Array.forEach (&lt;anonymous&gt;)
    at Server.forEach [as setupProxyFeature] (C:\Users\user\Workspace\webpack-dev-server\lib\Server.js:277:24)
    at Object.setupProxyFeature [as proxy] (C:\Users\user\Workspace\webpack-dev-server\lib\Server.js:481:16)
    at C:\Users\user\Workspace\webpack-dev-server\lib\Server.js:572:7
    at Array.forEach (&lt;anonymous&gt;)
    at Server.forEach [as setupFeatures] (C:\Users\user\Workspace\webpack-dev-server\lib\Server.js:571:49)
    at new setupFeatures (C:\Users\user\Workspace\webpack-dev-server\lib\Server.js:126:10)
    at startFullSetup (C:\Users\user\Workspace\webpack-dev-server\test\helpers\test-server.js:41:12)
    at startFullSetup (C:\Users\user\Workspace\webpack-dev-server\test\helpers\test-server.js:75:21)
    at startAwaitingCompilationFullSetup (C:\Users\user\Workspace\webpack-dev-server\test\helpers\test-server.js:85:10)
    at Object.startAwaitingCompilation [as start] (C:\Users\user\Workspace\webpack-dev-server\test\helpers\test-server.js:95:10)
    at Object.start (C:\Users\user\Workspace\webpack-dev-server\test\server\proxy-option.test.js:91:27)
    at C:\Users\user\Workspace\webpack-dev-server\node_modules\jest-jasmine2\build\queueRunner.js:45:12
    at new Promise (&lt;anonymous&gt;)
    at mapper (C:\Users\user\Workspace\webpack-dev-server\node_modules\jest-jasmine2\build\queueRunner.js:28:19)
    at C:\Users\user\Workspace\webpack-dev-server\node_modules\jest-jasmine2\build\queueRunner.js:75:41
    at runMicrotasks (&lt;anonymous&gt;)
    at processTicksAndRejections (internal/process/task_queues.js:93:5)</failure>
      <failure>TypeError: Cannot read property &apos;get&apos; of undefined
    at Object.get (C:\Users\user\Workspace\webpack-dev-server\test\server\proxy-option.test.js:124:13)
    at C:\Users\user\Workspace\webpack-dev-server\node_modules\jest-jasmine2\build\queueRunner.js:45:12
    at new Promise (&lt;anonymous&gt;)
    at mapper (C:\Users\user\Workspace\webpack-dev-server\node_modules\jest-jasmine2\build\queueRunner.js:28:19)
    at C:\Users\user\Workspace\webpack-dev-server\node_modules\jest-jasmine2\build\queueRunner.js:75:41
    at runMicrotasks (&lt;anonymous&gt;)
    at processTicksAndRejections (internal/process/task_queues.js:93:5)</failure>
    </testcase>
    <testcase classname="proxy option as an object of paths with properties bypass can rewrite a request path regardless of the target defined a bypass option" name="proxy option as an object of paths with properties bypass can rewrite a request path regardless of the target defined a bypass option" time="0">
      <failure>TypeError: httpProxyMiddleware is not a function
    at httpProxyMiddleware (C:\Users\user\Workspace\webpack-dev-server\lib\Server.js:258:16)
    at getProxyMiddleware (C:\Users\user\Workspace\webpack-dev-server\lib\Server.js:285:25)
    at Array.forEach (&lt;anonymous&gt;)
    at Server.forEach [as setupProxyFeature] (C:\Users\user\Workspace\webpack-dev-server\lib\Server.js:277:24)
    at Object.setupProxyFeature [as proxy] (C:\Users\user\Workspace\webpack-dev-server\lib\Server.js:481:16)
    at C:\Users\user\Workspace\webpack-dev-server\lib\Server.js:572:7
    at Array.forEach (&lt;anonymous&gt;)
    at Server.forEach [as setupFeatures] (C:\Users\user\Workspace\webpack-dev-server\lib\Server.js:571:49)
    at new setupFeatures (C:\Users\user\Workspace\webpack-dev-server\lib\Server.js:126:10)
    at startFullSetup (C:\Users\user\Workspace\webpack-dev-server\test\helpers\test-server.js:41:12)
    at startFullSetup (C:\Users\user\Workspace\webpack-dev-server\test\helpers\test-server.js:75:21)
    at startAwaitingCompilationFullSetup (C:\Users\user\Workspace\webpack-dev-server\test\helpers\test-server.js:85:10)
    at Object.startAwaitingCompilation [as start] (C:\Users\user\Workspace\webpack-dev-server\test\helpers\test-server.js:95:10)
    at Object.start (C:\Users\user\Workspace\webpack-dev-server\test\server\proxy-option.test.js:91:27)
    at C:\Users\user\Workspace\webpack-dev-server\node_modules\jest-jasmine2\build\queueRunner.js:45:12
    at new Promise (&lt;anonymous&gt;)
    at mapper (C:\Users\user\Workspace\webpack-dev-server\node_modules\jest-jasmine2\build\queueRunner.js:28:19)
    at C:\Users\user\Workspace\webpack-dev-server\node_modules\jest-jasmine2\build\queueRunner.js:75:41
    at runMicrotasks (&lt;anonymous&gt;)
    at processTicksAndRejections (internal/process/task_queues.js:93:5)</failure>
      <failure>TypeError: Cannot read property &apos;get&apos; of undefined
    at Object.get (C:\Users\user\Workspace\webpack-dev-server\test\server\proxy-option.test.js:128:13)
    at C:\Users\user\Workspace\webpack-dev-server\node_modules\jest-jasmine2\build\queueRunner.js:45:12
    at new Promise (&lt;anonymous&gt;)
    at mapper (C:\Users\user\Workspace\webpack-dev-server\node_modules\jest-jasmine2\build\queueRunner.js:28:19)
    at C:\Users\user\Workspace\webpack-dev-server\node_modules\jest-jasmine2\build\queueRunner.js:75:41
    at runMicrotasks (&lt;anonymous&gt;)
    at processTicksAndRejections (internal/process/task_queues.js:93:5)</failure>
    </testcase>
    <testcase classname="proxy option as an object of paths with properties bypass should pass through a proxy when a bypass function returns null" name="proxy option as an object of paths with properties bypass should pass through a proxy when a bypass function returns null" time="0">
      <failure>TypeError: httpProxyMiddleware is not a function
    at httpProxyMiddleware (C:\Users\user\Workspace\webpack-dev-server\lib\Server.js:258:16)
    at getProxyMiddleware (C:\Users\user\Workspace\webpack-dev-server\lib\Server.js:285:25)
    at Array.forEach (&lt;anonymous&gt;)
    at Server.forEach [as setupProxyFeature] (C:\Users\user\Workspace\webpack-dev-server\lib\Server.js:277:24)
    at Object.setupProxyFeature [as proxy] (C:\Users\user\Workspace\webpack-dev-server\lib\Server.js:481:16)
    at C:\Users\user\Workspace\webpack-dev-server\lib\Server.js:572:7
    at Array.forEach (&lt;anonymous&gt;)
    at Server.forEach [as setupFeatures] (C:\Users\user\Workspace\webpack-dev-server\lib\Server.js:571:49)
    at new setupFeatures (C:\Users\user\Workspace\webpack-dev-server\lib\Server.js:126:10)
    at startFullSetup (C:\Users\user\Workspace\webpack-dev-server\test\helpers\test-server.js:41:12)
    at startFullSetup (C:\Users\user\Workspace\webpack-dev-server\test\helpers\test-server.js:75:21)
    at startAwaitingCompilationFullSetup (C:\Users\user\Workspace\webpack-dev-server\test\helpers\test-server.js:85:10)
    at Object.startAwaitingCompilation [as start] (C:\Users\user\Workspace\webpack-dev-server\test\helpers\test-server.js:95:10)
    at Object.start (C:\Users\user\Workspace\webpack-dev-server\test\server\proxy-option.test.js:91:27)
    at C:\Users\user\Workspace\webpack-dev-server\node_modules\jest-jasmine2\build\queueRunner.js:45:12
    at new Promise (&lt;anonymous&gt;)
    at mapper (C:\Users\user\Workspace\webpack-dev-server\node_modules\jest-jasmine2\build\queueRunner.js:28:19)
    at C:\Users\user\Workspace\webpack-dev-server\node_modules\jest-jasmine2\build\queueRunner.js:75:41
    at runMicrotasks (&lt;anonymous&gt;)
    at processTicksAndRejections (internal/process/task_queues.js:93:5)</failure>
      <failure>TypeError: Cannot read property &apos;get&apos; of undefined
    at Object.get (C:\Users\user\Workspace\webpack-dev-server\test\server\proxy-option.test.js:132:13)
    at C:\Users\user\Workspace\webpack-dev-server\node_modules\jest-jasmine2\build\queueRunner.js:45:12
    at new Promise (&lt;anonymous&gt;)
    at mapper (C:\Users\user\Workspace\webpack-dev-server\node_modules\jest-jasmine2\build\queueRunner.js:28:19)
    at C:\Users\user\Workspace\webpack-dev-server\node_modules\jest-jasmine2\build\queueRunner.js:75:41
    at runMicrotasks (&lt;anonymous&gt;)
    at processTicksAndRejections (internal/process/task_queues.js:93:5)</failure>
    </testcase>
    <testcase classname="proxy option as an object of paths with properties bypass should not pass through a proxy when a bypass function returns false" name="proxy option as an object of paths with properties bypass should not pass through a proxy when a bypass function returns false" time="0.001">
      <failure>TypeError: httpProxyMiddleware is not a function
    at httpProxyMiddleware (C:\Users\user\Workspace\webpack-dev-server\lib\Server.js:258:16)
    at getProxyMiddleware (C:\Users\user\Workspace\webpack-dev-server\lib\Server.js:285:25)
    at Array.forEach (&lt;anonymous&gt;)
    at Server.forEach [as setupProxyFeature] (C:\Users\user\Workspace\webpack-dev-server\lib\Server.js:277:24)
    at Object.setupProxyFeature [as proxy] (C:\Users\user\Workspace\webpack-dev-server\lib\Server.js:481:16)
    at C:\Users\user\Workspace\webpack-dev-server\lib\Server.js:572:7
    at Array.forEach (&lt;anonymous&gt;)
    at Server.forEach [as setupFeatures] (C:\Users\user\Workspace\webpack-dev-server\lib\Server.js:571:49)
    at new setupFeatures (C:\Users\user\Workspace\webpack-dev-server\lib\Server.js:126:10)
    at startFullSetup (C:\Users\user\Workspace\webpack-dev-server\test\helpers\test-server.js:41:12)
    at startFullSetup (C:\Users\user\Workspace\webpack-dev-server\test\helpers\test-server.js:75:21)
    at startAwaitingCompilationFullSetup (C:\Users\user\Workspace\webpack-dev-server\test\helpers\test-server.js:85:10)
    at Object.startAwaitingCompilation [as start] (C:\Users\user\Workspace\webpack-dev-server\test\helpers\test-server.js:95:10)
    at Object.start (C:\Users\user\Workspace\webpack-dev-server\test\server\proxy-option.test.js:91:27)
    at C:\Users\user\Workspace\webpack-dev-server\node_modules\jest-jasmine2\build\queueRunner.js:45:12
    at new Promise (&lt;anonymous&gt;)
    at mapper (C:\Users\user\Workspace\webpack-dev-server\node_modules\jest-jasmine2\build\queueRunner.js:28:19)
    at C:\Users\user\Workspace\webpack-dev-server\node_modules\jest-jasmine2\build\queueRunner.js:75:41
    at runMicrotasks (&lt;anonymous&gt;)
    at processTicksAndRejections (internal/process/task_queues.js:93:5)</failure>
      <failure>TypeError: Cannot read property &apos;get&apos; of undefined
    at Object.get (C:\Users\user\Workspace\webpack-dev-server\test\server\proxy-option.test.js:136:13)
    at C:\Users\user\Workspace\webpack-dev-server\node_modules\jest-jasmine2\build\queueRunner.js:45:12
    at new Promise (&lt;anonymous&gt;)
    at mapper (C:\Users\user\Workspace\webpack-dev-server\node_modules\jest-jasmine2\build\queueRunner.js:28:19)
    at C:\Users\user\Workspace\webpack-dev-server\node_modules\jest-jasmine2\build\queueRunner.js:75:41
    at runMicrotasks (&lt;anonymous&gt;)
    at processTicksAndRejections (internal/process/task_queues.js:93:5)</failure>
    </testcase>
    <testcase classname="proxy option as an option is an object respects a proxy option" name="proxy option as an option is an object respects a proxy option" time="0.001">
      <failure>TypeError: httpProxyMiddleware is not a function
    at httpProxyMiddleware (C:\Users\user\Workspace\webpack-dev-server\lib\Server.js:258:16)
    at getProxyMiddleware (C:\Users\user\Workspace\webpack-dev-server\lib\Server.js:285:25)
    at Array.forEach (&lt;anonymous&gt;)
    at Server.forEach [as setupProxyFeature] (C:\Users\user\Workspace\webpack-dev-server\lib\Server.js:277:24)
    at Object.setupProxyFeature [as proxy] (C:\Users\user\Workspace\webpack-dev-server\lib\Server.js:481:16)
    at C:\Users\user\Workspace\webpack-dev-server\lib\Server.js:572:7
    at Array.forEach (&lt;anonymous&gt;)
    at Server.forEach [as setupFeatures] (C:\Users\user\Workspace\webpack-dev-server\lib\Server.js:571:49)
    at new setupFeatures (C:\Users\user\Workspace\webpack-dev-server\lib\Server.js:126:10)
    at startFullSetup (C:\Users\user\Workspace\webpack-dev-server\test\helpers\test-server.js:41:12)
    at startFullSetup (C:\Users\user\Workspace\webpack-dev-server\test\helpers\test-server.js:75:21)
    at startAwaitingCompilationFullSetup (C:\Users\user\Workspace\webpack-dev-server\test\helpers\test-server.js:85:10)
    at Object.startAwaitingCompilation [as start] (C:\Users\user\Workspace\webpack-dev-server\test\helpers\test-server.js:95:10)
    at Object.start (C:\Users\user\Workspace\webpack-dev-server\test\server\proxy-option.test.js:148:27)
    at C:\Users\user\Workspace\webpack-dev-server\node_modules\jest-jasmine2\build\queueRunner.js:45:12
    at new Promise (&lt;anonymous&gt;)
    at mapper (C:\Users\user\Workspace\webpack-dev-server\node_modules\jest-jasmine2\build\queueRunner.js:28:19)
    at C:\Users\user\Workspace\webpack-dev-server\node_modules\jest-jasmine2\build\queueRunner.js:75:41
    at runMicrotasks (&lt;anonymous&gt;)
    at processTicksAndRejections (internal/process/task_queues.js:93:5)</failure>
      <failure>TypeError: Cannot read property &apos;get&apos; of undefined
    at Object.get (C:\Users\user\Workspace\webpack-dev-server\test\server\proxy-option.test.js:168:11)
    at C:\Users\user\Workspace\webpack-dev-server\node_modules\jest-jasmine2\build\queueRunner.js:45:12
    at new Promise (&lt;anonymous&gt;)
    at mapper (C:\Users\user\Workspace\webpack-dev-server\node_modules\jest-jasmine2\build\queueRunner.js:28:19)
    at C:\Users\user\Workspace\webpack-dev-server\node_modules\jest-jasmine2\build\queueRunner.js:75:41
    at runMicrotasks (&lt;anonymous&gt;)
    at processTicksAndRejections (internal/process/task_queues.js:93:5)</failure>
    </testcase>
    <testcase classname="proxy option as an array respects a proxy option" name="proxy option as an array respects a proxy option" time="0">
      <failure>TypeError: httpProxyMiddleware is not a function
    at httpProxyMiddleware (C:\Users\user\Workspace\webpack-dev-server\lib\Server.js:258:16)
    at getProxyMiddleware (C:\Users\user\Workspace\webpack-dev-server\lib\Server.js:285:25)
    at Array.forEach (&lt;anonymous&gt;)
    at Server.forEach [as setupProxyFeature] (C:\Users\user\Workspace\webpack-dev-server\lib\Server.js:277:24)
    at Object.setupProxyFeature [as proxy] (C:\Users\user\Workspace\webpack-dev-server\lib\Server.js:481:16)
    at C:\Users\user\Workspace\webpack-dev-server\lib\Server.js:572:7
    at Array.forEach (&lt;anonymous&gt;)
    at Server.forEach [as setupFeatures] (C:\Users\user\Workspace\webpack-dev-server\lib\Server.js:571:49)
    at new setupFeatures (C:\Users\user\Workspace\webpack-dev-server\lib\Server.js:126:10)
    at startFullSetup (C:\Users\user\Workspace\webpack-dev-server\test\helpers\test-server.js:41:12)
    at startFullSetup (C:\Users\user\Workspace\webpack-dev-server\test\helpers\test-server.js:75:21)
    at startAwaitingCompilationFullSetup (C:\Users\user\Workspace\webpack-dev-server\test\helpers\test-server.js:85:10)
    at Object.startAwaitingCompilation [as start] (C:\Users\user\Workspace\webpack-dev-server\test\helpers\test-server.js:95:10)
    at Object.start (C:\Users\user\Workspace\webpack-dev-server\test\server\proxy-option.test.js:179:27)
    at C:\Users\user\Workspace\webpack-dev-server\node_modules\jest-jasmine2\build\queueRunner.js:45:12
    at new Promise (&lt;anonymous&gt;)
    at mapper (C:\Users\user\Workspace\webpack-dev-server\node_modules\jest-jasmine2\build\queueRunner.js:28:19)
    at C:\Users\user\Workspace\webpack-dev-server\node_modules\jest-jasmine2\build\queueRunner.js:75:41
    at runMicrotasks (&lt;anonymous&gt;)
    at processTicksAndRejections (internal/process/task_queues.js:93:5)</failure>
      <failure>TypeError: Cannot read property &apos;get&apos; of undefined
    at Object.get (C:\Users\user\Workspace\webpack-dev-server\test\server\proxy-option.test.js:199:11)
    at C:\Users\user\Workspace\webpack-dev-server\node_modules\jest-jasmine2\build\queueRunner.js:45:12
    at new Promise (&lt;anonymous&gt;)
    at mapper (C:\Users\user\Workspace\webpack-dev-server\node_modules\jest-jasmine2\build\queueRunner.js:28:19)
    at C:\Users\user\Workspace\webpack-dev-server\node_modules\jest-jasmine2\build\queueRunner.js:75:41
    at runMicrotasks (&lt;anonymous&gt;)
    at processTicksAndRejections (internal/process/task_queues.js:93:5)</failure>
    </testcase>
    <testcase classname="proxy option as an array respects a proxy option of function" name="proxy option as an array respects a proxy option of function" time="0.001">
      <failure>TypeError: httpProxyMiddleware is not a function
    at httpProxyMiddleware (C:\Users\user\Workspace\webpack-dev-server\lib\Server.js:258:16)
    at getProxyMiddleware (C:\Users\user\Workspace\webpack-dev-server\lib\Server.js:285:25)
    at Array.forEach (&lt;anonymous&gt;)
    at Server.forEach [as setupProxyFeature] (C:\Users\user\Workspace\webpack-dev-server\lib\Server.js:277:24)
    at Object.setupProxyFeature [as proxy] (C:\Users\user\Workspace\webpack-dev-server\lib\Server.js:481:16)
    at C:\Users\user\Workspace\webpack-dev-server\lib\Server.js:572:7
    at Array.forEach (&lt;anonymous&gt;)
    at Server.forEach [as setupFeatures] (C:\Users\user\Workspace\webpack-dev-server\lib\Server.js:571:49)
    at new setupFeatures (C:\Users\user\Workspace\webpack-dev-server\lib\Server.js:126:10)
    at startFullSetup (C:\Users\user\Workspace\webpack-dev-server\test\helpers\test-server.js:41:12)
    at startFullSetup (C:\Users\user\Workspace\webpack-dev-server\test\helpers\test-server.js:75:21)
    at startAwaitingCompilationFullSetup (C:\Users\user\Workspace\webpack-dev-server\test\helpers\test-server.js:85:10)
    at Object.startAwaitingCompilation [as start] (C:\Users\user\Workspace\webpack-dev-server\test\helpers\test-server.js:95:10)
    at Object.start (C:\Users\user\Workspace\webpack-dev-server\test\server\proxy-option.test.js:179:27)
    at C:\Users\user\Workspace\webpack-dev-server\node_modules\jest-jasmine2\build\queueRunner.js:45:12
    at new Promise (&lt;anonymous&gt;)
    at mapper (C:\Users\user\Workspace\webpack-dev-server\node_modules\jest-jasmine2\build\queueRunner.js:28:19)
    at C:\Users\user\Workspace\webpack-dev-server\node_modules\jest-jasmine2\build\queueRunner.js:75:41
    at runMicrotasks (&lt;anonymous&gt;)
    at processTicksAndRejections (internal/process/task_queues.js:93:5)</failure>
      <failure>TypeError: Cannot read property &apos;get&apos; of undefined
    at Object.get (C:\Users\user\Workspace\webpack-dev-server\test\server\proxy-option.test.js:203:11)
    at C:\Users\user\Workspace\webpack-dev-server\node_modules\jest-jasmine2\build\queueRunner.js:45:12
    at new Promise (&lt;anonymous&gt;)
    at mapper (C:\Users\user\Workspace\webpack-dev-server\node_modules\jest-jasmine2\build\queueRunner.js:28:19)
    at C:\Users\user\Workspace\webpack-dev-server\node_modules\jest-jasmine2\build\queueRunner.js:75:41
    at runMicrotasks (&lt;anonymous&gt;)
    at processTicksAndRejections (internal/process/task_queues.js:93:5)</failure>
    </testcase>
    <testcase classname="proxy option should sharing a proxy option respects proxy1 option" name="proxy option should sharing a proxy option respects proxy1 option" time="0">
      <failure>TypeError: httpProxyMiddleware is not a function
    at httpProxyMiddleware (C:\Users\user\Workspace\webpack-dev-server\lib\Server.js:258:16)
    at getProxyMiddleware (C:\Users\user\Workspace\webpack-dev-server\lib\Server.js:285:25)
    at Array.forEach (&lt;anonymous&gt;)
    at Server.forEach [as setupProxyFeature] (C:\Users\user\Workspace\webpack-dev-server\lib\Server.js:277:24)
    at Object.setupProxyFeature [as proxy] (C:\Users\user\Workspace\webpack-dev-server\lib\Server.js:481:16)
    at C:\Users\user\Workspace\webpack-dev-server\lib\Server.js:572:7
    at Array.forEach (&lt;anonymous&gt;)
    at Server.forEach [as setupFeatures] (C:\Users\user\Workspace\webpack-dev-server\lib\Server.js:571:49)
    at new setupFeatures (C:\Users\user\Workspace\webpack-dev-server\lib\Server.js:126:10)
    at startFullSetup (C:\Users\user\Workspace\webpack-dev-server\test\helpers\test-server.js:41:12)
    at startFullSetup (C:\Users\user\Workspace\webpack-dev-server\test\helpers\test-server.js:75:21)
    at startAwaitingCompilationFullSetup (C:\Users\user\Workspace\webpack-dev-server\test\helpers\test-server.js:85:10)
    at Object.startAwaitingCompilation [as start] (C:\Users\user\Workspace\webpack-dev-server\test\helpers\test-server.js:95:10)
    at Object.start (C:\Users\user\Workspace\webpack-dev-server\test\server\proxy-option.test.js:224:27)
    at C:\Users\user\Workspace\webpack-dev-server\node_modules\jest-jasmine2\build\queueRunner.js:45:12
    at new Promise (&lt;anonymous&gt;)
    at mapper (C:\Users\user\Workspace\webpack-dev-server\node_modules\jest-jasmine2\build\queueRunner.js:28:19)
    at C:\Users\user\Workspace\webpack-dev-server\node_modules\jest-jasmine2\build\queueRunner.js:75:41
    at runMicrotasks (&lt;anonymous&gt;)
    at processTicksAndRejections (internal/process/task_queues.js:93:5)</failure>
      <failure>TypeError: Cannot read property &apos;get&apos; of undefined
    at Object.get (C:\Users\user\Workspace\webpack-dev-server\test\server\proxy-option.test.js:247:11)
    at C:\Users\user\Workspace\webpack-dev-server\node_modules\jest-jasmine2\build\queueRunner.js:45:12
    at new Promise (&lt;anonymous&gt;)
    at mapper (C:\Users\user\Workspace\webpack-dev-server\node_modules\jest-jasmine2\build\queueRunner.js:28:19)
    at C:\Users\user\Workspace\webpack-dev-server\node_modules\jest-jasmine2\build\queueRunner.js:75:41
    at runMicrotasks (&lt;anonymous&gt;)
    at processTicksAndRejections (internal/process/task_queues.js:93:5)</failure>
    </testcase>
    <testcase classname="proxy option should sharing a proxy option respects proxy2 option" name="proxy option should sharing a proxy option respects proxy2 option" time="0.001">
      <failure>TypeError: httpProxyMiddleware is not a function
    at httpProxyMiddleware (C:\Users\user\Workspace\webpack-dev-server\lib\Server.js:258:16)
    at getProxyMiddleware (C:\Users\user\Workspace\webpack-dev-server\lib\Server.js:285:25)
    at Array.forEach (&lt;anonymous&gt;)
    at Server.forEach [as setupProxyFeature] (C:\Users\user\Workspace\webpack-dev-server\lib\Server.js:277:24)
    at Object.setupProxyFeature [as proxy] (C:\Users\user\Workspace\webpack-dev-server\lib\Server.js:481:16)
    at C:\Users\user\Workspace\webpack-dev-server\lib\Server.js:572:7
    at Array.forEach (&lt;anonymous&gt;)
    at Server.forEach [as setupFeatures] (C:\Users\user\Workspace\webpack-dev-server\lib\Server.js:571:49)
    at new setupFeatures (C:\Users\user\Workspace\webpack-dev-server\lib\Server.js:126:10)
    at startFullSetup (C:\Users\user\Workspace\webpack-dev-server\test\helpers\test-server.js:41:12)
    at startFullSetup (C:\Users\user\Workspace\webpack-dev-server\test\helpers\test-server.js:75:21)
    at startAwaitingCompilationFullSetup (C:\Users\user\Workspace\webpack-dev-server\test\helpers\test-server.js:85:10)
    at Object.startAwaitingCompilation [as start] (C:\Users\user\Workspace\webpack-dev-server\test\helpers\test-server.js:95:10)
    at Object.start (C:\Users\user\Workspace\webpack-dev-server\test\server\proxy-option.test.js:224:27)
    at C:\Users\user\Workspace\webpack-dev-server\node_modules\jest-jasmine2\build\queueRunner.js:45:12
    at new Promise (&lt;anonymous&gt;)
    at mapper (C:\Users\user\Workspace\webpack-dev-server\node_modules\jest-jasmine2\build\queueRunner.js:28:19)
    at C:\Users\user\Workspace\webpack-dev-server\node_modules\jest-jasmine2\build\queueRunner.js:75:41
    at runMicrotasks (&lt;anonymous&gt;)
    at processTicksAndRejections (internal/process/task_queues.js:93:5)</failure>
      <failure>TypeError: Cannot read property &apos;get&apos; of undefined
    at Object.get (C:\Users\user\Workspace\webpack-dev-server\test\server\proxy-option.test.js:251:11)
    at C:\Users\user\Workspace\webpack-dev-server\node_modules\jest-jasmine2\build\queueRunner.js:45:12
    at new Promise (&lt;anonymous&gt;)
    at mapper (C:\Users\user\Workspace\webpack-dev-server\node_modules\jest-jasmine2\build\queueRunner.js:28:19)
    at C:\Users\user\Workspace\webpack-dev-server\node_modules\jest-jasmine2\build\queueRunner.js:75:41
    at runMicrotasks (&lt;anonymous&gt;)
    at processTicksAndRejections (internal/process/task_queues.js:93:5)</failure>
    </testcase>
    <testcase classname="proxy option should handles external websocket upgrade with transportMode: sockjs Should receive response" name="proxy option should handles external websocket upgrade with transportMode: sockjs Should receive response" time="2.028">
      <failure>TypeError: httpProxyMiddleware is not a function
    at httpProxyMiddleware (C:\Users\user\Workspace\webpack-dev-server\lib\Server.js:258:16)
    at getProxyMiddleware (C:\Users\user\Workspace\webpack-dev-server\lib\Server.js:285:25)
    at Array.forEach (&lt;anonymous&gt;)
    at Server.forEach [as setupProxyFeature] (C:\Users\user\Workspace\webpack-dev-server\lib\Server.js:277:24)
    at Object.setupProxyFeature [as proxy] (C:\Users\user\Workspace\webpack-dev-server\lib\Server.js:481:16)
    at C:\Users\user\Workspace\webpack-dev-server\lib\Server.js:572:7
    at Array.forEach (&lt;anonymous&gt;)
    at Server.forEach [as setupFeatures] (C:\Users\user\Workspace\webpack-dev-server\lib\Server.js:571:49)
    at new setupFeatures (C:\Users\user\Workspace\webpack-dev-server\lib\Server.js:126:10)
    at startFullSetup (C:\Users\user\Workspace\webpack-dev-server\test\helpers\test-server.js:41:12)
    at startFullSetup (C:\Users\user\Workspace\webpack-dev-server\test\helpers\test-server.js:75:21)
    at startAwaitingCompilationFullSetup (C:\Users\user\Workspace\webpack-dev-server\test\helpers\test-server.js:85:10)
    at Object.startAwaitingCompilation [as start] (C:\Users\user\Workspace\webpack-dev-server\test\helpers\test-server.js:95:10)
    at Object.start (C:\Users\user\Workspace\webpack-dev-server\test\server\proxy-option.test.js:264:22)
    at C:\Users\user\Workspace\webpack-dev-server\node_modules\jest-jasmine2\build\queueRunner.js:45:12
    at new Promise (&lt;anonymous&gt;)
    at mapper (C:\Users\user\Workspace\webpack-dev-server\node_modules\jest-jasmine2\build\queueRunner.js:28:19)
    at C:\Users\user\Workspace\webpack-dev-server\node_modules\jest-jasmine2\build\queueRunner.js:75:41
    at runMicrotasks (&lt;anonymous&gt;)
    at processTicksAndRejections (internal/process/task_queues.js:93:5)</failure>
      <failure>Error: connect ECONNREFUSED 127.0.0.1:8124
    at TCPConnectWrap.afterConnect [as oncomplete] (net.js:1129:14)</failure>
      <failure>Error: expect(received).toEqual(expected) // deep equality

Expected: &quot;foo&quot;
Received: undefined
    at Object.toEqual (C:\Users\user\Workspace\webpack-dev-server\test\server\proxy-option.test.js:301:35)
    at Object.asyncJestTest (C:\Users\user\Workspace\webpack-dev-server\node_modules\jest-jasmine2\build\jasmineAsyncInstall.js:100:37)
    at C:\Users\user\Workspace\webpack-dev-server\node_modules\jest-jasmine2\build\queueRunner.js:45:12
    at new Promise (&lt;anonymous&gt;)
    at mapper (C:\Users\user\Workspace\webpack-dev-server\node_modules\jest-jasmine2\build\queueRunner.js:28:19)
    at C:\Users\user\Workspace\webpack-dev-server\node_modules\jest-jasmine2\build\queueRunner.js:75:41
    at runMicrotasks (&lt;anonymous&gt;)
    at processTicksAndRejections (internal/process/task_queues.js:93:5)</failure>
    </testcase>
    <testcase classname="proxy option should handles external websocket upgrade with transportMode: ws Should receive response" name="proxy option should handles external websocket upgrade with transportMode: ws Should receive response" time="2.041">
      <failure>TypeError: httpProxyMiddleware is not a function
    at httpProxyMiddleware (C:\Users\user\Workspace\webpack-dev-server\lib\Server.js:258:16)
    at getProxyMiddleware (C:\Users\user\Workspace\webpack-dev-server\lib\Server.js:285:25)
    at Array.forEach (&lt;anonymous&gt;)
    at Server.forEach [as setupProxyFeature] (C:\Users\user\Workspace\webpack-dev-server\lib\Server.js:277:24)
    at Object.setupProxyFeature [as proxy] (C:\Users\user\Workspace\webpack-dev-server\lib\Server.js:481:16)
    at C:\Users\user\Workspace\webpack-dev-server\lib\Server.js:572:7
    at Array.forEach (&lt;anonymous&gt;)
    at Server.forEach [as setupFeatures] (C:\Users\user\Workspace\webpack-dev-server\lib\Server.js:571:49)
    at new setupFeatures (C:\Users\user\Workspace\webpack-dev-server\lib\Server.js:126:10)
    at startFullSetup (C:\Users\user\Workspace\webpack-dev-server\test\helpers\test-server.js:41:12)
    at startFullSetup (C:\Users\user\Workspace\webpack-dev-server\test\helpers\test-server.js:75:21)
    at startAwaitingCompilationFullSetup (C:\Users\user\Workspace\webpack-dev-server\test\helpers\test-server.js:85:10)
    at Object.startAwaitingCompilation [as start] (C:\Users\user\Workspace\webpack-dev-server\test\helpers\test-server.js:95:10)
    at Object.start (C:\Users\user\Workspace\webpack-dev-server\test\server\proxy-option.test.js:264:22)
    at C:\Users\user\Workspace\webpack-dev-server\node_modules\jest-jasmine2\build\queueRunner.js:45:12
    at new Promise (&lt;anonymous&gt;)
    at mapper (C:\Users\user\Workspace\webpack-dev-server\node_modules\jest-jasmine2\build\queueRunner.js:28:19)
    at C:\Users\user\Workspace\webpack-dev-server\node_modules\jest-jasmine2\build\queueRunner.js:75:41
    at runMicrotasks (&lt;anonymous&gt;)
    at processTicksAndRejections (internal/process/task_queues.js:93:5)</failure>
      <failure>Error: connect ECONNREFUSED 127.0.0.1:8124
    at TCPConnectWrap.afterConnect [as oncomplete] (net.js:1129:14)</failure>
      <failure>Error: expect(received).toEqual(expected) // deep equality

Expected: &quot;foo&quot;
Received: undefined
    at Object.toEqual (C:\Users\user\Workspace\webpack-dev-server\test\server\proxy-option.test.js:301:35)
    at Object.asyncJestTest (C:\Users\user\Workspace\webpack-dev-server\node_modules\jest-jasmine2\build\jasmineAsyncInstall.js:100:37)
    at C:\Users\user\Workspace\webpack-dev-server\node_modules\jest-jasmine2\build\queueRunner.js:45:12
    at new Promise (&lt;anonymous&gt;)
    at mapper (C:\Users\user\Workspace\webpack-dev-server\node_modules\jest-jasmine2\build\queueRunner.js:28:19)
    at C:\Users\user\Workspace\webpack-dev-server\node_modules\jest-jasmine2\build\queueRunner.js:75:41
    at runMicrotasks (&lt;anonymous&gt;)
    at processTicksAndRejections (internal/process/task_queues.js:93:5)</failure>
    </testcase>
    <testcase classname="proxy option should supports http methods errors" name="proxy option should supports http methods errors" time="0">
      <failure>TypeError: httpProxyMiddleware is not a function
    at httpProxyMiddleware (C:\Users\user\Workspace\webpack-dev-server\lib\Server.js:258:16)
    at getProxyMiddleware (C:\Users\user\Workspace\webpack-dev-server\lib\Server.js:285:25)
    at Array.forEach (&lt;anonymous&gt;)
    at Server.forEach [as setupProxyFeature] (C:\Users\user\Workspace\webpack-dev-server\lib\Server.js:277:24)
    at Object.setupProxyFeature [as proxy] (C:\Users\user\Workspace\webpack-dev-server\lib\Server.js:481:16)
    at C:\Users\user\Workspace\webpack-dev-server\lib\Server.js:572:7
    at Array.forEach (&lt;anonymous&gt;)
    at Server.forEach [as setupFeatures] (C:\Users\user\Workspace\webpack-dev-server\lib\Server.js:571:49)
    at new setupFeatures (C:\Users\user\Workspace\webpack-dev-server\lib\Server.js:126:10)
    at startFullSetup (C:\Users\user\Workspace\webpack-dev-server\test\helpers\test-server.js:41:12)
    at startFullSetup (C:\Users\user\Workspace\webpack-dev-server\test\helpers\test-server.js:75:21)
    at startAwaitingCompilationFullSetup (C:\Users\user\Workspace\webpack-dev-server\test\helpers\test-server.js:85:10)
    at Object.startAwaitingCompilation [as start] (C:\Users\user\Workspace\webpack-dev-server\test\helpers\test-server.js:95:10)
    at Object.start (C:\Users\user\Workspace\webpack-dev-server\test\server\proxy-option.test.js:368:27)
    at C:\Users\user\Workspace\webpack-dev-server\node_modules\jest-jasmine2\build\queueRunner.js:45:12
    at new Promise (&lt;anonymous&gt;)
    at mapper (C:\Users\user\Workspace\webpack-dev-server\node_modules\jest-jasmine2\build\queueRunner.js:28:19)
    at C:\Users\user\Workspace\webpack-dev-server\node_modules\jest-jasmine2\build\queueRunner.js:75:41
    at runMicrotasks (&lt;anonymous&gt;)
    at processTicksAndRejections (internal/process/task_queues.js:93:5)</failure>
      <failure>TypeError: Cannot read property &apos;get&apos; of undefined
    at Object.get (C:\Users\user\Workspace\webpack-dev-server\test\server\proxy-option.test.js:389:11)
    at C:\Users\user\Workspace\webpack-dev-server\node_modules\jest-jasmine2\build\queueRunner.js:45:12
    at new Promise (&lt;anonymous&gt;)
    at mapper (C:\Users\user\Workspace\webpack-dev-server\node_modules\jest-jasmine2\build\queueRunner.js:28:19)
    at C:\Users\user\Workspace\webpack-dev-server\node_modules\jest-jasmine2\build\queueRunner.js:75:41
    at runMicrotasks (&lt;anonymous&gt;)
    at processTicksAndRejections (internal/process/task_queues.js:93:5)</failure>
    </testcase>
    <testcase classname="proxy option should supports http methods GET method" name="proxy option should supports http methods GET method" time="0.001">
      <failure>TypeError: httpProxyMiddleware is not a function
    at httpProxyMiddleware (C:\Users\user\Workspace\webpack-dev-server\lib\Server.js:258:16)
    at getProxyMiddleware (C:\Users\user\Workspace\webpack-dev-server\lib\Server.js:285:25)
    at Array.forEach (&lt;anonymous&gt;)
    at Server.forEach [as setupProxyFeature] (C:\Users\user\Workspace\webpack-dev-server\lib\Server.js:277:24)
    at Object.setupProxyFeature [as proxy] (C:\Users\user\Workspace\webpack-dev-server\lib\Server.js:481:16)
    at C:\Users\user\Workspace\webpack-dev-server\lib\Server.js:572:7
    at Array.forEach (&lt;anonymous&gt;)
    at Server.forEach [as setupFeatures] (C:\Users\user\Workspace\webpack-dev-server\lib\Server.js:571:49)
    at new setupFeatures (C:\Users\user\Workspace\webpack-dev-server\lib\Server.js:126:10)
    at startFullSetup (C:\Users\user\Workspace\webpack-dev-server\test\helpers\test-server.js:41:12)
    at startFullSetup (C:\Users\user\Workspace\webpack-dev-server\test\helpers\test-server.js:75:21)
    at startAwaitingCompilationFullSetup (C:\Users\user\Workspace\webpack-dev-server\test\helpers\test-server.js:85:10)
    at Object.startAwaitingCompilation [as start] (C:\Users\user\Workspace\webpack-dev-server\test\helpers\test-server.js:95:10)
    at Object.start (C:\Users\user\Workspace\webpack-dev-server\test\server\proxy-option.test.js:368:27)
    at C:\Users\user\Workspace\webpack-dev-server\node_modules\jest-jasmine2\build\queueRunner.js:45:12
    at new Promise (&lt;anonymous&gt;)
    at mapper (C:\Users\user\Workspace\webpack-dev-server\node_modules\jest-jasmine2\build\queueRunner.js:28:19)
    at C:\Users\user\Workspace\webpack-dev-server\node_modules\jest-jasmine2\build\queueRunner.js:75:41
    at runMicrotasks (&lt;anonymous&gt;)
    at processTicksAndRejections (internal/process/task_queues.js:93:5)</failure>
      <failure>TypeError: Cannot read property &apos;get&apos; of undefined
    at Object.get (C:\Users\user\Workspace\webpack-dev-server\test\server\proxy-option.test.js:393:11)
    at C:\Users\user\Workspace\webpack-dev-server\node_modules\jest-jasmine2\build\queueRunner.js:45:12
    at new Promise (&lt;anonymous&gt;)
    at mapper (C:\Users\user\Workspace\webpack-dev-server\node_modules\jest-jasmine2\build\queueRunner.js:28:19)
    at C:\Users\user\Workspace\webpack-dev-server\node_modules\jest-jasmine2\build\queueRunner.js:75:41
    at runMicrotasks (&lt;anonymous&gt;)
    at processTicksAndRejections (internal/process/task_queues.js:93:5)</failure>
    </testcase>
    <testcase classname="proxy option should supports http methods HEAD method" name="proxy option should supports http methods HEAD method" time="0.001">
      <failure>TypeError: httpProxyMiddleware is not a function
    at httpProxyMiddleware (C:\Users\user\Workspace\webpack-dev-server\lib\Server.js:258:16)
    at getProxyMiddleware (C:\Users\user\Workspace\webpack-dev-server\lib\Server.js:285:25)
    at Array.forEach (&lt;anonymous&gt;)
    at Server.forEach [as setupProxyFeature] (C:\Users\user\Workspace\webpack-dev-server\lib\Server.js:277:24)
    at Object.setupProxyFeature [as proxy] (C:\Users\user\Workspace\webpack-dev-server\lib\Server.js:481:16)
    at C:\Users\user\Workspace\webpack-dev-server\lib\Server.js:572:7
    at Array.forEach (&lt;anonymous&gt;)
    at Server.forEach [as setupFeatures] (C:\Users\user\Workspace\webpack-dev-server\lib\Server.js:571:49)
    at new setupFeatures (C:\Users\user\Workspace\webpack-dev-server\lib\Server.js:126:10)
    at startFullSetup (C:\Users\user\Workspace\webpack-dev-server\test\helpers\test-server.js:41:12)
    at startFullSetup (C:\Users\user\Workspace\webpack-dev-server\test\helpers\test-server.js:75:21)
    at startAwaitingCompilationFullSetup (C:\Users\user\Workspace\webpack-dev-server\test\helpers\test-server.js:85:10)
    at Object.startAwaitingCompilation [as start] (C:\Users\user\Workspace\webpack-dev-server\test\helpers\test-server.js:95:10)
    at Object.start (C:\Users\user\Workspace\webpack-dev-server\test\server\proxy-option.test.js:368:27)
    at C:\Users\user\Workspace\webpack-dev-server\node_modules\jest-jasmine2\build\queueRunner.js:45:12
    at new Promise (&lt;anonymous&gt;)
    at mapper (C:\Users\user\Workspace\webpack-dev-server\node_modules\jest-jasmine2\build\queueRunner.js:28:19)
    at C:\Users\user\Workspace\webpack-dev-server\node_modules\jest-jasmine2\build\queueRunner.js:75:41
    at runMicrotasks (&lt;anonymous&gt;)
    at processTicksAndRejections (internal/process/task_queues.js:93:5)</failure>
      <failure>TypeError: Cannot read property &apos;head&apos; of undefined
    at Object.head (C:\Users\user\Workspace\webpack-dev-server\test\server\proxy-option.test.js:397:11)
    at C:\Users\user\Workspace\webpack-dev-server\node_modules\jest-jasmine2\build\queueRunner.js:45:12
    at new Promise (&lt;anonymous&gt;)
    at mapper (C:\Users\user\Workspace\webpack-dev-server\node_modules\jest-jasmine2\build\queueRunner.js:28:19)
    at C:\Users\user\Workspace\webpack-dev-server\node_modules\jest-jasmine2\build\queueRunner.js:75:41
    at runMicrotasks (&lt;anonymous&gt;)
    at processTicksAndRejections (internal/process/task_queues.js:93:5)</failure>
    </testcase>
    <testcase classname="proxy option should supports http methods POST method (application/x-www-form-urlencoded)" name="proxy option should supports http methods POST method (application/x-www-form-urlencoded)" time="0">
      <failure>TypeError: httpProxyMiddleware is not a function
    at httpProxyMiddleware (C:\Users\user\Workspace\webpack-dev-server\lib\Server.js:258:16)
    at getProxyMiddleware (C:\Users\user\Workspace\webpack-dev-server\lib\Server.js:285:25)
    at Array.forEach (&lt;anonymous&gt;)
    at Server.forEach [as setupProxyFeature] (C:\Users\user\Workspace\webpack-dev-server\lib\Server.js:277:24)
    at Object.setupProxyFeature [as proxy] (C:\Users\user\Workspace\webpack-dev-server\lib\Server.js:481:16)
    at C:\Users\user\Workspace\webpack-dev-server\lib\Server.js:572:7
    at Array.forEach (&lt;anonymous&gt;)
    at Server.forEach [as setupFeatures] (C:\Users\user\Workspace\webpack-dev-server\lib\Server.js:571:49)
    at new setupFeatures (C:\Users\user\Workspace\webpack-dev-server\lib\Server.js:126:10)
    at startFullSetup (C:\Users\user\Workspace\webpack-dev-server\test\helpers\test-server.js:41:12)
    at startFullSetup (C:\Users\user\Workspace\webpack-dev-server\test\helpers\test-server.js:75:21)
    at startAwaitingCompilationFullSetup (C:\Users\user\Workspace\webpack-dev-server\test\helpers\test-server.js:85:10)
    at Object.startAwaitingCompilation [as start] (C:\Users\user\Workspace\webpack-dev-server\test\helpers\test-server.js:95:10)
    at Object.start (C:\Users\user\Workspace\webpack-dev-server\test\server\proxy-option.test.js:368:27)
    at C:\Users\user\Workspace\webpack-dev-server\node_modules\jest-jasmine2\build\queueRunner.js:45:12
    at new Promise (&lt;anonymous&gt;)
    at mapper (C:\Users\user\Workspace\webpack-dev-server\node_modules\jest-jasmine2\build\queueRunner.js:28:19)
    at C:\Users\user\Workspace\webpack-dev-server\node_modules\jest-jasmine2\build\queueRunner.js:75:41
    at runMicrotasks (&lt;anonymous&gt;)
    at processTicksAndRejections (internal/process/task_queues.js:93:5)</failure>
      <failure>TypeError: Cannot read property &apos;post&apos; of undefined
    at Object.post (C:\Users\user\Workspace\webpack-dev-server\test\server\proxy-option.test.js:402:10)
    at C:\Users\user\Workspace\webpack-dev-server\node_modules\jest-jasmine2\build\queueRunner.js:45:12
    at new Promise (&lt;anonymous&gt;)
    at mapper (C:\Users\user\Workspace\webpack-dev-server\node_modules\jest-jasmine2\build\queueRunner.js:28:19)
    at C:\Users\user\Workspace\webpack-dev-server\node_modules\jest-jasmine2\build\queueRunner.js:75:41
    at runMicrotasks (&lt;anonymous&gt;)
    at processTicksAndRejections (internal/process/task_queues.js:93:5)</failure>
    </testcase>
    <testcase classname="proxy option should supports http methods POST method (application/json)" name="proxy option should supports http methods POST method (application/json)" time="0.001">
      <failure>TypeError: httpProxyMiddleware is not a function
    at httpProxyMiddleware (C:\Users\user\Workspace\webpack-dev-server\lib\Server.js:258:16)
    at getProxyMiddleware (C:\Users\user\Workspace\webpack-dev-server\lib\Server.js:285:25)
    at Array.forEach (&lt;anonymous&gt;)
    at Server.forEach [as setupProxyFeature] (C:\Users\user\Workspace\webpack-dev-server\lib\Server.js:277:24)
    at Object.setupProxyFeature [as proxy] (C:\Users\user\Workspace\webpack-dev-server\lib\Server.js:481:16)
    at C:\Users\user\Workspace\webpack-dev-server\lib\Server.js:572:7
    at Array.forEach (&lt;anonymous&gt;)
    at Server.forEach [as setupFeatures] (C:\Users\user\Workspace\webpack-dev-server\lib\Server.js:571:49)
    at new setupFeatures (C:\Users\user\Workspace\webpack-dev-server\lib\Server.js:126:10)
    at startFullSetup (C:\Users\user\Workspace\webpack-dev-server\test\helpers\test-server.js:41:12)
    at startFullSetup (C:\Users\user\Workspace\webpack-dev-server\test\helpers\test-server.js:75:21)
    at startAwaitingCompilationFullSetup (C:\Users\user\Workspace\webpack-dev-server\test\helpers\test-server.js:85:10)
    at Object.startAwaitingCompilation [as start] (C:\Users\user\Workspace\webpack-dev-server\test\helpers\test-server.js:95:10)
    at Object.start (C:\Users\user\Workspace\webpack-dev-server\test\server\proxy-option.test.js:368:27)
    at C:\Users\user\Workspace\webpack-dev-server\node_modules\jest-jasmine2\build\queueRunner.js:45:12
    at new Promise (&lt;anonymous&gt;)
    at mapper (C:\Users\user\Workspace\webpack-dev-server\node_modules\jest-jasmine2\build\queueRunner.js:28:19)
    at C:\Users\user\Workspace\webpack-dev-server\node_modules\jest-jasmine2\build\queueRunner.js:75:41
    at runMicrotasks (&lt;anonymous&gt;)
    at processTicksAndRejections (internal/process/task_queues.js:93:5)</failure>
      <failure>TypeError: Cannot read property &apos;post&apos; of undefined
    at Object.post (C:\Users\user\Workspace\webpack-dev-server\test\server\proxy-option.test.js:409:10)
    at C:\Users\user\Workspace\webpack-dev-server\node_modules\jest-jasmine2\build\queueRunner.js:45:12
    at new Promise (&lt;anonymous&gt;)
    at mapper (C:\Users\user\Workspace\webpack-dev-server\node_modules\jest-jasmine2\build\queueRunner.js:28:19)
    at C:\Users\user\Workspace\webpack-dev-server\node_modules\jest-jasmine2\build\queueRunner.js:75:41
    at runMicrotasks (&lt;anonymous&gt;)
    at processTicksAndRejections (internal/process/task_queues.js:93:5)</failure>
    </testcase>
    <testcase classname="proxy option should supports http methods DELETE method" name="proxy option should supports http methods DELETE method" time="0.001">
      <failure>TypeError: httpProxyMiddleware is not a function
    at httpProxyMiddleware (C:\Users\user\Workspace\webpack-dev-server\lib\Server.js:258:16)
    at getProxyMiddleware (C:\Users\user\Workspace\webpack-dev-server\lib\Server.js:285:25)
    at Array.forEach (&lt;anonymous&gt;)
    at Server.forEach [as setupProxyFeature] (C:\Users\user\Workspace\webpack-dev-server\lib\Server.js:277:24)
    at Object.setupProxyFeature [as proxy] (C:\Users\user\Workspace\webpack-dev-server\lib\Server.js:481:16)
    at C:\Users\user\Workspace\webpack-dev-server\lib\Server.js:572:7
    at Array.forEach (&lt;anonymous&gt;)
    at Server.forEach [as setupFeatures] (C:\Users\user\Workspace\webpack-dev-server\lib\Server.js:571:49)
    at new setupFeatures (C:\Users\user\Workspace\webpack-dev-server\lib\Server.js:126:10)
    at startFullSetup (C:\Users\user\Workspace\webpack-dev-server\test\helpers\test-server.js:41:12)
    at startFullSetup (C:\Users\user\Workspace\webpack-dev-server\test\helpers\test-server.js:75:21)
    at startAwaitingCompilationFullSetup (C:\Users\user\Workspace\webpack-dev-server\test\helpers\test-server.js:85:10)
    at Object.startAwaitingCompilation [as start] (C:\Users\user\Workspace\webpack-dev-server\test\helpers\test-server.js:95:10)
    at Object.start (C:\Users\user\Workspace\webpack-dev-server\test\server\proxy-option.test.js:368:27)
    at C:\Users\user\Workspace\webpack-dev-server\node_modules\jest-jasmine2\build\queueRunner.js:45:12
    at new Promise (&lt;anonymous&gt;)
    at mapper (C:\Users\user\Workspace\webpack-dev-server\node_modules\jest-jasmine2\build\queueRunner.js:28:19)
    at C:\Users\user\Workspace\webpack-dev-server\node_modules\jest-jasmine2\build\queueRunner.js:75:41
    at runMicrotasks (&lt;anonymous&gt;)
    at processTicksAndRejections (internal/process/task_queues.js:93:5)</failure>
      <failure>TypeError: Cannot read property &apos;delete&apos; of undefined
    at Object.&lt;anonymous&gt; (C:\Users\user\Workspace\webpack-dev-server\test\server\proxy-option.test.js:421:10)
    at C:\Users\user\Workspace\webpack-dev-server\node_modules\jest-jasmine2\build\queueRunner.js:45:12
    at new Promise (&lt;anonymous&gt;)
    at mapper (C:\Users\user\Workspace\webpack-dev-server\node_modules\jest-jasmine2\build\queueRunner.js:28:19)
    at C:\Users\user\Workspace\webpack-dev-server\node_modules\jest-jasmine2\build\queueRunner.js:75:41
    at runMicrotasks (&lt;anonymous&gt;)
    at processTicksAndRejections (internal/process/task_queues.js:93:5)</failure>
    </testcase>
  </testsuite>
  <testsuite name="sockPath options" errors="0" failures="0" skipped="0" timestamp="2020-03-31T20:37:00" time="1.087" tests="4">
    <testcase classname="sockPath options default behavior defaults to a path" name="sockPath options default behavior defaults to a path" time="0.357">
    </testcase>
    <testcase classname="sockPath options default behavior responds with a 200" name="sockPath options default behavior responds with a 200" time="0.054">
    </testcase>
    <testcase classname="sockPath options socksPath option sets the sock path correctly and strips leading and trailing /s" name="sockPath options socksPath option sets the sock path correctly and strips leading and trailing /s" time="0.04">
    </testcase>
    <testcase classname="sockPath options socksPath option responds with a 200 second" name="sockPath options socksPath option responds with a 200 second" time="0.043">
    </testcase>
  </testsuite>
  <testsuite name="Server" errors="0" failures="0" skipped="0" timestamp="2020-03-31T20:36:57" time="4.064" tests="7">
    <testcase classname="Server sockjs add decorateConnection" name="Server sockjs add decorateConnection" time="0.002">
    </testcase>
    <testcase classname="Server addEntries add hot option" name="Server addEntries add hot option" time="0.993">
    </testcase>
    <testcase classname="Server addEntries add hotOnly option" name="Server addEntries add hotOnly option" time="0.542">
    </testcase>
    <testcase classname="Server express.static.mine.types should success even if mine.types doesn&apos;t exist" name="Server express.static.mine.types should success even if mine.types doesn&apos;t exist" time="0.341">
    </testcase>
    <testcase classname="Server Invalidate Callback Testing callback functions on calling invalidate without callback should be `noop` (the default callback function)" name="Server Invalidate Callback Testing callback functions on calling invalidate without callback should be `noop` (the default callback function)" time="0.404">
    </testcase>
    <testcase classname="Server Invalidate Callback Testing callback functions on calling invalidate with callback should be `callback` function" name="Server Invalidate Callback Testing callback functions on calling invalidate with callback should be `callback` function" time="0.72">
    </testcase>
    <testcase classname="Server WEBPACK_DEV_SERVER environment variable should be present" name="Server WEBPACK_DEV_SERVER environment variable should be present" time="0.375">
    </testcase>
  </testsuite>
  <testsuite name="stats option" errors="0" failures="0" skipped="0" timestamp="2020-03-31T20:37:01" time="2.898" tests="2">
    <testcase classname="stats option should works with difference stats values (contains &apos;hash&apos;, &apos;assets&apos;, &apos;warnings&apos; and &apos;errors&apos;)" name="stats option should works with difference stats values (contains &apos;hash&apos;, &apos;assets&apos;, &apos;warnings&apos; and &apos;errors&apos;)" time="2.095">
    </testcase>
    <testcase classname="stats option should respect warningsFilter" name="stats option should respect warningsFilter" time="0.241">
    </testcase>
  </testsuite>
  <testsuite name="client progress" errors="0" failures="0" skipped="0" timestamp="2020-03-31T20:37:04" time="18.062" tests="1">
    <testcase classname="client progress using hot on browser client should console.log progress" name="client progress using hot on browser client should console.log progress" time="16.39">
    </testcase>
  </testsuite>
  <testsuite name="transportMode" errors="0" failures="0" skipped="0" timestamp="2020-03-31T20:37:02" time="21.04" tests="21">
    <testcase classname="transportMode server is passed to getSocketServerImplementation correctly as a string (&quot;sockjs&quot;)" name="transportMode server is passed to getSocketServerImplementation correctly as a string (&quot;sockjs&quot;)" time="0.66">
    </testcase>
    <testcase classname="transportMode server is passed to getSocketServerImplementation correctly as a path (&quot;sockjs&quot;)" name="transportMode server is passed to getSocketServerImplementation correctly as a path (&quot;sockjs&quot;)" time="0.589">
    </testcase>
    <testcase classname="transportMode server is passed to getSocketServerImplementation correctly as a string (&quot;ws&quot;)" name="transportMode server is passed to getSocketServerImplementation correctly as a string (&quot;ws&quot;)" time="0.556">
    </testcase>
    <testcase classname="transportMode server is passed to getSocketServerImplementation correctly as a path (&quot;ws&quot;)" name="transportMode server is passed to getSocketServerImplementation correctly as a path (&quot;ws&quot;)" time="0.51">
    </testcase>
    <testcase classname="transportMode server is passed to getSocketServerImplementation correctly as a class (custom implementation)" name="transportMode server is passed to getSocketServerImplementation correctly as a class (custom implementation)" time="0.623">
    </testcase>
    <testcase classname="transportMode server is passed to getSocketServerImplementation correctly as a nonexistent path" name="transportMode server is passed to getSocketServerImplementation correctly as a nonexistent path" time="0.792">
    </testcase>
    <testcase classname="transportMode server passed to server as a string (&quot;sockjs&quot;) sockjs path responds with a 200" name="transportMode server passed to server as a string (&quot;sockjs&quot;) sockjs path responds with a 200" time="0.232">
    </testcase>
    <testcase classname="transportMode server passed to server as a path (&quot;sockjs&quot;) sockjs path responds with a 200" name="transportMode server passed to server as a path (&quot;sockjs&quot;) sockjs path responds with a 200" time="0.043">
    </testcase>
    <testcase classname="transportMode server passed to server as a class (&quot;sockjs&quot;) sockjs path responds with a 200" name="transportMode server passed to server as a class (&quot;sockjs&quot;) sockjs path responds with a 200" time="0.037">
    </testcase>
    <testcase classname="transportMode server passed to server as a class (custom &quot;sockjs&quot; implementation) uses supplied server implementation" name="transportMode server passed to server as a class (custom &quot;sockjs&quot; implementation) uses supplied server implementation" time="0.022">
    </testcase>
    <testcase classname="transportMode server passed to server as a path with nonexistent path should throw an error" name="transportMode server passed to server as a path with nonexistent path should throw an error" time="0.061">
    </testcase>
    <testcase classname="transportMode server passed to server without a header results in an error" name="transportMode server passed to server without a header results in an error" time="5.016">
    </testcase>
    <testcase classname="transportMode server passed to server with a bad host header results in an error" name="transportMode server passed to server with a bad host header results in an error" time="5.013">
    </testcase>
    <testcase classname="transportMode server server should use server implementation correctly" name="transportMode server server should use server implementation correctly" time="0.114">
    </testcase>
    <testcase classname="transportMode server server should close client with bad headers" name="transportMode server server should close client with bad headers" time="0.499">
    </testcase>
    <testcase classname="transportMode client is passed to getSocketClientPath correctly as a string (&quot;sockjs&quot;)" name="transportMode client is passed to getSocketClientPath correctly as a string (&quot;sockjs&quot;)" time="1.087">
    </testcase>
    <testcase classname="transportMode client is passed to getSocketClientPath correctly as a path (&quot;sockjs&quot;)" name="transportMode client is passed to getSocketClientPath correctly as a path (&quot;sockjs&quot;)" time="0.901">
    </testcase>
    <testcase classname="transportMode client is passed to getSocketClientPath correctly as a nonexistent path" name="transportMode client is passed to getSocketClientPath correctly as a nonexistent path" time="1.065">
    </testcase>
    <testcase classname="transportMode client passed to server as a string (&quot;sockjs&quot;) should not throw" name="transportMode client passed to server as a string (&quot;sockjs&quot;) should not throw" time="0.822">
    </testcase>
    <testcase classname="transportMode client passed to server as a path (&quot;sockjs&quot;) should not throw" name="transportMode client passed to server as a path (&quot;sockjs&quot;) should not throw" time="0.803">
    </testcase>
    <testcase classname="transportMode client passed to server as a nonexistent path should throw" name="transportMode client passed to server as a nonexistent path should throw" time="0.017">
    </testcase>
  </testsuite>
  <testsuite name="progress" errors="0" failures="0" skipped="0" timestamp="2020-03-31T20:37:22" time="1.493" tests="1">
    <testcase classname="progress output should show percentage progress without profile data" name="progress output should show percentage progress without profile data" time="0.859">
    </testcase>
  </testsuite>
  <testsuite name="contentBasePublicPath option" errors="0" failures="2" skipped="0" timestamp="2020-03-31T20:36:25" time="61.466" tests="19">
    <testcase classname="contentBasePublicPath option to directory Request to index" name="contentBasePublicPath option to directory Request to index" time="0.011">
      <failure>Timeout - Async callback was not invoked within the 60000ms timeout specified by jest.setTimeout.Error: Timeout - Async callback was not invoked within the 60000ms timeout specified by jest.setTimeout.
    at mapper (C:\Users\user\Workspace\webpack-dev-server\node_modules\jest-jasmine2\build\queueRunner.js:27:45)
    at C:\Users\user\Workspace\webpack-dev-server\node_modules\jest-jasmine2\build\queueRunner.js:75:41
    at processTicksAndRejections (internal/process/task_queues.js:93:5)</failure>
    </testcase>
    <testcase classname="contentBasePublicPath option to directory Request to other file" name="contentBasePublicPath option to directory Request to other file" time="0.005">
      <failure>Timeout - Async callback was not invoked within the 60000ms timeout specified by jest.setTimeout.Error: Timeout - Async callback was not invoked within the 60000ms timeout specified by jest.setTimeout.
    at mapper (C:\Users\user\Workspace\webpack-dev-server\node_modules\jest-jasmine2\build\queueRunner.js:27:45)
    at C:\Users\user\Workspace\webpack-dev-server\node_modules\jest-jasmine2\build\queueRunner.js:75:41
    at processTicksAndRejections (internal/process/task_queues.js:93:5)</failure>
    </testcase>
    <testcase classname="contentBasePublicPath option test listing files in folders without index.html using the option serveIndex:false shouldn&apos;t list the files inside the assets folder (404)" name="contentBasePublicPath option test listing files in folders without index.html using the option serveIndex:false shouldn&apos;t list the files inside the assets folder (404)" time="0.009">
    </testcase>
    <testcase classname="contentBasePublicPath option test listing files in folders without index.html using the option serveIndex:false should show Heyo. because bar has index.html inside it (200)" name="contentBasePublicPath option test listing files in folders without index.html using the option serveIndex:false should show Heyo. because bar has index.html inside it (200)" time="0.005">
    </testcase>
    <testcase classname="contentBasePublicPath option test listing files in folders without index.html using the option serveIndex:true should list the files inside the assets folder (200)" name="contentBasePublicPath option test listing files in folders without index.html using the option serveIndex:true should list the files inside the assets folder (200)" time="0.011">
    </testcase>
    <testcase classname="contentBasePublicPath option test listing files in folders without index.html using the option serveIndex:true should show Heyo. because bar has index.html inside it (200)" name="contentBasePublicPath option test listing files in folders without index.html using the option serveIndex:true should show Heyo. because bar has index.html inside it (200)" time="0.005">
    </testcase>
    <testcase classname="contentBasePublicPath option test listing files in folders without index.html using the option serveIndex default (true) should list the files inside the assets folder (200)" name="contentBasePublicPath option test listing files in folders without index.html using the option serveIndex default (true) should list the files inside the assets folder (200)" time="0.007">
    </testcase>
    <testcase classname="contentBasePublicPath option test listing files in folders without index.html using the option serveIndex default (true) should show Heyo. because bar has index.html inside it (200)" name="contentBasePublicPath option test listing files in folders without index.html using the option serveIndex default (true) should show Heyo. because bar has index.html inside it (200)" time="0.006">
    </testcase>
    <testcase classname="contentBasePublicPath option to directories Request to first directory" name="contentBasePublicPath option to directories Request to first directory" time="0.007">
    </testcase>
    <testcase classname="contentBasePublicPath option to directories Request to second directory" name="contentBasePublicPath option to directories Request to second directory" time="0.004">
    </testcase>
    <testcase classname="contentBasePublicPath option default to PWD Request to page" name="contentBasePublicPath option default to PWD Request to page" time="0.006">
    </testcase>
    <testcase classname="contentBasePublicPath option disable Request to page" name="contentBasePublicPath option disable Request to page" time="0.01">
    </testcase>
    <testcase classname="contentBasePublicPath option Content type Request foo.wasm" name="contentBasePublicPath option Content type Request foo.wasm" time="0.006">
    </testcase>
    <testcase classname="contentBasePublicPath option to ignore other methods than GET and HEAD GET request" name="contentBasePublicPath option to ignore other methods than GET and HEAD GET request" time="0.008">
    </testcase>
    <testcase classname="contentBasePublicPath option to ignore other methods than GET and HEAD HEAD request" name="contentBasePublicPath option to ignore other methods than GET and HEAD HEAD request" time="0.006">
    </testcase>
    <testcase classname="contentBasePublicPath option to ignore other methods than GET and HEAD POST request" name="contentBasePublicPath option to ignore other methods than GET and HEAD POST request" time="0.003">
    </testcase>
    <testcase classname="contentBasePublicPath option to ignore other methods than GET and HEAD PUT request" name="contentBasePublicPath option to ignore other methods than GET and HEAD PUT request" time="0.004">
    </testcase>
    <testcase classname="contentBasePublicPath option to ignore other methods than GET and HEAD DELETE request" name="contentBasePublicPath option to ignore other methods than GET and HEAD DELETE request" time="0.004">
    </testcase>
    <testcase classname="contentBasePublicPath option to ignore other methods than GET and HEAD PATCH request" name="contentBasePublicPath option to ignore other methods than GET and HEAD PATCH request" time="0.004">
    </testcase>
  </testsuite>
  <testsuite name="WebsocketClient" errors="0" failures="0" skipped="0" timestamp="2020-03-31T20:37:24" time="3.446" tests="1">
    <testcase classname="WebsocketClient client should open, receive message, and close" name="WebsocketClient client should open, receive message, and close" time="3.006">
    </testcase>
  </testsuite>
  <testsuite name="getCurrentScriptSource" errors="0" failures="0" skipped="0" timestamp="2020-03-31T20:37:27" time="0.325" tests="3">
    <testcase classname="getCurrentScriptSource should fail when script source doesn&apos;t exist" name="getCurrentScriptSource should fail when script source doesn&apos;t exist" time="0.005">
    </testcase>
    <testcase classname="getCurrentScriptSource should return src if document.currentScript exists" name="getCurrentScriptSource should return src if document.currentScript exists" time="0.004">
    </testcase>
    <testcase classname="getCurrentScriptSource should return src" name="getCurrentScriptSource should return src" time="0.001">
    </testcase>
  </testsuite>
  <testsuite name="createSocketUrl" errors="0" failures="0" skipped="0" timestamp="2020-03-31T20:37:26" time="1.656" tests="38">
    <testcase classname="createSocketUrl should return the url when __resourceQuery is ?test" name="createSocketUrl should return the url when __resourceQuery is ?test" time="0.008">
    </testcase>
    <testcase classname="createSocketUrl should return the url when the current script source is ?test" name="createSocketUrl should return the url when the current script source is ?test" time="0.001">
    </testcase>
    <testcase classname="createSocketUrl should return the url when __resourceQuery is https://example.com" name="createSocketUrl should return the url when __resourceQuery is https://example.com" time="0.001">
    </testcase>
    <testcase classname="createSocketUrl should return the url when the current script source is https://example.com" name="createSocketUrl should return the url when the current script source is https://example.com" time="0.001">
    </testcase>
    <testcase classname="createSocketUrl should return the url when __resourceQuery is https://example.com/path" name="createSocketUrl should return the url when __resourceQuery is https://example.com/path" time="0.001">
    </testcase>
    <testcase classname="createSocketUrl should return the url when the current script source is https://example.com/path" name="createSocketUrl should return the url when the current script source is https://example.com/path" time="0.001">
    </testcase>
    <testcase classname="createSocketUrl should return the url when __resourceQuery is https://example.com/path/foo.js" name="createSocketUrl should return the url when __resourceQuery is https://example.com/path/foo.js" time="0.001">
    </testcase>
    <testcase classname="createSocketUrl should return the url when the current script source is https://example.com/path/foo.js" name="createSocketUrl should return the url when the current script source is https://example.com/path/foo.js" time="0">
    </testcase>
    <testcase classname="createSocketUrl should return the url when __resourceQuery is http://user:password@localhost/" name="createSocketUrl should return the url when __resourceQuery is http://user:password@localhost/" time="0.002">
    </testcase>
    <testcase classname="createSocketUrl should return the url when the current script source is http://user:password@localhost/" name="createSocketUrl should return the url when the current script source is http://user:password@localhost/" time="0.002">
    </testcase>
    <testcase classname="createSocketUrl should return the url when __resourceQuery is http://0.0.0.0" name="createSocketUrl should return the url when __resourceQuery is http://0.0.0.0" time="0.001">
    </testcase>
    <testcase classname="createSocketUrl should return the url when the current script source is http://0.0.0.0" name="createSocketUrl should return the url when the current script source is http://0.0.0.0" time="0.001">
    </testcase>
    <testcase classname="createSocketUrl should return the url when __resourceQuery is https://localhost:123" name="createSocketUrl should return the url when __resourceQuery is https://localhost:123" time="0">
    </testcase>
    <testcase classname="createSocketUrl should return the url when the current script source is https://localhost:123" name="createSocketUrl should return the url when the current script source is https://localhost:123" time="0.001">
    </testcase>
    <testcase classname="createSocketUrl should return the url when __resourceQuery is http://user:pass@[::]:8080" name="createSocketUrl should return the url when __resourceQuery is http://user:pass@[::]:8080" time="0">
    </testcase>
    <testcase classname="createSocketUrl should return the url when the current script source is http://user:pass@[::]:8080" name="createSocketUrl should return the url when the current script source is http://user:pass@[::]:8080" time="0.001">
    </testcase>
    <testcase classname="createSocketUrl should return the url when __resourceQuery is http://127.0.0.1" name="createSocketUrl should return the url when __resourceQuery is http://127.0.0.1" time="0">
    </testcase>
    <testcase classname="createSocketUrl should return the url when the current script source is http://127.0.0.1" name="createSocketUrl should return the url when the current script source is http://127.0.0.1" time="0.001">
    </testcase>
    <testcase classname="createSocketUrl should return the url when __resourceQuery is undefined" name="createSocketUrl should return the url when __resourceQuery is undefined" time="0">
    </testcase>
    <testcase classname="createSocketUrl should return the url when the current script source is undefined" name="createSocketUrl should return the url when the current script source is undefined" time="0.001">
    </testcase>
    <testcase classname="createSocketUrl should return socket https://example.com/sockjs-node for script source http://example.com and location https://something.com" name="createSocketUrl should return socket https://example.com/sockjs-node for script source http://example.com and location https://something.com" time="0.001">
    </testcase>
    <testcase classname="createSocketUrl should return socket http://127.0.0.1/sockjs-node for script source http://127.0.0.1 and location https://something.com" name="createSocketUrl should return socket http://127.0.0.1/sockjs-node for script source http://127.0.0.1 and location https://something.com" time="0">
    </testcase>
    <testcase classname="createSocketUrl should return socket https://something.com/sockjs-node for script source http://0.0.0.0 and location https://something.com" name="createSocketUrl should return socket https://something.com/sockjs-node for script source http://0.0.0.0 and location https://something.com" time="0.001">
    </testcase>
    <testcase classname="createSocketUrl should return socket http://something.com/sockjs-node for script source http://0.0.0.0 and location http://something.com" name="createSocketUrl should return socket http://something.com/sockjs-node for script source http://0.0.0.0 and location http://something.com" time="0">
    </testcase>
    <testcase classname="createSocketUrl should return socket http://example.com/sockjs-node for script source http://example.com and location http://something.com" name="createSocketUrl should return socket http://example.com/sockjs-node for script source http://example.com and location http://something.com" time="0">
    </testcase>
    <testcase classname="createSocketUrl should return socket https://example.com/sockjs-node for script source https://example.com and location http://something.com" name="createSocketUrl should return socket https://example.com/sockjs-node for script source https://example.com and location http://something.com" time="0.001">
    </testcase>
    <testcase classname="createSocketUrl should return socket https://example.com/sockjs-node for query ?http://example.com and location https://something.com" name="createSocketUrl should return socket https://example.com/sockjs-node for query ?http://example.com and location https://something.com" time="0.001">
    </testcase>
    <testcase classname="createSocketUrl should return socket http://127.0.0.1/sockjs-node for query ?http://127.0.0.1 and location https://something.com" name="createSocketUrl should return socket http://127.0.0.1/sockjs-node for query ?http://127.0.0.1 and location https://something.com" time="0.001">
    </testcase>
    <testcase classname="createSocketUrl should return socket https://something.com/sockjs-node for query ?http://0.0.0.0 and location https://something.com" name="createSocketUrl should return socket https://something.com/sockjs-node for query ?http://0.0.0.0 and location https://something.com" time="0.001">
    </testcase>
    <testcase classname="createSocketUrl should return socket http://something.com/sockjs-node for query ?http://0.0.0.0 and location http://something.com" name="createSocketUrl should return socket http://something.com/sockjs-node for query ?http://0.0.0.0 and location http://something.com" time="0">
    </testcase>
    <testcase classname="createSocketUrl should return socket http://example.com/sockjs-node for query ?http://example.com and location http://something.com" name="createSocketUrl should return socket http://example.com/sockjs-node for query ?http://example.com and location http://something.com" time="0.001">
    </testcase>
    <testcase classname="createSocketUrl should return socket https://example.com/sockjs-node for query ?https://example.com and location http://something.com" name="createSocketUrl should return socket https://example.com/sockjs-node for query ?https://example.com and location http://something.com" time="0.003">
    </testcase>
    <testcase classname="createSocketUrl should return socket https://asdf/sockjs-node for query ?https://example.com?sockHost=asdf and location http://something.com" name="createSocketUrl should return socket https://asdf/sockjs-node for query ?https://example.com?sockHost=asdf and location http://something.com" time="0.001">
    </testcase>
    <testcase classname="createSocketUrl should return socket https://example.com:34/sockjs-node for query ?https://example.com?sockPort=34 and location http://something.com" name="createSocketUrl should return socket https://example.com:34/sockjs-node for query ?https://example.com?sockPort=34 and location http://something.com" time="0.001">
    </testcase>
    <testcase classname="createSocketUrl should return socket https://example.com/xxx for query ?https://example.com?sockPath=xxx and location http://something.com" name="createSocketUrl should return socket https://example.com/xxx for query ?https://example.com?sockPath=xxx and location http://something.com" time="0.008">
    </testcase>
    <testcase classname="createSocketUrl should return socket http://localhost:8097/sockjs-node for query ?http://0.0.0.0:8096&amp;sockPort=8097 and location http://localhost" name="createSocketUrl should return socket http://localhost:8097/sockjs-node for query ?http://0.0.0.0:8096&amp;sockPort=8097 and location http://localhost" time="0">
    </testcase>
    <testcase classname="createSocketUrl should return socket http://example.com/sockjs-node for query ?http://example.com:8096&amp;sockPort=location and location http://something.com" name="createSocketUrl should return socket http://example.com/sockjs-node for query ?http://example.com:8096&amp;sockPort=location and location http://something.com" time="0.001">
    </testcase>
    <testcase classname="createSocketUrl should return socket http://localhost:3000/sockjs-node for query ?http://0.0.0.0:8096&amp;sockPort=location and location http://localhost:3000" name="createSocketUrl should return socket http://localhost:3000/sockjs-node for query ?http://0.0.0.0:8096&amp;sockPort=location and location http://localhost:3000" time="0">
    </testcase>
  </testsuite>
  <testsuite name="log" errors="0" failures="0" skipped="0" timestamp="2020-03-31T20:37:28" time="0.436" tests="4">
    <testcase classname="log should set info as the default level" name="log should set info as the default level" time="0.248">
    </testcase>
    <testcase classname="log should set log level via setLogLevel" name="log should set log level via setLogLevel" time="0.007">
    </testcase>
    <testcase classname="log should set none and silent via setLogLevel" name="log should set none and silent via setLogLevel" time="0.003">
    </testcase>
    <testcase classname="log should output exception log when the level is unknown" name="log should output exception log when the level is unknown" time="0.003">
    </testcase>
  </testsuite>
  <testsuite name="SockJSClient" errors="0" failures="0" skipped="0" timestamp="2020-03-31T20:37:23" time="5.356" tests="1">
    <testcase classname="SockJSClient client should open, receive message, and close" name="SockJSClient client should open, receive message, and close" time="3.004">
    </testcase>
  </testsuite>
  <testsuite name="sendMessage" errors="0" failures="0" skipped="0" timestamp="2020-03-31T20:37:28" time="0.292" tests="1">
    <testcase classname="sendMessage should run self.postMessage" name="sendMessage should run self.postMessage" time="0.004">
    </testcase>
  </testsuite>
  <testsuite name="reloadApp" errors="0" failures="3" skipped="0" timestamp="2020-03-31T20:37:28" time="0.822" tests="4">
    <testcase classname="reloadApp should do nothing when isUnloading is true or hotReload is false" name="reloadApp should do nothing when isUnloading is true or hotReload is false" time="0.017">
      <failure>TypeError: Cannot assign to read only property &apos;reload&apos; of object &apos;[object Location]&apos;
    at Object.&lt;anonymous&gt; (C:\Users\user\Workspace\webpack-dev-server\test\client\utils\reloadApp.test.js:14:5)
    at Object.asyncJestLifecycle (C:\Users\user\Workspace\webpack-dev-server\node_modules\jest-jasmine2\build\jasmineAsyncInstall.js:53:37)
    at C:\Users\user\Workspace\webpack-dev-server\node_modules\jest-jasmine2\build\queueRunner.js:45:12
    at new Promise (&lt;anonymous&gt;)
    at mapper (C:\Users\user\Workspace\webpack-dev-server\node_modules\jest-jasmine2\build\queueRunner.js:28:19)
    at C:\Users\user\Workspace\webpack-dev-server\node_modules\jest-jasmine2\build\queueRunner.js:75:41
    at processTicksAndRejections (internal/process/task_queues.js:93:5)</failure>
      <failure>TypeError: reloadApp is not a function
    at Object.reloadApp (C:\Users\user\Workspace\webpack-dev-server\test\client\utils\reloadApp.test.js:37:12)
    at Object.asyncJestTest (C:\Users\user\Workspace\webpack-dev-server\node_modules\jest-jasmine2\build\jasmineAsyncInstall.js:100:37)
    at C:\Users\user\Workspace\webpack-dev-server\node_modules\jest-jasmine2\build\queueRunner.js:45:12
    at new Promise (&lt;anonymous&gt;)
    at mapper (C:\Users\user\Workspace\webpack-dev-server\node_modules\jest-jasmine2\build\queueRunner.js:28:19)
    at C:\Users\user\Workspace\webpack-dev-server\node_modules\jest-jasmine2\build\queueRunner.js:75:41
    at processTicksAndRejections (internal/process/task_queues.js:93:5)</failure>
    </testcase>
    <testcase classname="reloadApp should run hot" name="reloadApp should run hot" time="0.029">
      <failure>TypeError: Cannot assign to read only property &apos;reload&apos; of object &apos;[object Location]&apos;
    at Object.&lt;anonymous&gt; (C:\Users\user\Workspace\webpack-dev-server\test\client\utils\reloadApp.test.js:14:5)
    at Object.asyncJestLifecycle (C:\Users\user\Workspace\webpack-dev-server\node_modules\jest-jasmine2\build\jasmineAsyncInstall.js:53:37)
    at C:\Users\user\Workspace\webpack-dev-server\node_modules\jest-jasmine2\build\queueRunner.js:45:12
    at new Promise (&lt;anonymous&gt;)
    at mapper (C:\Users\user\Workspace\webpack-dev-server\node_modules\jest-jasmine2\build\queueRunner.js:28:19)
    at C:\Users\user\Workspace\webpack-dev-server\node_modules\jest-jasmine2\build\queueRunner.js:75:41
    at processTicksAndRejections (internal/process/task_queues.js:93:5)</failure>
      <failure>TypeError: reloadApp is not a function
    at Object.reloadApp (C:\Users\user\Workspace\webpack-dev-server\test\client\utils\reloadApp.test.js:51:5)
    at Object.asyncJestTest (C:\Users\user\Workspace\webpack-dev-server\node_modules\jest-jasmine2\build\jasmineAsyncInstall.js:100:37)
    at C:\Users\user\Workspace\webpack-dev-server\node_modules\jest-jasmine2\build\queueRunner.js:45:12
    at new Promise (&lt;anonymous&gt;)
    at mapper (C:\Users\user\Workspace\webpack-dev-server\node_modules\jest-jasmine2\build\queueRunner.js:28:19)
    at C:\Users\user\Workspace\webpack-dev-server\node_modules\jest-jasmine2\build\queueRunner.js:75:41
    at processTicksAndRejections (internal/process/task_queues.js:93:5)</failure>
    </testcase>
    <testcase classname="reloadApp should run liveReload when protocol is about:" name="reloadApp should run liveReload when protocol is about:" time="0.003">
      <failure>TypeError: Cannot assign to read only property &apos;reload&apos; of object &apos;[object Location]&apos;
    at Object.&lt;anonymous&gt; (C:\Users\user\Workspace\webpack-dev-server\test\client\utils\reloadApp.test.js:14:5)
    at Object.asyncJestLifecycle (C:\Users\user\Workspace\webpack-dev-server\node_modules\jest-jasmine2\build\jasmineAsyncInstall.js:53:37)
    at C:\Users\user\Workspace\webpack-dev-server\node_modules\jest-jasmine2\build\queueRunner.js:45:12
    at new Promise (&lt;anonymous&gt;)
    at mapper (C:\Users\user\Workspace\webpack-dev-server\node_modules\jest-jasmine2\build\queueRunner.js:28:19)
    at C:\Users\user\Workspace\webpack-dev-server\node_modules\jest-jasmine2\build\queueRunner.js:75:41
    at processTicksAndRejections (internal/process/task_queues.js:93:5)</failure>
      <failure>TypeError: reloadApp is not a function
    at Object.reloadApp (C:\Users\user\Workspace\webpack-dev-server\test\client\utils\reloadApp.test.js:71:5)
    at C:\Users\user\Workspace\webpack-dev-server\node_modules\jest-jasmine2\build\queueRunner.js:45:12
    at new Promise (&lt;anonymous&gt;)
    at mapper (C:\Users\user\Workspace\webpack-dev-server\node_modules\jest-jasmine2\build\queueRunner.js:28:19)
    at C:\Users\user\Workspace\webpack-dev-server\node_modules\jest-jasmine2\build\queueRunner.js:75:41
    at processTicksAndRejections (internal/process/task_queues.js:93:5)</failure>
    </testcase>
    <testcase classname="reloadApp should run liveReload when protocol is http:" name="reloadApp should run liveReload when protocol is http:" time="0.397">
    </testcase>
  </testsuite>
  <testsuite name="addEntries util" errors="0" failures="0" skipped="0" timestamp="2020-03-31T20:37:29" time="0.853" tests="22">
    <testcase classname="addEntries util should adds devServer entry points to a single entry point" name="addEntries util should adds devServer entry points to a single entry point" time="0.002">
    </testcase>
    <testcase classname="addEntries util should adds devServer entry points to a multi-module entry point" name="addEntries util should adds devServer entry points to a multi-module entry point" time="0.001">
    </testcase>
    <testcase classname="addEntries util should adds devServer entry points to a multi entry point object" name="addEntries util should adds devServer entry points to a multi entry point object" time="0.001">
    </testcase>
    <testcase classname="addEntries util should set defaults to src if no entry point is given" name="addEntries util should set defaults to src if no entry point is given" time="0.001">
    </testcase>
    <testcase classname="addEntries util should preserves dynamic entry points" name="addEntries util should preserves dynamic entry points" time="0.001">
    </testcase>
    <testcase classname="addEntries util should preserves asynchronous dynamic entry points" name="addEntries util should preserves asynchronous dynamic entry points" time="0.001">
    </testcase>
    <testcase classname="addEntries util should prepends webpack&apos;s hot reload client script" name="addEntries util should prepends webpack&apos;s hot reload client script" time="0.03">
    </testcase>
    <testcase classname="addEntries util should prepends webpack&apos;s hot-only client script" name="addEntries util should prepends webpack&apos;s hot-only client script" time="0.007">
    </testcase>
    <testcase classname="addEntries util should doesn&apos;t add the HMR plugin if not hot and no plugins" name="addEntries util should doesn&apos;t add the HMR plugin if not hot and no plugins" time="0.002">
    </testcase>
    <testcase classname="addEntries util should doesn&apos;t add the HMR plugin if not hot and empty plugins" name="addEntries util should doesn&apos;t add the HMR plugin if not hot and empty plugins" time="0.001">
    </testcase>
    <testcase classname="addEntries util should doesn&apos;t add the HMR plugin if not hot and some plugins" name="addEntries util should doesn&apos;t add the HMR plugin if not hot and some plugins" time="0.042">
    </testcase>
    <testcase classname="addEntries util should adds the HMR plugin if hot" name="addEntries util should adds the HMR plugin if hot" time="0.001">
    </testcase>
    <testcase classname="addEntries util should adds the HMR plugin if hot-only" name="addEntries util should adds the HMR plugin if hot-only" time="0.001">
    </testcase>
    <testcase classname="addEntries util should doesn&apos;t add the HMR plugin again if it&apos;s already there" name="addEntries util should doesn&apos;t add the HMR plugin again if it&apos;s already there" time="0.001">
    </testcase>
    <testcase classname="addEntries util should not add the HMR plugin again if it&apos;s already there from a different webpack" name="addEntries util should not add the HMR plugin again if it&apos;s already there from a different webpack" time="0">
    </testcase>
    <testcase classname="addEntries util should can prevent duplicate entries from successive calls" name="addEntries util should can prevent duplicate entries from successive calls" time="0.001">
    </testcase>
    <testcase classname="addEntries util should supports entry as Function" name="addEntries util should supports entry as Function" time="0.001">
    </testcase>
    <testcase classname="addEntries util should supports entry as descriptor" name="addEntries util should supports entry as descriptor" time="0.001">
    </testcase>
    <testcase classname="addEntries util should only prepends devServer entry points to web targets by default" name="addEntries util should only prepends devServer entry points to web targets by default" time="0.011">
    </testcase>
    <testcase classname="addEntries util should allows selecting compilations to inline the client into" name="addEntries util should allows selecting compilations to inline the client into" time="0.002">
    </testcase>
    <testcase classname="addEntries util should prepends the hot runtime to all targets by default (when hot)" name="addEntries util should prepends the hot runtime to all targets by default (when hot)" time="0.001">
    </testcase>
    <testcase classname="addEntries util should allows selecting which compilations to inject the hot runtime into" name="addEntries util should allows selecting which compilations to inject the hot runtime into" time="0.001">
    </testcase>
  </testsuite>
  <testsuite name="WebsocketServer" errors="0" failures="0" skipped="0" timestamp="2020-03-31T20:37:29" time="9.381" tests="3">
    <testcase classname="WebsocketServer should receive connection, send message, and close client" name="WebsocketServer should receive connection, send message, and close client" time="3.007">
    </testcase>
    <testcase classname="WebsocketServer should receive client close event" name="WebsocketServer should receive client close event" time="3.011">
    </testcase>
    <testcase classname="WebsocketServer should terminate a client that is not alive" name="WebsocketServer should terminate a client that is not alive" time="3.008">
    </testcase>
  </testsuite>
  <testsuite name="colors" errors="0" failures="0" skipped="0" timestamp="2020-03-31T20:37:38" time="0.193" tests="4">
    <testcase classname="colors info should disable color" name="colors info should disable color" time="0.002">
    </testcase>
    <testcase classname="colors info should enable color" name="colors info should enable color" time="0.001">
    </testcase>
    <testcase classname="colors error should disable color" name="colors error should disable color" time="0.001">
    </testcase>
    <testcase classname="colors error should enable color" name="colors error should enable color" time="0">
    </testcase>
  </testsuite>
  <testsuite name="createCertificate" errors="0" failures="0" skipped="0" timestamp="2020-03-31T20:37:38" time="0.495" tests="1">
    <testcase classname="createCertificate should have keys" name="createCertificate should have keys" time="0.327">
    </testcase>
  </testsuite>
  <testsuite name="SockJSServer" errors="0" failures="0" skipped="0" timestamp="2020-03-31T20:37:28" time="10.495" tests="3">
    <testcase classname="SockJSServer server should receive connection, send message, and close client" name="SockJSServer server should receive connection, send message, and close client" time="5.051">
    </testcase>
    <testcase classname="SockJSServer server should receive client close event" name="SockJSServer server should receive client close event" time="5.041">
    </testcase>
    <testcase classname="SockJSServer server should not throw an exception when connection is null" name="SockJSServer server should not throw an exception when connection is null" time="0.017">
    </testcase>
  </testsuite>
  <testsuite name="createConfig" errors="0" failures="0" skipped="0" timestamp="2020-03-31T20:37:39" time="1.87" tests="94">
    <testcase classname="createConfig simple" name="createConfig simple" time="0.005">
    </testcase>
    <testcase classname="createConfig bonjour option" name="createConfig bonjour option" time="0.001">
    </testcase>
    <testcase classname="createConfig bonjour option (devServer config)" name="createConfig bonjour option (devServer config)" time="0.002">
    </testcase>
    <testcase classname="createConfig host option" name="createConfig host option" time="0.001">
    </testcase>
    <testcase classname="createConfig host option (localhost)" name="createConfig host option (localhost)" time="0.002">
    </testcase>
    <testcase classname="createConfig host option (undefined)" name="createConfig host option (undefined)" time="0.001">
    </testcase>
    <testcase classname="createConfig host option (null)" name="createConfig host option (null)" time="0.001">
    </testcase>
    <testcase classname="createConfig host option (devServer config)" name="createConfig host option (devServer config)" time="0">
    </testcase>
    <testcase classname="createConfig host option (specify for CLI and devServer config)" name="createConfig host option (specify for CLI and devServer config)" time="0.001">
    </testcase>
    <testcase classname="createConfig allowedHosts option" name="createConfig allowedHosts option" time="0.001">
    </testcase>
    <testcase classname="createConfig allowedHosts option (devServer config)" name="createConfig allowedHosts option (devServer config)" time="0.002">
    </testcase>
    <testcase classname="createConfig public option" name="createConfig public option" time="0.001">
    </testcase>
    <testcase classname="createConfig public option (devServer config)" name="createConfig public option (devServer config)" time="0.001">
    </testcase>
    <testcase classname="createConfig socket option" name="createConfig socket option" time="0.001">
    </testcase>
    <testcase classname="createConfig socket option (devServer config)" name="createConfig socket option (devServer config)" time="0.001">
    </testcase>
    <testcase classname="createConfig progress option" name="createConfig progress option" time="0.001">
    </testcase>
    <testcase classname="createConfig progress option (devServer config)" name="createConfig progress option (devServer config)" time="0.001">
    </testcase>
    <testcase classname="createConfig publicPath option (not specify)" name="createConfig publicPath option (not specify)" time="0.001">
    </testcase>
    <testcase classname="createConfig publicPath option (path in devServer option)" name="createConfig publicPath option (path in devServer option)" time="0.001">
    </testcase>
    <testcase classname="createConfig publicPath option (url in devServer option)" name="createConfig publicPath option (url in devServer option)" time="0.002">
    </testcase>
    <testcase classname="createConfig publicPath option (url in output option)" name="createConfig publicPath option (url in output option)" time="0.001">
    </testcase>
    <testcase classname="createConfig publicPath option (path in output option)" name="createConfig publicPath option (path in output option)" time="0.001">
    </testcase>
    <testcase classname="createConfig publicPath option (path without starting slash in output option)" name="createConfig publicPath option (path without starting slash in output option)" time="0.001">
    </testcase>
    <testcase classname="createConfig filename option (in webpack config)" name="createConfig filename option (in webpack config)" time="0.001">
    </testcase>
    <testcase classname="createConfig filename option (in output config)" name="createConfig filename option (in output config)" time="0.002">
    </testcase>
    <testcase classname="createConfig filename option (in devServer config)" name="createConfig filename option (in devServer config)" time="0.001">
    </testcase>
    <testcase classname="createConfig watchOptions option (in output config)" name="createConfig watchOptions option (in output config)" time="0.002">
    </testcase>
    <testcase classname="createConfig watchOptions option (in devServer config)" name="createConfig watchOptions option (in devServer config)" time="0.002">
    </testcase>
    <testcase classname="createConfig hot option" name="createConfig hot option" time="0.001">
    </testcase>
    <testcase classname="createConfig hot option (in devServer config)" name="createConfig hot option (in devServer config)" time="0.001">
    </testcase>
    <testcase classname="createConfig hotOnly option" name="createConfig hotOnly option" time="0.001">
    </testcase>
    <testcase classname="createConfig hotOnly option (in devServer config)" name="createConfig hotOnly option (in devServer config)" time="0.001">
    </testcase>
    <testcase classname="createConfig clientLogLevel option" name="createConfig clientLogLevel option" time="0.001">
    </testcase>
    <testcase classname="createConfig clientLogLevel option (in devServer config)" name="createConfig clientLogLevel option (in devServer config)" time="0.001">
    </testcase>
    <testcase classname="createConfig contentBase option (string)" name="createConfig contentBase option (string)" time="0.001">
    </testcase>
    <testcase classname="createConfig contentBase option (array)" name="createConfig contentBase option (array)" time="0.001">
    </testcase>
    <testcase classname="createConfig contentBase option (boolean)" name="createConfig contentBase option (boolean)" time="0.001">
    </testcase>
    <testcase classname="createConfig contentBase option (string) (in devServer config)" name="createConfig contentBase option (string) (in devServer config)" time="0.001">
    </testcase>
    <testcase classname="createConfig watchContentBase option" name="createConfig watchContentBase option" time="0.001">
    </testcase>
    <testcase classname="createConfig watchContentBase option (in devServer config)" name="createConfig watchContentBase option (in devServer config)" time="0.001">
    </testcase>
    <testcase classname="createConfig stats option" name="createConfig stats option" time="0.001">
    </testcase>
    <testcase classname="createConfig stats option (colors)" name="createConfig stats option (colors)" time="0.016">
    </testcase>
    <testcase classname="createConfig lazy option" name="createConfig lazy option" time="0.002">
    </testcase>
    <testcase classname="createConfig lazy option (in devServer config)" name="createConfig lazy option (in devServer config)" time="0.001">
    </testcase>
    <testcase classname="createConfig info option" name="createConfig info option" time="0.001">
    </testcase>
    <testcase classname="createConfig info option (in devServer config)" name="createConfig info option (in devServer config)" time="0.001">
    </testcase>
    <testcase classname="createConfig mimeTypes option" name="createConfig mimeTypes option" time="0.002">
    </testcase>
    <testcase classname="createConfig mimeTypes option - with force" name="createConfig mimeTypes option - with force" time="0.001">
    </testcase>
    <testcase classname="createConfig quiet option" name="createConfig quiet option" time="0.001">
    </testcase>
    <testcase classname="createConfig quiet option (in devServer config)" name="createConfig quiet option (in devServer config)" time="0.002">
    </testcase>
    <testcase classname="createConfig https option" name="createConfig https option" time="0.001">
    </testcase>
    <testcase classname="createConfig https option (in devServer config)" name="createConfig https option (in devServer config)" time="0.001">
    </testcase>
    <testcase classname="createConfig http2 option" name="createConfig http2 option" time="0.001">
    </testcase>
    <testcase classname="createConfig http2 option (in devServer config)" name="createConfig http2 option (in devServer config)" time="0.001">
    </testcase>
    <testcase classname="createConfig key option" name="createConfig key option" time="0.002">
    </testcase>
    <testcase classname="createConfig key option (in devServer config)" name="createConfig key option (in devServer config)" time="0.001">
    </testcase>
    <testcase classname="createConfig cert option" name="createConfig cert option" time="0.001">
    </testcase>
    <testcase classname="createConfig cert option (in devServer config)" name="createConfig cert option (in devServer config)" time="0.018">
    </testcase>
    <testcase classname="createConfig cacert option" name="createConfig cacert option" time="0.002">
    </testcase>
    <testcase classname="createConfig cacert option (in devServer config)" name="createConfig cacert option (in devServer config)" time="0.001">
    </testcase>
    <testcase classname="createConfig pfx option" name="createConfig pfx option" time="0.002">
    </testcase>
    <testcase classname="createConfig pfx option (in devServer config)" name="createConfig pfx option (in devServer config)" time="0.002">
    </testcase>
    <testcase classname="createConfig pfxPassphrase option" name="createConfig pfxPassphrase option" time="0.002">
    </testcase>
    <testcase classname="createConfig https option (in devServer config)" name="createConfig https option (in devServer config)" time="0.002">
    </testcase>
    <testcase classname="createConfig inline option" name="createConfig inline option" time="0.002">
    </testcase>
    <testcase classname="createConfig inline option (in devServer config)" name="createConfig inline option (in devServer config)" time="0.001">
    </testcase>
    <testcase classname="createConfig historyApiFallback option" name="createConfig historyApiFallback option" time="0.002">
    </testcase>
    <testcase classname="createConfig historyApiFallback option (in devServer config)" name="createConfig historyApiFallback option (in devServer config)" time="0.002">
    </testcase>
    <testcase classname="createConfig compress option" name="createConfig compress option" time="0.002">
    </testcase>
    <testcase classname="createConfig compress option (in devServer config)" name="createConfig compress option (in devServer config)" time="0.001">
    </testcase>
    <testcase classname="createConfig disableHostCheck option" name="createConfig disableHostCheck option" time="0.002">
    </testcase>
    <testcase classname="createConfig disableHostCheck option (in devServer config)" name="createConfig disableHostCheck option (in devServer config)" time="0.002">
    </testcase>
    <testcase classname="createConfig open option (boolean)" name="createConfig open option (boolean)" time="0.002">
    </testcase>
    <testcase classname="createConfig open option (boolean) (in devServer config)" name="createConfig open option (boolean) (in devServer config)" time="0.001">
    </testcase>
    <testcase classname="createConfig open option (browser)" name="createConfig open option (browser)" time="0.001">
    </testcase>
    <testcase classname="createConfig openPage option" name="createConfig openPage option" time="0.002">
    </testcase>
    <testcase classname="createConfig openPage option (in devServer config)" name="createConfig openPage option (in devServer config)" time="0.001">
    </testcase>
    <testcase classname="createConfig openPage multiple option (in devServer config)" name="createConfig openPage multiple option (in devServer config)" time="0.001">
    </testcase>
    <testcase classname="createConfig useLocalIp option" name="createConfig useLocalIp option" time="0.002">
    </testcase>
    <testcase classname="createConfig useLocalIp option (in devServer config)" name="createConfig useLocalIp option (in devServer config)" time="0.001">
    </testcase>
    <testcase classname="createConfig port option (same)" name="createConfig port option (same)" time="0.001">
    </testcase>
    <testcase classname="createConfig port option (same) (string)" name="createConfig port option (same) (string)" time="0.002">
    </testcase>
    <testcase classname="createConfig port option (same) (null)" name="createConfig port option (same) (null)" time="0.018">
    </testcase>
    <testcase classname="createConfig port option (same) (undefined)" name="createConfig port option (same) (undefined)" time="0.002">
    </testcase>
    <testcase classname="createConfig port option (difference)" name="createConfig port option (difference)" time="0.001">
    </testcase>
    <testcase classname="createConfig use webpack stats" name="createConfig use webpack stats" time="0.003">
    </testcase>
    <testcase classname="createConfig onListening option" name="createConfig onListening option" time="0.002">
    </testcase>
    <testcase classname="createConfig overlay option" name="createConfig overlay option" time="0.001">
    </testcase>
    <testcase classname="createConfig overlay option (in devServer config)" name="createConfig overlay option (in devServer config)" time="0.002">
    </testcase>
    <testcase classname="createConfig sockHost option" name="createConfig sockHost option" time="0.001">
    </testcase>
    <testcase classname="createConfig sockPath option" name="createConfig sockPath option" time="0.002">
    </testcase>
    <testcase classname="createConfig sockPort option" name="createConfig sockPort option" time="0.002">
    </testcase>
    <testcase classname="createConfig liveReload option" name="createConfig liveReload option" time="0.002">
    </testcase>
    <testcase classname="createConfig profile option" name="createConfig profile option" time="0.001">
    </testcase>
  </testsuite>
  <testsuite name="createLogger util" errors="0" failures="0" skipped="0" timestamp="2020-03-31T20:37:41" time="0.288" tests="6">
    <testcase classname="createLogger util should create logger without options" name="createLogger util should create logger without options" time="0.002">
    </testcase>
    <testcase classname="createLogger util should create logger with logLevel option (debug)" name="createLogger util should create logger with logLevel option (debug)" time="0.003">
    </testcase>
    <testcase classname="createLogger util should create logger with logLevel option (warn)" name="createLogger util should create logger with logLevel option (warn)" time="0.002">
    </testcase>
    <testcase classname="createLogger util should create logger with noInfo option" name="createLogger util should create logger with noInfo option" time="0.003">
    </testcase>
    <testcase classname="createLogger util should create logger with quiet option" name="createLogger util should create logger with quiet option" time="0.003">
    </testcase>
    <testcase classname="createLogger util should create logger with logTime option" name="createLogger util should create logger with logTime option" time="0.002">
    </testcase>
  </testsuite>
  <testsuite name="defaultPort util" errors="0" failures="0" skipped="0" timestamp="2020-03-31T20:37:42" time="0.26" tests="1">
    <testcase classname="defaultPort util should return value" name="defaultPort util should return value" time="0.001">
    </testcase>
  </testsuite>
  <testsuite name="defaultTo util" errors="0" failures="0" skipped="0" timestamp="2020-03-31T20:37:42" time="0.247" tests="1">
    <testcase classname="defaultTo util should returns value" name="defaultTo util should returns value" time="0.004">
    </testcase>
  </testsuite>
  <testsuite name="findPort" errors="0" failures="0" skipped="6" timestamp="2020-03-31T20:37:42" time="1.473" tests="7">
    <testcase classname="findPort should returns the port when the port is specified" name="findPort should returns the port when the port is specified" time="0.001">
      <skipped/>
    </testcase>
    <testcase classname="findPort should returns the port when the port is null" name="findPort should returns the port when the port is null" time="0.043">
    </testcase>
    <testcase classname="findPort should returns the port when the port is undefined" name="findPort should returns the port when the port is undefined" time="0">
      <skipped/>
    </testcase>
    <testcase classname="findPort should retry finding the port for up to defaultPortRetry times (number)" name="findPort should retry finding the port for up to defaultPortRetry times (number)" time="0.001">
      <skipped/>
    </testcase>
    <testcase classname="findPort should retry finding the port for up to defaultPortRetry times (string)" name="findPort should retry finding the port for up to defaultPortRetry times (string)" time="0">
      <skipped/>
    </testcase>
    <testcase classname="findPort should retry finding the port when serial ports are busy" name="findPort should retry finding the port when serial ports are busy" time="0">
      <skipped/>
    </testcase>
    <testcase classname="findPort should throws the error when the port isn&apos;t found" name="findPort should throws the error when the port isn&apos;t found" time="0">
      <skipped/>
    </testcase>
  </testsuite>
  <testsuite name="getSocketClientPath" errors="0" failures="0" skipped="0" timestamp="2020-03-31T20:37:44" time="0.288" tests="5">
    <testcase classname="getSocketClientPath should work with transportMode.client: &apos;sockjs&apos;" name="getSocketClientPath should work with transportMode.client: &apos;sockjs&apos;" time="0.007">
    </testcase>
    <testcase classname="getSocketClientPath should work with transportMode.client: SockJSClient full path" name="getSocketClientPath should work with transportMode.client: SockJSClient full path" time="0.004">
    </testcase>
    <testcase classname="getSocketClientPath should throw with transportMode.client: bad path" name="getSocketClientPath should throw with transportMode.client: bad path" time="0.021">
    </testcase>
    <testcase classname="getSocketClientPath should throw with transportMode.client: bad type" name="getSocketClientPath should throw with transportMode.client: bad type" time="0.003">
    </testcase>
    <testcase classname="getSocketClientPath should throw with transportMode.client: unimplemented client" name="getSocketClientPath should throw with transportMode.client: unimplemented client" time="0.028">
    </testcase>
  </testsuite>
  <testsuite name="getSocketServerImplementation util" errors="0" failures="0" skipped="0" timestamp="2020-03-31T20:37:44" time="0.347" tests="7">
    <testcase classname="getSocketServerImplementation util should work with string transportMode.server (&apos;sockjs&apos;)" name="getSocketServerImplementation util should work with string transportMode.server (&apos;sockjs&apos;)" time="0.001">
    </testcase>
    <testcase classname="getSocketServerImplementation util should work with transportMode.server (SockJSServer class)" name="getSocketServerImplementation util should work with transportMode.server (SockJSServer class)" time="0">
    </testcase>
    <testcase classname="getSocketServerImplementation util should work with transportMode.server (SockJSServer full path)" name="getSocketServerImplementation util should work with transportMode.server (SockJSServer full path)" time="0.003">
    </testcase>
    <testcase classname="getSocketServerImplementation util should work with string transportMode.server (&apos;ws&apos;)" name="getSocketServerImplementation util should work with string transportMode.server (&apos;ws&apos;)" time="0">
    </testcase>
    <testcase classname="getSocketServerImplementation util should work with transportMode.server (WebsocketServer class)" name="getSocketServerImplementation util should work with transportMode.server (WebsocketServer class)" time="0.001">
    </testcase>
    <testcase classname="getSocketServerImplementation util should work with transportMode.server (WebsocketServer full path)" name="getSocketServerImplementation util should work with transportMode.server (WebsocketServer full path)" time="0.003">
    </testcase>
    <testcase classname="getSocketServerImplementation util should throw with transportMode.server (bad path)" name="getSocketServerImplementation util should throw with transportMode.server (bad path)" time="0.015">
    </testcase>
  </testsuite>
  <testsuite name="routes util" errors="0" failures="0" skipped="0" timestamp="2020-03-31T20:37:44" time="1.189" tests="14">
    <testcase classname="routes util should handles GET request to live bundle" name="routes util should handles GET request to live bundle" time="0.015">
    </testcase>
    <testcase classname="routes util should handles HEAD request to live bundle" name="routes util should handles HEAD request to live bundle" time="0.006">
    </testcase>
    <testcase classname="routes util should handles GET request to sockjs bundle" name="routes util should handles GET request to sockjs bundle" time="0.008">
    </testcase>
    <testcase classname="routes util should handles HEAD request to sockjs bundle" name="routes util should handles HEAD request to sockjs bundle" time="0.005">
    </testcase>
    <testcase classname="routes util should handles GET request to inline bundle" name="routes util should handles GET request to inline bundle" time="0.006">
    </testcase>
    <testcase classname="routes util should handles HEAD request to inline bundle" name="routes util should handles HEAD request to inline bundle" time="0.006">
    </testcase>
    <testcase classname="routes util should handles GET request to live html" name="routes util should handles GET request to live html" time="0.005">
    </testcase>
    <testcase classname="routes util should handles HEAD request to live html" name="routes util should handles HEAD request to live html" time="0.004">
    </testcase>
    <testcase classname="routes util should handles GET request to directory index" name="routes util should handles GET request to directory index" time="0.008">
    </testcase>
    <testcase classname="routes util should handles HEAD request to directory index" name="routes util should handles HEAD request to directory index" time="0.008">
    </testcase>
    <testcase classname="routes util should handles GET request to magic html" name="routes util should handles GET request to magic html" time="0.007">
    </testcase>
    <testcase classname="routes util should handles HEAD request to magic html" name="routes util should handles HEAD request to magic html" time="0.004">
    </testcase>
    <testcase classname="routes util should handles GET request to main chunk" name="routes util should handles GET request to main chunk" time="0.003">
    </testcase>
    <testcase classname="routes util should handles HEAD request to main chunk" name="routes util should handles HEAD request to main chunk" time="0.005">
    </testcase>
  </testsuite>
  <testsuite name="createDomain" errors="0" failures="0" skipped="0" timestamp="2020-03-31T20:37:39" time="6.893" tests="8">
    <testcase classname="createDomain test createDomain &apos;default&apos;" name="createDomain test createDomain &apos;default&apos;" time="0.999">
    </testcase>
    <testcase classname="createDomain test createDomain &apos;no host option&apos;" name="createDomain test createDomain &apos;no host option&apos;" time="0.401">
    </testcase>
    <testcase classname="createDomain test createDomain &apos;https&apos;" name="createDomain test createDomain &apos;https&apos;" time="0.414">
    </testcase>
    <testcase classname="createDomain test createDomain &apos;override with public&apos;" name="createDomain test createDomain &apos;override with public&apos;" time="0.414">
    </testcase>
    <testcase classname="createDomain test createDomain &apos;override with public (port)&apos;" name="createDomain test createDomain &apos;override with public (port)&apos;" time="0.346">
    </testcase>
    <testcase classname="createDomain test createDomain &apos;override with public (protocol)&apos;" name="createDomain test createDomain &apos;override with public (protocol)&apos;" time="0.198">
    </testcase>
    <testcase classname="createDomain test createDomain &apos;override with public (protocol + port)&apos;" name="createDomain test createDomain &apos;override with public (protocol + port)&apos;" time="0.279">
    </testcase>
    <testcase classname="createDomain test createDomain &apos;localIp&apos;" name="createDomain test createDomain &apos;localIp&apos;" time="2.302">
    </testcase>
  </testsuite>
  <testsuite name="normalizeOptions" errors="0" failures="0" skipped="0" timestamp="2020-03-31T20:37:46" time="0.615" tests="11">
    <testcase classname="normalizeOptions no options should set correct options" name="normalizeOptions no options should set correct options" time="0.003">
    </testcase>
    <testcase classname="normalizeOptions contentBase string should set correct options" name="normalizeOptions contentBase string should set correct options" time="0.001">
    </testcase>
    <testcase classname="normalizeOptions contentBase array should set correct options" name="normalizeOptions contentBase array should set correct options" time="0.002">
    </testcase>
    <testcase classname="normalizeOptions watchOptions should set correct options" name="normalizeOptions watchOptions should set correct options" time="0.001">
    </testcase>
    <testcase classname="normalizeOptions transportMode sockjs string should set correct options" name="normalizeOptions transportMode sockjs string should set correct options" time="0.001">
    </testcase>
    <testcase classname="normalizeOptions transportMode ws string should set correct options" name="normalizeOptions transportMode ws string should set correct options" time="0.002">
    </testcase>
    <testcase classname="normalizeOptions transportMode ws object should set correct options" name="normalizeOptions transportMode ws object should set correct options" time="0.002">
    </testcase>
    <testcase classname="normalizeOptions transportMode custom server path should set correct options" name="normalizeOptions transportMode custom server path should set correct options" time="0.002">
    </testcase>
    <testcase classname="normalizeOptions transportMode custom server class should set correct options" name="normalizeOptions transportMode custom server class should set correct options" time="0.002">
    </testcase>
    <testcase classname="normalizeOptions transportMode custom client path should set correct options" name="normalizeOptions transportMode custom client path should set correct options" time="0.002">
    </testcase>
    <testcase classname="normalizeOptions contentBasePublicPath string should set correct options" name="normalizeOptions contentBasePublicPath string should set correct options" time="0.001">
    </testcase>
  </testsuite>
  <testsuite name="runBonjour" errors="0" failures="0" skipped="0" timestamp="2020-03-31T20:37:47" time="0.254" tests="2">
    <testcase classname="runBonjour should call bonjour.publish" name="runBonjour should call bonjour.publish" time="0.009">
    </testcase>
    <testcase classname="runBonjour should call bonjour.publish with different name for different ports" name="runBonjour should call bonjour.publish with different name for different ports" time="0.001">
    </testcase>
  </testsuite>
  <testsuite name="runOpen util" errors="0" failures="0" skipped="0" timestamp="2020-03-31T20:37:47" time="0.412" tests="14">
    <testcase classname="runOpen util should open browser on specify URL" name="runOpen util should open browser on specify URL" time="0.003">
    </testcase>
    <testcase classname="runOpen util should open browser on specify URL with page" name="runOpen util should open browser on specify URL with page" time="0.002">
    </testcase>
    <testcase classname="runOpen util should open browser on specify URL with page inside array" name="runOpen util should open browser on specify URL with page inside array" time="0.002">
    </testcase>
    <testcase classname="runOpen util should open browser on specify URL with multiple pages inside array" name="runOpen util should open browser on specify URL with multiple pages inside array" time="0.002">
    </testcase>
    <testcase classname="runOpen util should open browser on specify URL in Google Chrome" name="runOpen util should open browser on specify URL in Google Chrome" time="0.001">
    </testcase>
    <testcase classname="runOpen util should open browser on specify URL with page in Google Chrome " name="runOpen util should open browser on specify URL with page in Google Chrome " time="0.001">
    </testcase>
    <testcase classname="runOpen util should open browser on specify absolute https URL with page in Google Chrome " name="runOpen util should open browser on specify absolute https URL with page in Google Chrome " time="0.001">
    </testcase>
    <testcase classname="runOpen util should open browser on specify absolute http URL with page in Google Chrome " name="runOpen util should open browser on specify absolute http URL with page in Google Chrome " time="0.001">
    </testcase>
    <testcase classname="runOpen util on specify multiple absolute https URLs with pages in Google Chrome " name="runOpen util on specify multiple absolute https URLs with pages in Google Chrome " time="0.001">
    </testcase>
    <testcase classname="runOpen util on specify one relative URL and one absolute URL with pages in Google Chrome " name="runOpen util on specify one relative URL and one absolute URL with pages in Google Chrome " time="0.002">
    </testcase>
    <testcase classname="runOpen util should not open browser on specify URL and log error" name="runOpen util should not open browser on specify URL and log error" time="0.003">
    </testcase>
    <testcase classname="runOpen util should not open browser on specify URL with page and log error" name="runOpen util should not open browser on specify URL with page and log error" time="0.001">
    </testcase>
    <testcase classname="runOpen util should not open browser on specify URL in Google Chrome and log error" name="runOpen util should not open browser on specify URL in Google Chrome and log error" time="0.002">
    </testcase>
    <testcase classname="runOpen util should not open browser on specify URL with page in Google Chrome and log error " name="runOpen util should not open browser on specify URL with page in Google Chrome and log error " time="0.002">
    </testcase>
  </testsuite>
  <testsuite name="setupExitSignals" errors="0" failures="0" skipped="0" timestamp="2020-03-31T20:37:47" time="5.501" tests="4">
    <testcase classname="setupExitSignals should exit process (SIGINT, server never defined)" name="setupExitSignals should exit process (SIGINT, server never defined)" time="1.013">
    </testcase>
    <testcase classname="setupExitSignals should close server, then exit process (SIGINT, server defined before signal)" name="setupExitSignals should close server, then exit process (SIGINT, server defined before signal)" time="1.513">
    </testcase>
    <testcase classname="setupExitSignals should exit process (SIGTERM, server never defined)" name="setupExitSignals should exit process (SIGTERM, server never defined)" time="1.002">
    </testcase>
    <testcase classname="setupExitSignals should close server, then exit process (SIGTERM, server defined before signal)" name="setupExitSignals should close server, then exit process (SIGTERM, server defined before signal)" time="1.504">
    </testcase>
  </testsuite>
  <testsuite name="tryParseInt util" errors="0" failures="0" skipped="0" timestamp="2020-03-31T20:37:53" time="0.191" tests="4">
    <testcase classname="tryParseInt util should parser number as number" name="tryParseInt util should parser number as number" time="0.001">
    </testcase>
    <testcase classname="tryParseInt util should parser string as number" name="tryParseInt util should parser string as number" time="0.001">
    </testcase>
    <testcase classname="tryParseInt util should parser undefined as null" name="tryParseInt util should parser undefined as null" time="0">
    </testcase>
    <testcase classname="tryParseInt util should parser NaN as null" name="tryParseInt util should parser NaN as null" time="0">
    </testcase>
  </testsuite>
  <testsuite name="updateCompiler" errors="0" failures="0" skipped="0" timestamp="2020-03-31T20:37:53" time="0.559" tests="4">
    <testcase classname="updateCompiler simple config, inline should apply plugins without HMR" name="updateCompiler simple config, inline should apply plugins without HMR" time="0.007">
    </testcase>
    <testcase classname="updateCompiler simple config, hot and inline should apply plugins" name="updateCompiler simple config, hot and inline should apply plugins" time="0.004">
    </testcase>
    <testcase classname="updateCompiler simple config with HMR already, hot and inline should apply plugins" name="updateCompiler simple config with HMR already, hot and inline should apply plugins" time="0.003">
    </testcase>
    <testcase classname="updateCompiler multi compiler config, hot and inline should apply plugins" name="updateCompiler multi compiler config, hot and inline should apply plugins" time="0.002">
    </testcase>
  </testsuite>
  <testsuite name="Client iframe console.log" errors="0" failures="0" skipped="0" timestamp="2020-03-31T20:37:30" time="26.53" tests="5">
    <testcase classname="Client iframe console.log hot disabled" name="Client iframe console.log hot disabled" time="5.375">
    </testcase>
    <testcase classname="Client iframe console.log hot enabled" name="Client iframe console.log hot enabled" time="5.287">
    </testcase>
    <testcase classname="Client iframe console.log liveReload disabled" name="Client iframe console.log liveReload disabled" time="5.349">
    </testcase>
    <testcase classname="Client iframe console.log liveReload enabled" name="Client iframe console.log liveReload enabled" time="5.135">
    </testcase>
    <testcase classname="Client iframe console.log clientLogLevel is silent" name="Client iframe console.log clientLogLevel is silent" time="4.282">
    </testcase>
  </testsuite>
  <testsuite name="Client code" errors="0" failures="7" skipped="0" timestamp="2020-03-31T20:37:46" time="35.268" tests="12">
    <testcase classname="Client code behind a proxy responds with a 200 on proxy port" name="Client code behind a proxy responds with a 200 on proxy port" time="2.317">
      <failure>TypeError: httpProxy is not a function
    at httpProxy (C:\Users\user\Workspace\webpack-dev-server\test\e2e\ClientOptions.test.js:17:7)
    at Object.startProxy (C:\Users\user\Workspace\webpack-dev-server\test\e2e\ClientOptions.test.js:49:15)
    at C:\Users\user\Workspace\webpack-dev-server\node_modules\jest-jasmine2\build\queueRunner.js:45:12
    at new Promise (&lt;anonymous&gt;)
    at mapper (C:\Users\user\Workspace\webpack-dev-server\node_modules\jest-jasmine2\build\queueRunner.js:28:19)
    at C:\Users\user\Workspace\webpack-dev-server\node_modules\jest-jasmine2\build\queueRunner.js:75:41
    at runMicrotasks (&lt;anonymous&gt;)
    at processTicksAndRejections (internal/process/task_queues.js:93:5)</failure>
      <failure>Error: connect ECONNREFUSED 127.0.0.1:8096
    at TCPConnectWrap.afterConnect [as oncomplete] (net.js:1129:14)</failure>
    </testcase>
    <testcase classname="Client code behind a proxy responds with a 200 on non-proxy port" name="Client code behind a proxy responds with a 200 on non-proxy port" time="0.004">
      <failure>TypeError: httpProxy is not a function
    at httpProxy (C:\Users\user\Workspace\webpack-dev-server\test\e2e\ClientOptions.test.js:17:7)
    at Object.startProxy (C:\Users\user\Workspace\webpack-dev-server\test\e2e\ClientOptions.test.js:49:15)
    at C:\Users\user\Workspace\webpack-dev-server\node_modules\jest-jasmine2\build\queueRunner.js:45:12
    at new Promise (&lt;anonymous&gt;)
    at mapper (C:\Users\user\Workspace\webpack-dev-server\node_modules\jest-jasmine2\build\queueRunner.js:28:19)
    at C:\Users\user\Workspace\webpack-dev-server\node_modules\jest-jasmine2\build\queueRunner.js:75:41
    at runMicrotasks (&lt;anonymous&gt;)
    at processTicksAndRejections (internal/process/task_queues.js:93:5)</failure>
    </testcase>
    <testcase classname="Client code behind a proxy requests websocket through the proxy with proper port number" name="Client code behind a proxy requests websocket through the proxy with proper port number" time="4.669">
      <failure>TypeError: httpProxy is not a function
    at httpProxy (C:\Users\user\Workspace\webpack-dev-server\test\e2e\ClientOptions.test.js:17:7)
    at Object.startProxy (C:\Users\user\Workspace\webpack-dev-server\test\e2e\ClientOptions.test.js:49:15)
    at C:\Users\user\Workspace\webpack-dev-server\node_modules\jest-jasmine2\build\queueRunner.js:45:12
    at new Promise (&lt;anonymous&gt;)
    at mapper (C:\Users\user\Workspace\webpack-dev-server\node_modules\jest-jasmine2\build\queueRunner.js:28:19)
    at C:\Users\user\Workspace\webpack-dev-server\node_modules\jest-jasmine2\build\queueRunner.js:75:41
    at runMicrotasks (&lt;anonymous&gt;)
    at processTicksAndRejections (internal/process/task_queues.js:93:5)</failure>
      <failure>Error: net::ERR_CONNECTION_REFUSED at http://localhost:8096/main
    at navigate (C:\Users\user\Workspace\webpack-dev-server\node_modules\puppeteer\lib\FrameManager.js:150:37)
    at runMicrotasks (&lt;anonymous&gt;)
    at processTicksAndRejections (internal/process/task_queues.js:93:5)
    at FrameManager.navigateFrame (C:\Users\user\Workspace\webpack-dev-server\node_modules\puppeteer\lib\FrameManager.js:125:17)
    at Frame.goto (C:\Users\user\Workspace\webpack-dev-server\node_modules\puppeteer\lib\FrameManager.js:466:12)
    at Page.goto (C:\Users\user\Workspace\webpack-dev-server\node_modules\puppeteer\lib\Page.js:808:12)
  -- ASYNC --
    at Frame.&lt;anonymous&gt; (C:\Users\user\Workspace\webpack-dev-server\node_modules\puppeteer\lib\helper.js:129:15)
    at Page.goto (C:\Users\user\Workspace\webpack-dev-server\node_modules\puppeteer\lib\Page.js:808:49)
    at Page.&lt;anonymous&gt; (C:\Users\user\Workspace\webpack-dev-server\node_modules\puppeteer\lib\helper.js:130:23)
    at C:\Users\user\Workspace\webpack-dev-server\test\e2e\ClientOptions.test.js:82:9
    at runMicrotasks (&lt;anonymous&gt;)
    at processTicksAndRejections (internal/process/task_queues.js:93:5)</failure>
    </testcase>
    <testcase classname="Client complex inline script path browser client uses the correct public hostname and sockPath" name="Client complex inline script path browser client uses the correct public hostname and sockPath" time="4.341">
    </testcase>
    <testcase classname="Client complex inline script path with sockPort browser client uses the correct sockPort" name="Client complex inline script path with sockPort browser client uses the correct sockPort" time="4.343">
    </testcase>
    <testcase classname="Client complex inline script path with sockPort, no sockPath browser client uses the correct sockPort and sockPath" name="Client complex inline script path with sockPort, no sockPath browser client uses the correct sockPort and sockPath" time="4.224">
    </testcase>
    <testcase classname="Client complex inline script path with sockHost browser client uses the correct sockHost" name="Client complex inline script path with sockHost browser client uses the correct sockHost" time="4.262">
    </testcase>
    <testcase classname="Client console.log hot disabled" name="Client console.log hot disabled" time="4.625">
    </testcase>
    <testcase classname="Client console.log hot enabled" name="Client console.log hot enabled" time="2.717">
      <failure>TimeoutError: Timeout exceeded while waiting for event
    at C:\Users\user\Workspace\webpack-dev-server\node_modules\puppeteer\lib\helper.js:227:24
    at Timeout.callback (C:\Users\user\Workspace\webpack-dev-server\node_modules\jsdom\lib\jsdom\browser\Window.js:643:19)
    at listOnTimeout (internal/timers.js:531:17)
    at processTimers (internal/timers.js:475:7)
  -- ASYNC --
    at Page.&lt;anonymous&gt; (C:\Users\user\Workspace\webpack-dev-server\node_modules\puppeteer\lib\helper.js:129:15)
    at waitForRequest (C:\Users\user\Workspace\webpack-dev-server\test\e2e\ClientOptions.test.js:71:12)
    at runMicrotasks (&lt;anonymous&gt;)
    at processTicksAndRejections (internal/process/task_queues.js:93:5)</failure>
    </testcase>
    <testcase classname="Client console.log liveReload disabled" name="Client console.log liveReload disabled" time="0.019">
      <failure>Error: listen EADDRINUSE: address already in use 0.0.0.0:8096
    at Server.setupListenHandle [as _listen2] (net.js:1301:14)
    at listenInCluster (net.js:1349:12)
    at doListen (net.js:1488:7)
    at processTicksAndRejections (internal/process/task_queues.js:81:21)</failure>
    </testcase>
    <testcase classname="Client console.log liveReload enabled" name="Client console.log liveReload enabled" time="0.042">
      <failure>Error: listen EADDRINUSE: address already in use 0.0.0.0:8096
    at Server.setupListenHandle [as _listen2] (net.js:1301:14)
    at listenInCluster (net.js:1349:12)
    at doListen (net.js:1488:7)
    at processTicksAndRejections (internal/process/task_queues.js:81:21)</failure>
    </testcase>
    <testcase classname="Client console.log clientLogLevel is silent" name="Client console.log clientLogLevel is silent" time="0.025">
      <failure>Error: listen EADDRINUSE: address already in use 0.0.0.0:8096
    at Server.setupListenHandle [as _listen2] (net.js:1301:14)
    at listenInCluster (net.js:1349:12)
    at doListen (net.js:1488:7)
    at processTicksAndRejections (internal/process/task_queues.js:81:21)</failure>
    </testcase>
  </testsuite>
</testsuites>